TN:
SF:/Users/elmersha/Desktop/SimpleNavigator-v1.0/src/conteiners/s21_list.h
FN:19,24,_ZN3s214ListIiE4NodeIiEC1EiPS3_S4_
FN:218,222,_ZN3s214ListIiEC1Ev
FN:252,255,_ZN3s214ListIiED1Ev
FN:299,301,_ZN3s214ListIiE5frontEv
FN:303,305,_ZN3s214ListIiE4backEv
FN:315,317,_ZN3s214ListIiE5emptyEv
FN:319,321,_ZN3s214ListIiE4sizeEv
FN:327,329,_ZN3s214ListIiE5clearEv
FN:331,343,_ZN3s214ListIiE9push_backERKi
FN:361,375,_ZN3s214ListIiE8pop_backEv
FN:377,390,_ZN3s214ListIiE9pop_frontEv
FNDA:789,_ZN3s214ListIiE4NodeIiEC1EiPS3_S4_
FNDA:34,_ZN3s214ListIiEC1Ev
FNDA:34,_ZN3s214ListIiED1Ev
FNDA:423,_ZN3s214ListIiE5frontEv
FNDA:332,_ZN3s214ListIiE4backEv
FNDA:789,_ZN3s214ListIiE5emptyEv
FNDA:789,_ZN3s214ListIiE4sizeEv
FNDA:34,_ZN3s214ListIiE5clearEv
FNDA:755,_ZN3s214ListIiE9push_backERKi
FNDA:332,_ZN3s214ListIiE8pop_backEv
FNDA:423,_ZN3s214ListIiE9pop_frontEv
FNF:11
FNH:11
DA:19,789
DA:21,789
DA:22,789
DA:23,789
DA:24,789
DA:218,34
DA:219,34
DA:220,34
DA:221,34
DA:222,34
DA:252,34
DA:253,34
DA:254,34
DA:255,34
DA:299,423
DA:300,423
DA:303,332
DA:304,332
DA:315,789
DA:316,789
DA:319,789
DA:320,789
DA:327,34
DA:328,34
DA:329,34
DA:331,755
DA:332,755
DA:333,755
DA:334,755
DA:335,675
DA:336,675
DA:338,755
DA:339,755
DA:340,80
DA:342,755
DA:343,755
DA:361,332
DA:362,332
DA:363,332
DA:364,0
DA:365,332
DA:366,49
DA:367,49
DA:369,332
DA:370,283
DA:371,283
DA:373,332
DA:374,332
DA:377,423
DA:379,423
DA:380,423
DA:381,423
DA:382,423
DA:384,0
DA:386,423
DA:387,423
DA:388,423
LF:57
LH:55
end_of_record
TN:
SF:/Users/elmersha/Desktop/SimpleNavigator-v1.0/src/conteiners/s21_queue.h
FN:22,22,_ZN3s215QueueIiNS_4ListIiEEEC1Ev
FN:26,26,_ZN3s215QueueIiNS_4ListIiEEED1Ev
FN:37,37,_ZN3s215QueueIiNS_4ListIiEEE5frontEv
FN:40,40,_ZN3s215QueueIiNS_4ListIiEEE5emptyEv
FN:43,43,_ZN3s215QueueIiNS_4ListIiEEE4pushERKi
FN:44,44,_ZN3s215QueueIiNS_4ListIiEEE3popEv
FNDA:13,_ZN3s215QueueIiNS_4ListIiEEEC1Ev
FNDA:13,_ZN3s215QueueIiNS_4ListIiEEED1Ev
FNDA:423,_ZN3s215QueueIiNS_4ListIiEEE5frontEv
FNDA:436,_ZN3s215QueueIiNS_4ListIiEEE5emptyEv
FNDA:423,_ZN3s215QueueIiNS_4ListIiEEE4pushERKi
FNDA:423,_ZN3s215QueueIiNS_4ListIiEEE3popEv
FNF:6
FNH:6
DA:22,13
DA:26,13
DA:37,423
DA:40,436
DA:43,423
DA:44,423
LF:6
LH:6
end_of_record
TN:
SF:/Users/elmersha/Desktop/SimpleNavigator-v1.0/src/conteiners/s21_stack.h
FN:22,22,_ZN3s215StackIiNS_4ListIiEEEC1Ev
FN:26,26,_ZN3s215StackIiNS_4ListIiEEED1Ev
FN:36,36,_ZN3s215StackIiNS_4ListIiEEE3topEv
FN:38,38,_ZN3s215StackIiNS_4ListIiEEE5emptyEv
FN:41,41,_ZN3s215StackIiNS_4ListIiEEE4pushERKi
FN:42,42,_ZN3s215StackIiNS_4ListIiEEE3popEv
FNDA:21,_ZN3s215StackIiNS_4ListIiEEEC1Ev
FNDA:21,_ZN3s215StackIiNS_4ListIiEEED1Ev
FNDA:332,_ZN3s215StackIiNS_4ListIiEEE3topEv
FNDA:353,_ZN3s215StackIiNS_4ListIiEEE5emptyEv
FNDA:332,_ZN3s215StackIiNS_4ListIiEEE4pushERKi
FNDA:332,_ZN3s215StackIiNS_4ListIiEEE3popEv
FNF:6
FNH:6
DA:22,21
DA:26,21
DA:36,332
DA:38,353
DA:41,332
DA:42,332
LF:6
LH:6
end_of_record
TN:
SF:/Users/elmersha/Desktop/SimpleNavigator-v1.0/src/s21_algorithms/s21_graph_algorithms.cc
FN:114,122,_ZN3s2115GraphAlgorithms12CheckVisitedESt6vectorIiSaIiEEi
FN:172,224,_ZN3s2115GraphAlgorithms30GetShortestPathBetweenVerticesERNS_9s21_GraphEii
FN:244,290,_ZN3s2115GraphAlgorithms34GetShortestPathsBetweenAllVerticesERNS_9s21_GraphE
FN:25,53,_ZN3s2115GraphAlgorithms16DepthFirstSearchERNS_9s21_GraphEi
FN:292,346,_ZN3s2115GraphAlgorithms29SolveTravelingSalesmanProblemERNS_9s21_GraphE
FN:348,378,_ZN3s2115GraphAlgorithms23CreateProbabilityMatrixERSt6vectorIS1_IdSaIdEESaIS3_EES5_S1_IS1_IiSaIiEESaIS8_EE
FN:380,385,_ZNK3s2115GraphAlgorithms13Vertex_randomEii
FN:403,421,_ZN3s2115GraphAlgorithms26RecalculatePheramoneMatrixERSt6vectorIS1_IdSaIdEESaIS3_EEi
FN:428,439,_ZN3s2115GraphAlgorithms29PrintResultOfDepthFirstSearchESt6vectorIiSaIiEE
FN:468,509,_ZN3s2115GraphAlgorithms20GetLeastSpanningTreeERNS_9s21_GraphE
FN:517,524,_ZN3s2115GraphAlgorithms12IsAllVisitedESt6vectorIbSaIbEE
FN:530,544,_ZN3s2115GraphAlgorithms19ConvertToUndirectedESt6vectorIS1_IiSaIiEESaIS3_EE
FN:551,565,_ZN3s2115GraphAlgorithms16GetMinCoordinatsESt6vectorIS1_IiSaIiEESaIS3_EE
FN:571,580,_ZN3s2115GraphAlgorithms13GetGraphWeigtESt6vectorIS1_IiSaIiEESaIS3_EE
FN:583,593,_ZN3s2115GraphAlgorithms20PrintAdjacencyMatrixESt6vectorIS1_IiSaIiEESaIS3_EE
FN:73,105,_ZN3s2115GraphAlgorithms18BreadthFirstSearchERNS_9s21_GraphEi
FNDA:2735,_ZN3s2115GraphAlgorithms12CheckVisitedESt6vectorIiSaIiEEi
FNDA:18,_ZN3s2115GraphAlgorithms30GetShortestPathBetweenVerticesERNS_9s21_GraphEii
FNDA:6,_ZN3s2115GraphAlgorithms34GetShortestPathsBetweenAllVerticesERNS_9s21_GraphE
FNDA:25,_ZN3s2115GraphAlgorithms16DepthFirstSearchERNS_9s21_GraphEi
FNDA:0,_ZN3s2115GraphAlgorithms29SolveTravelingSalesmanProblemERNS_9s21_GraphE
FNDA:0,_ZN3s2115GraphAlgorithms23CreateProbabilityMatrixERSt6vectorIS1_IdSaIdEESaIS3_EES5_S1_IS1_IiSaIiEESaIS8_EE
FNDA:0,_ZNK3s2115GraphAlgorithms13Vertex_randomEii
FNDA:0,_ZN3s2115GraphAlgorithms26RecalculatePheramoneMatrixERSt6vectorIS1_IdSaIdEESaIS3_EEi
FNDA:0,_ZN3s2115GraphAlgorithms29PrintResultOfDepthFirstSearchESt6vectorIiSaIiEE
FNDA:4,_ZN3s2115GraphAlgorithms20GetLeastSpanningTreeERNS_9s21_GraphE
FNDA:37,_ZN3s2115GraphAlgorithms12IsAllVisitedESt6vectorIbSaIbEE
FNDA:4,_ZN3s2115GraphAlgorithms19ConvertToUndirectedESt6vectorIS1_IiSaIiEESaIS3_EE
FNDA:46,_ZN3s2115GraphAlgorithms16GetMinCoordinatsESt6vectorIS1_IiSaIiEESaIS3_EE
FNDA:29,_ZN3s2115GraphAlgorithms13GetGraphWeigtESt6vectorIS1_IiSaIiEESaIS3_EE
FNDA:0,_ZN3s2115GraphAlgorithms20PrintAdjacencyMatrixESt6vectorIS1_IiSaIiEESaIS3_EE
FNDA:18,_ZN3s2115GraphAlgorithms18BreadthFirstSearchERNS_9s21_GraphEi
FNF:16
FNH:10
DA:25,25
DA:27,25
DA:28,4
DA:30,21
DA:31,42
DA:32,42
DA:34,21
DA:36,353
DA:37,332
DA:38,332
DA:39,332
DA:40,119
DA:43,426
DA:44,213
DA:46,777
DA:47,564
DA:48,311
DA:52,42
DA:73,18
DA:75,18
DA:76,5
DA:80,13
DA:81,26
DA:82,26
DA:84,13
DA:85,436
DA:87,423
DA:88,423
DA:89,423
DA:90,168
DA:93,1839
DA:95,1416
DA:97,1416
DA:98,410
DA:103,13
DA:104,26
DA:114,2735
DA:116,50821
DA:117,49719
DA:118,1633
DA:121,1102
DA:172,18
DA:175,18
DA:176,18
DA:178,2
DA:181,32
DA:190,16
DA:191,16
DA:193,32
DA:194,16
DA:195,32
DA:197,18
DA:198,16
DA:200,466
DA:202,450
DA:203,450
DA:204,450
DA:206,450
DA:208,15769
DA:209,15411
DA:210,15411
DA:211,434
DA:212,434
DA:217,16
DA:218,2
DA:223,28
DA:244,6
DA:247,6
DA:250,6
DA:251,102
DA:252,3232
DA:253,141110
DA:254,137974
DA:255,3046
DA:256,2774
DA:260,260898
DA:261,125970
DA:262,84548
DA:263,71216
DA:264,142432
DA:265,213648
DA:282,96
DA:283,3136
DA:284,3046
DA:285,151
DA:289,6
DA:292,0
DA:295,0
DA:299,0
DA:302,0
DA:306,0
DA:310,0
DA:315,0
DA:320,0
DA:325,0
DA:338,0
DA:345,0
DA:348,0
DA:353,0
DA:354,0
DA:357,0
DA:359,0
DA:360,0
DA:362,0
DA:363,0
DA:364,0
DA:365,0
DA:368,0
DA:369,0
DA:370,0
DA:371,0
DA:373,0
DA:374,0
DA:378,0
DA:380,0
DA:381,0
DA:382,0
DA:383,0
DA:384,0
DA:403,0
DA:406,0
DA:407,0
DA:410,0
DA:412,0
DA:414,0
DA:416,0
DA:417,0
DA:418,0
DA:421,0
DA:428,0
DA:430,0
DA:431,0
DA:432,0
DA:434,0
DA:436,0
DA:439,0
DA:468,4
DA:470,8
DA:471,4
DA:472,8
DA:473,4
DA:474,12
DA:475,4
DA:476,16
DA:478,4
DA:479,4
DA:480,37
DA:481,285
DA:483,252
DA:484,1263
DA:485,1122
DA:486,110
DA:491,33
DA:493,33
DA:494,13
DA:495,13
DA:498,33
DA:499,25
DA:500,25
DA:501,25
DA:502,25
DA:503,25
DA:505,25
DA:508,8
DA:517,37
DA:518,185
DA:519,181
DA:520,33
DA:523,4
DA:530,4
DA:532,4
DA:533,8
DA:534,33
DA:535,252
DA:536,223
DA:537,73
DA:538,73
DA:543,4
DA:551,46
DA:553,46
DA:554,395
DA:555,3152
DA:556,2803
DA:557,75
DA:558,75
DA:559,75
DA:563,46
DA:564,46
DA:571,29
DA:572,29
DA:573,252
DA:574,2034
DA:575,1811
DA:579,29
DA:583,0
DA:585,0
DA:586,0
DA:587,0
DA:588,0
DA:589,0
DA:591,0
DA:593,0
LF:202
LH:144
end_of_record
TN:
SF:/Users/elmersha/Desktop/SimpleNavigator-v1.0/src/s21_graph/s21_graph.cc
FN:14,17,_ZN3s219s21_Graph18getAdjacencyMatrixEv
FN:156,196,_ZN3s219s21_Graph9checkFileERKNSt7__cxx1112basic_stringIcSt11char_traitsIcESaIcEEE
FN:204,233,_ZN3s219s21_Graph17LoadGraphFromFileENSt7__cxx1112basic_stringIcSt11char_traitsIcESaIcEEE
FN:25,36,_ZN3s219s21_Graph12getEdgesListEv
FN:272,302,_ZN3s219s21_Graph8FindPathERS0_i
FN:304,314,_ZN3s219s21_Graph20MakeMatrixUndirectedERS0_
FN:316,327,_ZN3s219s21_Graph11IsDerrectedESt6vectorIS1_IiSaIiEESaIS3_EE
FN:330,347,_ZN3s219s21_Graph16IsGraphConnectedERS0_NSt7__cxx1112basic_stringIcSt11char_traitsIcESaIcEEE
FN:40,40,_ZN3s219s21_Graph14get_graph_sizeEv
FN:51,65,_ZN3s219s21_Graph16getAdjacencyListEv
FN:572,590,_ZN3s219s21_Graph16ExportGraphToDotENSt7__cxx1112basic_stringIcSt11char_traitsIcESaIcEEE
FNDA:26,_ZN3s219s21_Graph18getAdjacencyMatrixEv
FNDA:46,_ZN3s219s21_Graph9checkFileERKNSt7__cxx1112basic_stringIcSt11char_traitsIcESaIcEEE
FNDA:46,_ZN3s219s21_Graph17LoadGraphFromFileENSt7__cxx1112basic_stringIcSt11char_traitsIcESaIcEEE
FNDA:1,_ZN3s219s21_Graph12getEdgesListEv
FNDA:3,_ZN3s219s21_Graph8FindPathERS0_i
FNDA:1,_ZN3s219s21_Graph20MakeMatrixUndirectedERS0_
FNDA:3,_ZN3s219s21_Graph11IsDerrectedESt6vectorIS1_IiSaIiEESaIS3_EE
FNDA:3,_ZN3s219s21_Graph16IsGraphConnectedERS0_NSt7__cxx1112basic_stringIcSt11char_traitsIcESaIcEEE
FNDA:1635,_ZN3s219s21_Graph14get_graph_sizeEv
FNDA:37,_ZN3s219s21_Graph16getAdjacencyListEv
FNDA:3,_ZN3s219s21_Graph16ExportGraphToDotENSt7__cxx1112basic_stringIcSt11char_traitsIcESaIcEEE
FNF:11
FNH:11
DA:14,26
DA:15,26
DA:16,26
DA:25,1
DA:26,4
DA:27,12
DA:29,9
DA:31,6
DA:35,1
DA:40,1635
DA:51,37
DA:53,37
DA:54,459
DA:56,9284
DA:58,8862
DA:59,1125
DA:64,37
DA:156,46
DA:157,92
DA:158,46
DA:160,0
DA:163,46
DA:164,46
DA:165,1
DA:171,90
DA:173,45
DA:174,45
DA:175,15615
DA:177,15570
DA:178,544
DA:180,15570
DA:181,15570
DA:182,15570
DA:183,542
DA:184,542
DA:187,45
DA:188,2
DA:194,43
DA:195,43
DA:204,46
DA:205,46
DA:206,46
DA:207,1
DA:208,1
DA:210,45
DA:211,2
DA:213,45
DA:215,45
DA:216,44
DA:217,88
DA:219,588
DA:220,16116
DA:222,15572
DA:223,15572
DA:226,44
DA:272,3
DA:277,3
DA:278,6
DA:279,6
DA:281,3
DA:283,24
DA:284,21
DA:285,21
DA:287,21
DA:288,5
DA:291,16
DA:293,32
DA:294,47
DA:295,31
DA:296,31
DA:297,18
DA:301,6
DA:304,1
DA:306,5
DA:307,20
DA:308,16
DA:314,1
DA:316,3
DA:318,13
DA:319,62
DA:320,52
DA:321,1
DA:326,2
DA:330,3
DA:331,3
DA:332,2
DA:333,2
DA:334,1
DA:335,1
DA:336,1
DA:338,1
DA:339,1
DA:340,1
DA:341,1
DA:342,1
DA:343,1
DA:344,0
DA:346,1
DA:572,3
DA:573,3
DA:574,3
DA:575,1
DA:576,1
DA:579,2
DA:580,5
DA:581,12
DA:582,9
DA:583,6
DA:587,2
DA:589,2
LF:110
LH:108
end_of_record
TN:
SF:/Users/elmersha/Desktop/SimpleNavigator-v1.0/src/s21_graph/s21_graph.h
FN:17,17,_ZN3s219s21_GraphC1Ev
FN:19,19,_ZN3s219s21_GraphD1Ev
FNDA:47,_ZN3s219s21_GraphC1Ev
FNDA:47,_ZN3s219s21_GraphD1Ev
FNF:2
FNH:2
DA:17,47
DA:19,47
LF:2
LH:2
end_of_record
TN:
SF:/Users/elmersha/Desktop/SimpleNavigator-v1.0/src/tests/bfs_tests.cc
FN:109,109,_ZN3s2167GraphAlgorithmsTest_test_BFS_directed_graph_21_check_big_graph_Test8TestBodyEv
FN:109,109,_ZN3s2167GraphAlgorithmsTest_test_BFS_directed_graph_21_check_big_graph_TestC1Ev
FN:109,109,_ZN3s2167GraphAlgorithmsTest_test_BFS_directed_graph_21_check_big_graph_TestD0Ev
FN:109,109,_ZN3s2167GraphAlgorithmsTest_test_BFS_directed_graph_21_check_big_graph_TestD1Ev
FN:139,139,_ZN3s2161GraphAlgorithmsTest_test_BFS_weighted_graph_9_check_vert_Test8TestBodyEv
FN:139,139,_ZN3s2161GraphAlgorithmsTest_test_BFS_weighted_graph_9_check_vert_TestC1Ev
FN:139,139,_ZN3s2161GraphAlgorithmsTest_test_BFS_weighted_graph_9_check_vert_TestD0Ev
FN:139,139,_ZN3s2161GraphAlgorithmsTest_test_BFS_weighted_graph_9_check_vert_TestD1Ev
FN:172,172,_ZN3s2148GraphAlgorithmsTest_test_BFS_very_big_graph_Test8TestBodyEv
FN:172,172,_ZN3s2148GraphAlgorithmsTest_test_BFS_very_big_graph_TestC1Ev
FN:172,172,_ZN3s2148GraphAlgorithmsTest_test_BFS_very_big_graph_TestD0Ev
FN:172,172,_ZN3s2148GraphAlgorithmsTest_test_BFS_very_big_graph_TestD1Ev
FN:4,4,_ZN3s2173GraphAlgorithmsTest_test_BFS_simple_graph_3_check_all_vert_and_throw_Test8TestBodyEv
FN:4,4,_ZN3s2173GraphAlgorithmsTest_test_BFS_simple_graph_3_check_all_vert_and_throw_TestC1Ev
FN:4,4,_ZN3s2173GraphAlgorithmsTest_test_BFS_simple_graph_3_check_all_vert_and_throw_TestD0Ev
FN:4,4,_ZN3s2173GraphAlgorithmsTest_test_BFS_simple_graph_3_check_all_vert_and_throw_TestD1Ev
FN:49,49,_ZN3s2171GraphAlgorithmsTest_test_BFS_simple_graph_13_check_verts_and_throw_Test8TestBodyEv
FN:49,49,_ZN3s2171GraphAlgorithmsTest_test_BFS_simple_graph_13_check_verts_and_throw_TestC1Ev
FN:49,49,_ZN3s2171GraphAlgorithmsTest_test_BFS_simple_graph_13_check_verts_and_throw_TestD0Ev
FN:49,49,_ZN3s2171GraphAlgorithmsTest_test_BFS_simple_graph_13_check_verts_and_throw_TestD1Ev
FN:84,84,_ZN3s2161GraphAlgorithmsTest_test_BFS_directed_graph_8_check_vert_Test8TestBodyEv
FN:84,84,_ZN3s2161GraphAlgorithmsTest_test_BFS_directed_graph_8_check_vert_TestC1Ev
FN:84,84,_ZN3s2161GraphAlgorithmsTest_test_BFS_directed_graph_8_check_vert_TestD0Ev
FN:84,84,_ZN3s2161GraphAlgorithmsTest_test_BFS_directed_graph_8_check_vert_TestD1Ev
FNDA:1,_ZN3s2167GraphAlgorithmsTest_test_BFS_directed_graph_21_check_big_graph_Test8TestBodyEv
FNDA:1,_ZN3s2167GraphAlgorithmsTest_test_BFS_directed_graph_21_check_big_graph_TestC1Ev
FNDA:1,_ZN3s2167GraphAlgorithmsTest_test_BFS_directed_graph_21_check_big_graph_TestD0Ev
FNDA:1,_ZN3s2167GraphAlgorithmsTest_test_BFS_directed_graph_21_check_big_graph_TestD1Ev
FNDA:1,_ZN3s2161GraphAlgorithmsTest_test_BFS_weighted_graph_9_check_vert_Test8TestBodyEv
FNDA:1,_ZN3s2161GraphAlgorithmsTest_test_BFS_weighted_graph_9_check_vert_TestC1Ev
FNDA:1,_ZN3s2161GraphAlgorithmsTest_test_BFS_weighted_graph_9_check_vert_TestD0Ev
FNDA:1,_ZN3s2161GraphAlgorithmsTest_test_BFS_weighted_graph_9_check_vert_TestD1Ev
FNDA:1,_ZN3s2148GraphAlgorithmsTest_test_BFS_very_big_graph_Test8TestBodyEv
FNDA:1,_ZN3s2148GraphAlgorithmsTest_test_BFS_very_big_graph_TestC1Ev
FNDA:1,_ZN3s2148GraphAlgorithmsTest_test_BFS_very_big_graph_TestD0Ev
FNDA:1,_ZN3s2148GraphAlgorithmsTest_test_BFS_very_big_graph_TestD1Ev
FNDA:1,_ZN3s2173GraphAlgorithmsTest_test_BFS_simple_graph_3_check_all_vert_and_throw_Test8TestBodyEv
FNDA:1,_ZN3s2173GraphAlgorithmsTest_test_BFS_simple_graph_3_check_all_vert_and_throw_TestC1Ev
FNDA:1,_ZN3s2173GraphAlgorithmsTest_test_BFS_simple_graph_3_check_all_vert_and_throw_TestD0Ev
FNDA:1,_ZN3s2173GraphAlgorithmsTest_test_BFS_simple_graph_3_check_all_vert_and_throw_TestD1Ev
FNDA:1,_ZN3s2171GraphAlgorithmsTest_test_BFS_simple_graph_13_check_verts_and_throw_Test8TestBodyEv
FNDA:1,_ZN3s2171GraphAlgorithmsTest_test_BFS_simple_graph_13_check_verts_and_throw_TestC1Ev
FNDA:1,_ZN3s2171GraphAlgorithmsTest_test_BFS_simple_graph_13_check_verts_and_throw_TestD0Ev
FNDA:1,_ZN3s2171GraphAlgorithmsTest_test_BFS_simple_graph_13_check_verts_and_throw_TestD1Ev
FNDA:1,_ZN3s2161GraphAlgorithmsTest_test_BFS_directed_graph_8_check_vert_Test8TestBodyEv
FNDA:1,_ZN3s2161GraphAlgorithmsTest_test_BFS_directed_graph_8_check_vert_TestC1Ev
FNDA:1,_ZN3s2161GraphAlgorithmsTest_test_BFS_directed_graph_8_check_vert_TestD0Ev
FNDA:1,_ZN3s2161GraphAlgorithmsTest_test_BFS_directed_graph_8_check_vert_TestD1Ev
FNF:24
FNH:24
DA:4,4
DA:5,1
DA:6,1
DA:7,1
DA:8,1
DA:9,1
DA:10,1
DA:11,1
DA:12,1
DA:13,1
DA:14,4
DA:15,3
DA:18,1
DA:19,1
DA:20,1
DA:21,1
DA:22,1
DA:23,4
DA:24,3
DA:27,1
DA:28,1
DA:29,1
DA:30,1
DA:31,1
DA:32,4
DA:33,3
DA:36,1
DA:37,1
DA:38,1
DA:40,1
DA:41,1
DA:42,1
DA:44,1
DA:45,1
DA:46,1
DA:49,4
DA:50,1
DA:51,1
DA:52,1
DA:53,1
DA:55,1
DA:56,1
DA:57,1
DA:58,1
DA:59,1
DA:61,14
DA:62,13
DA:65,1
DA:66,1
DA:67,1
DA:68,1
DA:69,1
DA:71,14
DA:72,13
DA:75,1
DA:76,1
DA:77,1
DA:79,1
DA:80,1
DA:81,1
DA:84,4
DA:85,1
DA:86,1
DA:87,1
DA:88,1
DA:89,1
DA:90,1
DA:91,1
DA:92,1
DA:94,1
DA:95,9
DA:96,8
DA:99,1
DA:100,1
DA:101,1
DA:102,1
DA:103,1
DA:104,9
DA:105,8
DA:109,4
DA:110,1
DA:111,1
DA:112,1
DA:113,1
DA:115,1
DA:116,1
DA:117,1
DA:118,1
DA:119,0
DA:120,1
DA:121,22
DA:122,21
DA:125,1
DA:126,1
DA:127,1
DA:128,1
DA:129,0
DA:130,1
DA:131,20
DA:132,19
DA:135,1
DA:136,1
DA:139,4
DA:140,1
DA:141,1
DA:142,1
DA:143,1
DA:145,1
DA:146,1
DA:147,1
DA:148,1
DA:149,1
DA:150,10
DA:151,9
DA:153,1
DA:154,1
DA:155,1
DA:156,1
DA:157,1
DA:158,10
DA:159,9
DA:161,1
DA:162,1
DA:164,1
DA:165,1
DA:166,1
DA:167,10
DA:168,9
DA:172,4
DA:173,1
DA:174,1
DA:175,1
DA:176,1
DA:177,1
DA:178,1
DA:179,1
DA:180,1
DA:181,0
DA:183,1
DA:184,51
DA:185,50
LF:141
LH:138
end_of_record
TN:
SF:/Users/elmersha/Desktop/SimpleNavigator-v1.0/src/tests/deikstra_tests.cc
FN:104,104,_ZN3s2142GraphAlgorithmsTest_ShortestPathCase9_Test8TestBodyEv
FN:104,104,_ZN3s2142GraphAlgorithmsTest_ShortestPathCase9_TestC1Ev
FN:104,104,_ZN3s2142GraphAlgorithmsTest_ShortestPathCase9_TestD0Ev
FN:104,104,_ZN3s2142GraphAlgorithmsTest_ShortestPathCase9_TestD1Ev
FN:114,114,_ZN3s2143GraphAlgorithmsTest_ShortestPathCase10_Test8TestBodyEv
FN:114,114,_ZN3s2143GraphAlgorithmsTest_ShortestPathCase10_TestC1Ev
FN:114,114,_ZN3s2143GraphAlgorithmsTest_ShortestPathCase10_TestD0Ev
FN:114,114,_ZN3s2143GraphAlgorithmsTest_ShortestPathCase10_TestD1Ev
FN:124,124,_ZN3s2141GraphAlgorithmsTest_InvalidVertices3_Test8TestBodyEv
FN:124,124,_ZN3s2141GraphAlgorithmsTest_InvalidVertices3_TestC1Ev
FN:124,124,_ZN3s2141GraphAlgorithmsTest_InvalidVertices3_TestD0Ev
FN:124,124,_ZN3s2141GraphAlgorithmsTest_InvalidVertices3_TestD1Ev
FN:135,161,_ZN3s2137GraphAlgorithmsTest_VeryBigGraph_Test8TestBodyEv
FN:135,161,_ZN3s2137GraphAlgorithmsTest_VeryBigGraph_TestC1Ev
FN:135,161,_ZN3s2137GraphAlgorithmsTest_VeryBigGraph_TestD0Ev
FN:135,161,_ZN3s2137GraphAlgorithmsTest_VeryBigGraph_TestD1Ev
FN:14,14,_ZN3s2142GraphAlgorithmsTest_ShortestPathCase2_Test8TestBodyEv
FN:14,14,_ZN3s2142GraphAlgorithmsTest_ShortestPathCase2_TestC1Ev
FN:14,14,_ZN3s2142GraphAlgorithmsTest_ShortestPathCase2_TestD0Ev
FN:14,14,_ZN3s2142GraphAlgorithmsTest_ShortestPathCase2_TestD1Ev
FN:24,24,_ZN3s2142GraphAlgorithmsTest_ShortestPathCase3_Test8TestBodyEv
FN:24,24,_ZN3s2142GraphAlgorithmsTest_ShortestPathCase3_TestC1Ev
FN:24,24,_ZN3s2142GraphAlgorithmsTest_ShortestPathCase3_TestD0Ev
FN:24,24,_ZN3s2142GraphAlgorithmsTest_ShortestPathCase3_TestD1Ev
FN:34,34,_ZN3s2142GraphAlgorithmsTest_ShortestPathCase4_Test8TestBodyEv
FN:34,34,_ZN3s2142GraphAlgorithmsTest_ShortestPathCase4_TestC1Ev
FN:34,34,_ZN3s2142GraphAlgorithmsTest_ShortestPathCase4_TestD0Ev
FN:34,34,_ZN3s2142GraphAlgorithmsTest_ShortestPathCase4_TestD1Ev
FN:4,4,_ZN3s2142GraphAlgorithmsTest_ShortestPathCase1_Test8TestBodyEv
FN:4,4,_ZN3s2142GraphAlgorithmsTest_ShortestPathCase1_TestC1Ev
FN:4,4,_ZN3s2142GraphAlgorithmsTest_ShortestPathCase1_TestD0Ev
FN:4,4,_ZN3s2142GraphAlgorithmsTest_ShortestPathCase1_TestD1Ev
FN:44,44,_ZN3s2140GraphAlgorithmsTest_InvalidVertices_Test8TestBodyEv
FN:44,44,_ZN3s2140GraphAlgorithmsTest_InvalidVertices_TestC1Ev
FN:44,44,_ZN3s2140GraphAlgorithmsTest_InvalidVertices_TestD0Ev
FN:44,44,_ZN3s2140GraphAlgorithmsTest_InvalidVertices_TestD1Ev
FN:54,54,_ZN3s2141GraphAlgorithmsTest_InvalidVertices1_Test8TestBodyEv
FN:54,54,_ZN3s2141GraphAlgorithmsTest_InvalidVertices1_TestC1Ev
FN:54,54,_ZN3s2141GraphAlgorithmsTest_InvalidVertices1_TestD0Ev
FN:54,54,_ZN3s2141GraphAlgorithmsTest_InvalidVertices1_TestD1Ev
FN:64,64,_ZN3s2142GraphAlgorithmsTest_ShortestPathCase5_Test8TestBodyEv
FN:64,64,_ZN3s2142GraphAlgorithmsTest_ShortestPathCase5_TestC1Ev
FN:64,64,_ZN3s2142GraphAlgorithmsTest_ShortestPathCase5_TestD0Ev
FN:64,64,_ZN3s2142GraphAlgorithmsTest_ShortestPathCase5_TestD1Ev
FN:74,74,_ZN3s2142GraphAlgorithmsTest_ShortestPathCase6_Test8TestBodyEv
FN:74,74,_ZN3s2142GraphAlgorithmsTest_ShortestPathCase6_TestC1Ev
FN:74,74,_ZN3s2142GraphAlgorithmsTest_ShortestPathCase6_TestD0Ev
FN:74,74,_ZN3s2142GraphAlgorithmsTest_ShortestPathCase6_TestD1Ev
FN:84,84,_ZN3s2142GraphAlgorithmsTest_ShortestPathCase7_Test8TestBodyEv
FN:84,84,_ZN3s2142GraphAlgorithmsTest_ShortestPathCase7_TestC1Ev
FN:84,84,_ZN3s2142GraphAlgorithmsTest_ShortestPathCase7_TestD0Ev
FN:84,84,_ZN3s2142GraphAlgorithmsTest_ShortestPathCase7_TestD1Ev
FN:94,94,_ZN3s2142GraphAlgorithmsTest_ShortestPathCase8_Test8TestBodyEv
FN:94,94,_ZN3s2142GraphAlgorithmsTest_ShortestPathCase8_TestC1Ev
FN:94,94,_ZN3s2142GraphAlgorithmsTest_ShortestPathCase8_TestD0Ev
FN:94,94,_ZN3s2142GraphAlgorithmsTest_ShortestPathCase8_TestD1Ev
FNDA:1,_ZN3s2142GraphAlgorithmsTest_ShortestPathCase9_Test8TestBodyEv
FNDA:1,_ZN3s2142GraphAlgorithmsTest_ShortestPathCase9_TestC1Ev
FNDA:1,_ZN3s2142GraphAlgorithmsTest_ShortestPathCase9_TestD0Ev
FNDA:1,_ZN3s2142GraphAlgorithmsTest_ShortestPathCase9_TestD1Ev
FNDA:1,_ZN3s2143GraphAlgorithmsTest_ShortestPathCase10_Test8TestBodyEv
FNDA:1,_ZN3s2143GraphAlgorithmsTest_ShortestPathCase10_TestC1Ev
FNDA:1,_ZN3s2143GraphAlgorithmsTest_ShortestPathCase10_TestD0Ev
FNDA:1,_ZN3s2143GraphAlgorithmsTest_ShortestPathCase10_TestD1Ev
FNDA:1,_ZN3s2141GraphAlgorithmsTest_InvalidVertices3_Test8TestBodyEv
FNDA:1,_ZN3s2141GraphAlgorithmsTest_InvalidVertices3_TestC1Ev
FNDA:1,_ZN3s2141GraphAlgorithmsTest_InvalidVertices3_TestD0Ev
FNDA:1,_ZN3s2141GraphAlgorithmsTest_InvalidVertices3_TestD1Ev
FNDA:1,_ZN3s2137GraphAlgorithmsTest_VeryBigGraph_Test8TestBodyEv
FNDA:1,_ZN3s2137GraphAlgorithmsTest_VeryBigGraph_TestC1Ev
FNDA:1,_ZN3s2137GraphAlgorithmsTest_VeryBigGraph_TestD0Ev
FNDA:1,_ZN3s2137GraphAlgorithmsTest_VeryBigGraph_TestD1Ev
FNDA:1,_ZN3s2142GraphAlgorithmsTest_ShortestPathCase2_Test8TestBodyEv
FNDA:1,_ZN3s2142GraphAlgorithmsTest_ShortestPathCase2_TestC1Ev
FNDA:1,_ZN3s2142GraphAlgorithmsTest_ShortestPathCase2_TestD0Ev
FNDA:1,_ZN3s2142GraphAlgorithmsTest_ShortestPathCase2_TestD1Ev
FNDA:1,_ZN3s2142GraphAlgorithmsTest_ShortestPathCase3_Test8TestBodyEv
FNDA:1,_ZN3s2142GraphAlgorithmsTest_ShortestPathCase3_TestC1Ev
FNDA:1,_ZN3s2142GraphAlgorithmsTest_ShortestPathCase3_TestD0Ev
FNDA:1,_ZN3s2142GraphAlgorithmsTest_ShortestPathCase3_TestD1Ev
FNDA:1,_ZN3s2142GraphAlgorithmsTest_ShortestPathCase4_Test8TestBodyEv
FNDA:1,_ZN3s2142GraphAlgorithmsTest_ShortestPathCase4_TestC1Ev
FNDA:1,_ZN3s2142GraphAlgorithmsTest_ShortestPathCase4_TestD0Ev
FNDA:1,_ZN3s2142GraphAlgorithmsTest_ShortestPathCase4_TestD1Ev
FNDA:1,_ZN3s2142GraphAlgorithmsTest_ShortestPathCase1_Test8TestBodyEv
FNDA:1,_ZN3s2142GraphAlgorithmsTest_ShortestPathCase1_TestC1Ev
FNDA:1,_ZN3s2142GraphAlgorithmsTest_ShortestPathCase1_TestD0Ev
FNDA:1,_ZN3s2142GraphAlgorithmsTest_ShortestPathCase1_TestD1Ev
FNDA:1,_ZN3s2140GraphAlgorithmsTest_InvalidVertices_Test8TestBodyEv
FNDA:1,_ZN3s2140GraphAlgorithmsTest_InvalidVertices_TestC1Ev
FNDA:1,_ZN3s2140GraphAlgorithmsTest_InvalidVertices_TestD0Ev
FNDA:1,_ZN3s2140GraphAlgorithmsTest_InvalidVertices_TestD1Ev
FNDA:1,_ZN3s2141GraphAlgorithmsTest_InvalidVertices1_Test8TestBodyEv
FNDA:1,_ZN3s2141GraphAlgorithmsTest_InvalidVertices1_TestC1Ev
FNDA:1,_ZN3s2141GraphAlgorithmsTest_InvalidVertices1_TestD0Ev
FNDA:1,_ZN3s2141GraphAlgorithmsTest_InvalidVertices1_TestD1Ev
FNDA:1,_ZN3s2142GraphAlgorithmsTest_ShortestPathCase5_Test8TestBodyEv
FNDA:1,_ZN3s2142GraphAlgorithmsTest_ShortestPathCase5_TestC1Ev
FNDA:1,_ZN3s2142GraphAlgorithmsTest_ShortestPathCase5_TestD0Ev
FNDA:1,_ZN3s2142GraphAlgorithmsTest_ShortestPathCase5_TestD1Ev
FNDA:1,_ZN3s2142GraphAlgorithmsTest_ShortestPathCase6_Test8TestBodyEv
FNDA:1,_ZN3s2142GraphAlgorithmsTest_ShortestPathCase6_TestC1Ev
FNDA:1,_ZN3s2142GraphAlgorithmsTest_ShortestPathCase6_TestD0Ev
FNDA:1,_ZN3s2142GraphAlgorithmsTest_ShortestPathCase6_TestD1Ev
FNDA:1,_ZN3s2142GraphAlgorithmsTest_ShortestPathCase7_Test8TestBodyEv
FNDA:1,_ZN3s2142GraphAlgorithmsTest_ShortestPathCase7_TestC1Ev
FNDA:1,_ZN3s2142GraphAlgorithmsTest_ShortestPathCase7_TestD0Ev
FNDA:1,_ZN3s2142GraphAlgorithmsTest_ShortestPathCase7_TestD1Ev
FNDA:1,_ZN3s2142GraphAlgorithmsTest_ShortestPathCase8_Test8TestBodyEv
FNDA:1,_ZN3s2142GraphAlgorithmsTest_ShortestPathCase8_TestC1Ev
FNDA:1,_ZN3s2142GraphAlgorithmsTest_ShortestPathCase8_TestD0Ev
FNDA:1,_ZN3s2142GraphAlgorithmsTest_ShortestPathCase8_TestD1Ev
FNF:56
FNH:56
DA:4,4
DA:5,2
DA:6,1
DA:7,2
DA:8,1
DA:10,1
DA:11,1
DA:12,1
DA:14,4
DA:15,2
DA:16,1
DA:17,2
DA:18,1
DA:20,1
DA:21,1
DA:22,1
DA:24,4
DA:25,2
DA:26,1
DA:27,2
DA:28,1
DA:30,1
DA:31,1
DA:32,1
DA:34,4
DA:35,2
DA:36,1
DA:37,2
DA:38,1
DA:40,1
DA:41,1
DA:42,1
DA:44,4
DA:45,2
DA:46,1
DA:47,2
DA:48,1
DA:50,1
DA:52,1
DA:54,4
DA:55,2
DA:56,1
DA:57,2
DA:58,1
DA:60,1
DA:62,1
DA:64,4
DA:65,2
DA:66,1
DA:67,2
DA:68,1
DA:70,1
DA:71,1
DA:72,1
DA:74,4
DA:75,2
DA:76,1
DA:77,2
DA:78,1
DA:80,1
DA:81,1
DA:82,1
DA:84,4
DA:85,2
DA:86,1
DA:87,2
DA:88,1
DA:90,1
DA:91,1
DA:92,1
DA:94,4
DA:95,2
DA:96,1
DA:97,2
DA:98,1
DA:100,1
DA:101,1
DA:102,1
DA:104,4
DA:105,2
DA:106,1
DA:107,2
DA:108,1
DA:110,1
DA:111,1
DA:112,1
DA:114,4
DA:115,2
DA:116,1
DA:117,2
DA:118,1
DA:120,1
DA:122,1
DA:124,4
DA:125,2
DA:126,1
DA:127,2
DA:128,1
DA:130,1
DA:132,1
DA:135,4
DA:136,2
DA:138,1
DA:139,2
DA:140,1
DA:142,1
DA:144,1
DA:146,1
DA:147,1
DA:148,1
DA:150,1
DA:151,1
DA:152,1
DA:154,1
DA:155,1
DA:156,1
DA:158,1
DA:159,1
DA:160,1
DA:161,1
LF:120
LH:120
end_of_record
TN:
SF:/Users/elmersha/Desktop/SimpleNavigator-v1.0/src/tests/dfs_tests.cc
FN:105,105,_ZN3s2167GraphAlgorithmsTest_test_DFS_directed_graph_21_check_big_graph_Test8TestBodyEv
FN:105,105,_ZN3s2167GraphAlgorithmsTest_test_DFS_directed_graph_21_check_big_graph_TestC1Ev
FN:105,105,_ZN3s2167GraphAlgorithmsTest_test_DFS_directed_graph_21_check_big_graph_TestD0Ev
FN:105,105,_ZN3s2167GraphAlgorithmsTest_test_DFS_directed_graph_21_check_big_graph_TestD1Ev
FN:135,135,_ZN3s2162GraphAlgorithmsTest_test_DFS_weighted_graph_9_check_verts_Test8TestBodyEv
FN:135,135,_ZN3s2162GraphAlgorithmsTest_test_DFS_weighted_graph_9_check_verts_TestC1Ev
FN:135,135,_ZN3s2162GraphAlgorithmsTest_test_DFS_weighted_graph_9_check_verts_TestD0Ev
FN:135,135,_ZN3s2162GraphAlgorithmsTest_test_DFS_weighted_graph_9_check_verts_TestD1Ev
FN:166,166,_ZN3s2174GraphAlgorithmsTest_test_DFS_weighted_directed_graph_8_check_all_vert_Test8TestBodyEv
FN:166,166,_ZN3s2174GraphAlgorithmsTest_test_DFS_weighted_directed_graph_8_check_all_vert_TestC1Ev
FN:166,166,_ZN3s2174GraphAlgorithmsTest_test_DFS_weighted_directed_graph_8_check_all_vert_TestD0Ev
FN:166,166,_ZN3s2174GraphAlgorithmsTest_test_DFS_weighted_directed_graph_8_check_all_vert_TestD1Ev
FN:237,252,_ZN3s2148GraphAlgorithmsTest_test_DFS_very_big_graph_Test8TestBodyEv
FN:237,252,_ZN3s2148GraphAlgorithmsTest_test_DFS_very_big_graph_TestC1Ev
FN:237,252,_ZN3s2148GraphAlgorithmsTest_test_DFS_very_big_graph_TestD0Ev
FN:237,252,_ZN3s2148GraphAlgorithmsTest_test_DFS_very_big_graph_TestD1Ev
FN:4,4,_ZN3s2173GraphAlgorithmsTest_test_DFS_simple_graph_3_check_all_vert_and_throw_Test8TestBodyEv
FN:4,4,_ZN3s2173GraphAlgorithmsTest_test_DFS_simple_graph_3_check_all_vert_and_throw_TestC1Ev
FN:4,4,_ZN3s2173GraphAlgorithmsTest_test_DFS_simple_graph_3_check_all_vert_and_throw_TestD0Ev
FN:4,4,_ZN3s2173GraphAlgorithmsTest_test_DFS_simple_graph_3_check_all_vert_and_throw_TestD1Ev
FN:45,45,_ZN3s2170GraphAlgorithmsTest_test_DFS_simple_graph_13_check_vers_and_throw_Test8TestBodyEv
FN:45,45,_ZN3s2170GraphAlgorithmsTest_test_DFS_simple_graph_13_check_vers_and_throw_TestC1Ev
FN:45,45,_ZN3s2170GraphAlgorithmsTest_test_DFS_simple_graph_13_check_vers_and_throw_TestD0Ev
FN:45,45,_ZN3s2170GraphAlgorithmsTest_test_DFS_simple_graph_13_check_vers_and_throw_TestD1Ev
FN:80,80,_ZN3s2171GraphAlgorithmsTest_test_DFS_directed_graph_8_check_directed_verts_Test8TestBodyEv
FN:80,80,_ZN3s2171GraphAlgorithmsTest_test_DFS_directed_graph_8_check_directed_verts_TestC1Ev
FN:80,80,_ZN3s2171GraphAlgorithmsTest_test_DFS_directed_graph_8_check_directed_verts_TestD0Ev
FN:80,80,_ZN3s2171GraphAlgorithmsTest_test_DFS_directed_graph_8_check_directed_verts_TestD1Ev
FNDA:1,_ZN3s2167GraphAlgorithmsTest_test_DFS_directed_graph_21_check_big_graph_Test8TestBodyEv
FNDA:1,_ZN3s2167GraphAlgorithmsTest_test_DFS_directed_graph_21_check_big_graph_TestC1Ev
FNDA:1,_ZN3s2167GraphAlgorithmsTest_test_DFS_directed_graph_21_check_big_graph_TestD0Ev
FNDA:1,_ZN3s2167GraphAlgorithmsTest_test_DFS_directed_graph_21_check_big_graph_TestD1Ev
FNDA:1,_ZN3s2162GraphAlgorithmsTest_test_DFS_weighted_graph_9_check_verts_Test8TestBodyEv
FNDA:1,_ZN3s2162GraphAlgorithmsTest_test_DFS_weighted_graph_9_check_verts_TestC1Ev
FNDA:1,_ZN3s2162GraphAlgorithmsTest_test_DFS_weighted_graph_9_check_verts_TestD0Ev
FNDA:1,_ZN3s2162GraphAlgorithmsTest_test_DFS_weighted_graph_9_check_verts_TestD1Ev
FNDA:1,_ZN3s2174GraphAlgorithmsTest_test_DFS_weighted_directed_graph_8_check_all_vert_Test8TestBodyEv
FNDA:1,_ZN3s2174GraphAlgorithmsTest_test_DFS_weighted_directed_graph_8_check_all_vert_TestC1Ev
FNDA:1,_ZN3s2174GraphAlgorithmsTest_test_DFS_weighted_directed_graph_8_check_all_vert_TestD0Ev
FNDA:1,_ZN3s2174GraphAlgorithmsTest_test_DFS_weighted_directed_graph_8_check_all_vert_TestD1Ev
FNDA:1,_ZN3s2148GraphAlgorithmsTest_test_DFS_very_big_graph_Test8TestBodyEv
FNDA:1,_ZN3s2148GraphAlgorithmsTest_test_DFS_very_big_graph_TestC1Ev
FNDA:1,_ZN3s2148GraphAlgorithmsTest_test_DFS_very_big_graph_TestD0Ev
FNDA:1,_ZN3s2148GraphAlgorithmsTest_test_DFS_very_big_graph_TestD1Ev
FNDA:1,_ZN3s2173GraphAlgorithmsTest_test_DFS_simple_graph_3_check_all_vert_and_throw_Test8TestBodyEv
FNDA:1,_ZN3s2173GraphAlgorithmsTest_test_DFS_simple_graph_3_check_all_vert_and_throw_TestC1Ev
FNDA:1,_ZN3s2173GraphAlgorithmsTest_test_DFS_simple_graph_3_check_all_vert_and_throw_TestD0Ev
FNDA:1,_ZN3s2173GraphAlgorithmsTest_test_DFS_simple_graph_3_check_all_vert_and_throw_TestD1Ev
FNDA:1,_ZN3s2170GraphAlgorithmsTest_test_DFS_simple_graph_13_check_vers_and_throw_Test8TestBodyEv
FNDA:1,_ZN3s2170GraphAlgorithmsTest_test_DFS_simple_graph_13_check_vers_and_throw_TestC1Ev
FNDA:1,_ZN3s2170GraphAlgorithmsTest_test_DFS_simple_graph_13_check_vers_and_throw_TestD0Ev
FNDA:1,_ZN3s2170GraphAlgorithmsTest_test_DFS_simple_graph_13_check_vers_and_throw_TestD1Ev
FNDA:1,_ZN3s2171GraphAlgorithmsTest_test_DFS_directed_graph_8_check_directed_verts_Test8TestBodyEv
FNDA:1,_ZN3s2171GraphAlgorithmsTest_test_DFS_directed_graph_8_check_directed_verts_TestC1Ev
FNDA:1,_ZN3s2171GraphAlgorithmsTest_test_DFS_directed_graph_8_check_directed_verts_TestD0Ev
FNDA:1,_ZN3s2171GraphAlgorithmsTest_test_DFS_directed_graph_8_check_directed_verts_TestD1Ev
FNF:28
FNH:28
DA:4,4
DA:5,1
DA:6,1
DA:7,1
DA:8,1
DA:9,1
DA:10,1
DA:11,1
DA:12,1
DA:13,1
DA:14,4
DA:15,3
DA:18,1
DA:19,1
DA:20,1
DA:21,1
DA:22,1
DA:23,4
DA:24,3
DA:27,1
DA:28,1
DA:29,1
DA:30,1
DA:31,1
DA:32,4
DA:33,3
DA:36,1
DA:37,1
DA:38,1
DA:40,1
DA:41,1
DA:42,1
DA:45,4
DA:46,1
DA:47,1
DA:48,1
DA:49,1
DA:50,1
DA:51,1
DA:52,1
DA:53,1
DA:55,1
DA:57,14
DA:58,13
DA:61,1
DA:62,1
DA:63,1
DA:64,1
DA:65,1
DA:67,14
DA:68,13
DA:71,1
DA:72,1
DA:73,1
DA:75,1
DA:76,1
DA:77,1
DA:80,4
DA:81,1
DA:82,1
DA:83,1
DA:84,1
DA:85,1
DA:86,1
DA:87,1
DA:88,1
DA:90,1
DA:91,9
DA:92,8
DA:95,1
DA:96,1
DA:97,1
DA:98,1
DA:99,1
DA:100,9
DA:101,8
DA:105,4
DA:106,1
DA:107,1
DA:108,1
DA:109,1
DA:110,1
DA:111,1
DA:112,1
DA:113,1
DA:115,0
DA:116,1
DA:117,22
DA:118,21
DA:121,1
DA:122,1
DA:123,1
DA:124,1
DA:125,0
DA:126,1
DA:127,20
DA:128,19
DA:131,1
DA:132,1
DA:135,4
DA:136,1
DA:137,1
DA:138,1
DA:139,1
DA:140,1
DA:141,1
DA:142,1
DA:143,1
DA:144,1
DA:145,10
DA:146,9
DA:148,1
DA:149,1
DA:150,1
DA:151,1
DA:152,1
DA:153,10
DA:154,9
DA:156,1
DA:157,1
DA:158,1
DA:159,1
DA:160,1
DA:161,10
DA:162,9
DA:166,4
DA:167,1
DA:168,1
DA:169,1
DA:170,1
DA:171,1
DA:172,1
DA:173,1
DA:174,1
DA:175,1
DA:176,9
DA:177,8
DA:179,1
DA:180,1
DA:181,1
DA:182,1
DA:183,1
DA:184,7
DA:185,6
DA:187,1
DA:188,1
DA:189,1
DA:190,1
DA:191,1
DA:192,6
DA:193,5
DA:195,1
DA:196,1
DA:197,1
DA:198,1
DA:199,1
DA:200,6
DA:201,5
DA:203,1
DA:204,1
DA:205,1
DA:206,1
DA:207,1
DA:208,6
DA:209,5
DA:211,1
DA:212,1
DA:213,1
DA:214,1
DA:215,1
DA:216,6
DA:217,5
DA:219,1
DA:220,1
DA:221,1
DA:222,1
DA:223,1
DA:224,6
DA:225,5
DA:227,1
DA:228,1
DA:229,1
DA:230,1
DA:231,1
DA:232,7
DA:233,6
DA:237,4
DA:238,1
DA:239,1
DA:240,1
DA:241,1
DA:242,1
DA:243,1
DA:244,1
DA:245,1
DA:246,0
DA:248,1
DA:249,51
DA:250,50
LF:199
LH:196
end_of_record
TN:
SF:/Users/elmersha/Desktop/SimpleNavigator-v1.0/src/tests/floid_uolsher_tests.cc
FN:17,17,_ZN3s2154Test_FloidWarshall_weighted_directed_graph_4_vert_Test8TestBodyEv
FN:17,17,_ZN3s2154Test_FloidWarshall_weighted_directed_graph_4_vert_TestC1Ev
FN:17,17,_ZN3s2154Test_FloidWarshall_weighted_directed_graph_4_vert_TestD0Ev
FN:17,17,_ZN3s2154Test_FloidWarshall_weighted_directed_graph_4_vert_TestD1Ev
FN:33,33,_ZN3s2169GraphAlgorithmsTest_FloidWarshall_weighted_directed_graph_3_vert_Test8TestBodyEv
FN:33,33,_ZN3s2169GraphAlgorithmsTest_FloidWarshall_weighted_directed_graph_3_vert_TestC1Ev
FN:33,33,_ZN3s2169GraphAlgorithmsTest_FloidWarshall_weighted_directed_graph_3_vert_TestD0Ev
FN:33,33,_ZN3s2169GraphAlgorithmsTest_FloidWarshall_weighted_directed_graph_3_vert_TestD1Ev
FN:44,44,_ZN3s2169GraphAlgorithmsTest_FloidWarshall_weighted_directed_graph_8_vert_Test8TestBodyEv
FN:44,44,_ZN3s2169GraphAlgorithmsTest_FloidWarshall_weighted_directed_graph_8_vert_TestC1Ev
FN:44,44,_ZN3s2169GraphAlgorithmsTest_FloidWarshall_weighted_directed_graph_8_vert_TestD0Ev
FN:44,44,_ZN3s2169GraphAlgorithmsTest_FloidWarshall_weighted_directed_graph_8_vert_TestD1Ev
FN:5,5,_ZN3s2158GraphAlgorithmsTest_FloidWarshall_graph_3_vert_simply_Test8TestBodyEv
FN:5,5,_ZN3s2158GraphAlgorithmsTest_FloidWarshall_graph_3_vert_simply_TestC1Ev
FN:5,5,_ZN3s2158GraphAlgorithmsTest_FloidWarshall_graph_3_vert_simply_TestD0Ev
FN:5,5,_ZN3s2158GraphAlgorithmsTest_FloidWarshall_graph_3_vert_simply_TestD1Ev
FN:59,59,_ZN3s2159GraphAlgorithmsTest_FloidWarshall_graph_21_vert_direct_Test8TestBodyEv
FN:59,59,_ZN3s2159GraphAlgorithmsTest_FloidWarshall_graph_21_vert_direct_TestC1Ev
FN:59,59,_ZN3s2159GraphAlgorithmsTest_FloidWarshall_graph_21_vert_direct_TestD0Ev
FN:59,59,_ZN3s2159GraphAlgorithmsTest_FloidWarshall_graph_21_vert_direct_TestD1Ev
FN:91,91,_ZN3s2153GraphAlgorithmsTest_FloidWarshall_very_big_graph_Test8TestBodyEv
FN:91,91,_ZN3s2153GraphAlgorithmsTest_FloidWarshall_very_big_graph_TestC1Ev
FN:91,91,_ZN3s2153GraphAlgorithmsTest_FloidWarshall_very_big_graph_TestD0Ev
FN:91,91,_ZN3s2153GraphAlgorithmsTest_FloidWarshall_very_big_graph_TestD1Ev
FNDA:1,_ZN3s2154Test_FloidWarshall_weighted_directed_graph_4_vert_Test8TestBodyEv
FNDA:1,_ZN3s2154Test_FloidWarshall_weighted_directed_graph_4_vert_TestC1Ev
FNDA:1,_ZN3s2154Test_FloidWarshall_weighted_directed_graph_4_vert_TestD0Ev
FNDA:1,_ZN3s2154Test_FloidWarshall_weighted_directed_graph_4_vert_TestD1Ev
FNDA:1,_ZN3s2169GraphAlgorithmsTest_FloidWarshall_weighted_directed_graph_3_vert_Test8TestBodyEv
FNDA:1,_ZN3s2169GraphAlgorithmsTest_FloidWarshall_weighted_directed_graph_3_vert_TestC1Ev
FNDA:1,_ZN3s2169GraphAlgorithmsTest_FloidWarshall_weighted_directed_graph_3_vert_TestD0Ev
FNDA:1,_ZN3s2169GraphAlgorithmsTest_FloidWarshall_weighted_directed_graph_3_vert_TestD1Ev
FNDA:1,_ZN3s2169GraphAlgorithmsTest_FloidWarshall_weighted_directed_graph_8_vert_Test8TestBodyEv
FNDA:1,_ZN3s2169GraphAlgorithmsTest_FloidWarshall_weighted_directed_graph_8_vert_TestC1Ev
FNDA:1,_ZN3s2169GraphAlgorithmsTest_FloidWarshall_weighted_directed_graph_8_vert_TestD0Ev
FNDA:1,_ZN3s2169GraphAlgorithmsTest_FloidWarshall_weighted_directed_graph_8_vert_TestD1Ev
FNDA:1,_ZN3s2158GraphAlgorithmsTest_FloidWarshall_graph_3_vert_simply_Test8TestBodyEv
FNDA:1,_ZN3s2158GraphAlgorithmsTest_FloidWarshall_graph_3_vert_simply_TestC1Ev
FNDA:1,_ZN3s2158GraphAlgorithmsTest_FloidWarshall_graph_3_vert_simply_TestD0Ev
FNDA:1,_ZN3s2158GraphAlgorithmsTest_FloidWarshall_graph_3_vert_simply_TestD1Ev
FNDA:1,_ZN3s2159GraphAlgorithmsTest_FloidWarshall_graph_21_vert_direct_Test8TestBodyEv
FNDA:1,_ZN3s2159GraphAlgorithmsTest_FloidWarshall_graph_21_vert_direct_TestC1Ev
FNDA:1,_ZN3s2159GraphAlgorithmsTest_FloidWarshall_graph_21_vert_direct_TestD0Ev
FNDA:1,_ZN3s2159GraphAlgorithmsTest_FloidWarshall_graph_21_vert_direct_TestD1Ev
FNDA:1,_ZN3s2153GraphAlgorithmsTest_FloidWarshall_very_big_graph_Test8TestBodyEv
FNDA:1,_ZN3s2153GraphAlgorithmsTest_FloidWarshall_very_big_graph_TestC1Ev
FNDA:1,_ZN3s2153GraphAlgorithmsTest_FloidWarshall_very_big_graph_TestD0Ev
FNDA:1,_ZN3s2153GraphAlgorithmsTest_FloidWarshall_very_big_graph_TestD1Ev
FNF:24
FNH:24
DA:5,4
DA:6,1
DA:7,1
DA:8,1
DA:9,1
DA:11,1
DA:13,7
DA:14,1
DA:17,4
DA:18,1
DA:19,1
DA:20,1
DA:21,1
DA:23,1
DA:29,7
DA:30,1
DA:33,4
DA:34,1
DA:35,1
DA:36,1
DA:37,1
DA:39,1
DA:40,6
DA:41,1
DA:44,4
DA:45,1
DA:46,1
DA:47,1
DA:48,1
DA:50,1
DA:55,11
DA:56,1
DA:59,4
DA:60,1
DA:61,1
DA:62,1
DA:63,1
DA:65,1
DA:87,24
DA:88,1
DA:91,4
DA:92,1
DA:93,1
DA:94,1
DA:95,1
DA:97,1
DA:254,53
DA:255,1
LF:48
LH:48
end_of_record
TN:
SF:/Users/elmersha/Desktop/SimpleNavigator-v1.0/src/tests/graph_class_tests.cc
FN:153,153,_ZN3s2138GraphAlgorithmsTest_SizeNotNumber_Test8TestBodyEv
FN:153,153,_ZN3s2138GraphAlgorithmsTest_SizeNotNumber_TestC1Ev
FN:153,153,_ZN3s2138GraphAlgorithmsTest_SizeNotNumber_TestD0Ev
FN:153,153,_ZN3s2138GraphAlgorithmsTest_SizeNotNumber_TestD1Ev
FN:189,189,_ZN3s2133Graph_CheckFile_connectivity_Test8TestBodyEv
FN:189,189,_ZN3s2133Graph_CheckFile_connectivity_TestC1Ev
FN:189,189,_ZN3s2133Graph_CheckFile_connectivity_TestD0Ev
FN:189,189,_ZN3s2133Graph_CheckFile_connectivity_TestD1Ev
FN:205,219,_ZN3s2134Graph_CheckFile_connectivity2_Test8TestBodyEv
FN:205,219,_ZN3s2134Graph_CheckFile_connectivity2_TestC1Ev
FN:205,219,_ZN3s2134Graph_CheckFile_connectivity2_TestD0Ev
FN:205,219,_ZN3s2134Graph_CheckFile_connectivity2_TestD1Ev
FN:220,233,_ZN3s2134Graph_CheckFile_connectivity3_Test8TestBodyEv
FN:220,233,_ZN3s2134Graph_CheckFile_connectivity3_TestC1Ev
FN:220,233,_ZN3s2134Graph_CheckFile_connectivity3_TestD0Ev
FN:220,233,_ZN3s2134Graph_CheckFile_connectivity3_TestD1Ev
FN:23,23,_ZN3s2136GraphAlgorithmsTest_getEdgeList_Test8TestBodyEv
FN:23,23,_ZN3s2136GraphAlgorithmsTest_getEdgeList_TestC1Ev
FN:23,23,_ZN3s2136GraphAlgorithmsTest_getEdgeList_TestD0Ev
FN:23,23,_ZN3s2136GraphAlgorithmsTest_getEdgeList_TestD1Ev
FN:34,34,_ZN3s2141GraphAlgorithmsTest_errorOpeningFile_Test8TestBodyEv
FN:34,34,_ZN3s2141GraphAlgorithmsTest_errorOpeningFile_TestC1Ev
FN:34,34,_ZN3s2141GraphAlgorithmsTest_errorOpeningFile_TestD0Ev
FN:34,34,_ZN3s2141GraphAlgorithmsTest_errorOpeningFile_TestD1Ev
FN:42,42,_ZN3s2128GraphAlgorithmsTest_DOT_Test8TestBodyEv
FN:42,42,_ZN3s2128GraphAlgorithmsTest_DOT_TestC1Ev
FN:42,42,_ZN3s2128GraphAlgorithmsTest_DOT_TestD0Ev
FN:42,42,_ZN3s2128GraphAlgorithmsTest_DOT_TestD1Ev
FN:51,51,_ZN3s2144GraphAlgorithmsTest_Graph_DOTerror_Test_Test8TestBodyEv
FN:51,51,_ZN3s2144GraphAlgorithmsTest_Graph_DOTerror_Test_TestC1Ev
FN:51,51,_ZN3s2144GraphAlgorithmsTest_Graph_DOTerror_Test_TestD0Ev
FN:51,51,_ZN3s2144GraphAlgorithmsTest_Graph_DOTerror_Test_TestD1Ev
FN:71,71,_ZN3s2158GraphAlgorithmsTest_ExportGraphToDot_ErrorOpeningFile_Test8TestBodyEv
FN:71,71,_ZN3s2158GraphAlgorithmsTest_ExportGraphToDot_ErrorOpeningFile_TestC1Ev
FN:71,71,_ZN3s2158GraphAlgorithmsTest_ExportGraphToDot_ErrorOpeningFile_TestD0Ev
FN:71,71,_ZN3s2158GraphAlgorithmsTest_ExportGraphToDot_ErrorOpeningFile_TestD1Ev
FN:93,93,_ZN3s2135GraphAlgorithmsTest_CheckFile1_Test8TestBodyEv
FN:93,93,_ZN3s2135GraphAlgorithmsTest_CheckFile1_TestC1Ev
FN:93,93,_ZN3s2135GraphAlgorithmsTest_CheckFile1_TestD0Ev
FN:93,93,_ZN3s2135GraphAlgorithmsTest_CheckFile1_TestD1Ev
FNDA:1,_ZN3s2138GraphAlgorithmsTest_SizeNotNumber_Test8TestBodyEv
FNDA:1,_ZN3s2138GraphAlgorithmsTest_SizeNotNumber_TestC1Ev
FNDA:1,_ZN3s2138GraphAlgorithmsTest_SizeNotNumber_TestD0Ev
FNDA:1,_ZN3s2138GraphAlgorithmsTest_SizeNotNumber_TestD1Ev
FNDA:1,_ZN3s2133Graph_CheckFile_connectivity_Test8TestBodyEv
FNDA:1,_ZN3s2133Graph_CheckFile_connectivity_TestC1Ev
FNDA:1,_ZN3s2133Graph_CheckFile_connectivity_TestD0Ev
FNDA:1,_ZN3s2133Graph_CheckFile_connectivity_TestD1Ev
FNDA:1,_ZN3s2134Graph_CheckFile_connectivity2_Test8TestBodyEv
FNDA:1,_ZN3s2134Graph_CheckFile_connectivity2_TestC1Ev
FNDA:1,_ZN3s2134Graph_CheckFile_connectivity2_TestD0Ev
FNDA:1,_ZN3s2134Graph_CheckFile_connectivity2_TestD1Ev
FNDA:1,_ZN3s2134Graph_CheckFile_connectivity3_Test8TestBodyEv
FNDA:1,_ZN3s2134Graph_CheckFile_connectivity3_TestC1Ev
FNDA:1,_ZN3s2134Graph_CheckFile_connectivity3_TestD0Ev
FNDA:1,_ZN3s2134Graph_CheckFile_connectivity3_TestD1Ev
FNDA:1,_ZN3s2136GraphAlgorithmsTest_getEdgeList_Test8TestBodyEv
FNDA:1,_ZN3s2136GraphAlgorithmsTest_getEdgeList_TestC1Ev
FNDA:1,_ZN3s2136GraphAlgorithmsTest_getEdgeList_TestD0Ev
FNDA:1,_ZN3s2136GraphAlgorithmsTest_getEdgeList_TestD1Ev
FNDA:1,_ZN3s2141GraphAlgorithmsTest_errorOpeningFile_Test8TestBodyEv
FNDA:1,_ZN3s2141GraphAlgorithmsTest_errorOpeningFile_TestC1Ev
FNDA:1,_ZN3s2141GraphAlgorithmsTest_errorOpeningFile_TestD0Ev
FNDA:1,_ZN3s2141GraphAlgorithmsTest_errorOpeningFile_TestD1Ev
FNDA:1,_ZN3s2128GraphAlgorithmsTest_DOT_Test8TestBodyEv
FNDA:1,_ZN3s2128GraphAlgorithmsTest_DOT_TestC1Ev
FNDA:1,_ZN3s2128GraphAlgorithmsTest_DOT_TestD0Ev
FNDA:1,_ZN3s2128GraphAlgorithmsTest_DOT_TestD1Ev
FNDA:1,_ZN3s2144GraphAlgorithmsTest_Graph_DOTerror_Test_Test8TestBodyEv
FNDA:1,_ZN3s2144GraphAlgorithmsTest_Graph_DOTerror_Test_TestC1Ev
FNDA:1,_ZN3s2144GraphAlgorithmsTest_Graph_DOTerror_Test_TestD0Ev
FNDA:1,_ZN3s2144GraphAlgorithmsTest_Graph_DOTerror_Test_TestD1Ev
FNDA:1,_ZN3s2158GraphAlgorithmsTest_ExportGraphToDot_ErrorOpeningFile_Test8TestBodyEv
FNDA:1,_ZN3s2158GraphAlgorithmsTest_ExportGraphToDot_ErrorOpeningFile_TestC1Ev
FNDA:1,_ZN3s2158GraphAlgorithmsTest_ExportGraphToDot_ErrorOpeningFile_TestD0Ev
FNDA:1,_ZN3s2158GraphAlgorithmsTest_ExportGraphToDot_ErrorOpeningFile_TestD1Ev
FNDA:1,_ZN3s2135GraphAlgorithmsTest_CheckFile1_Test8TestBodyEv
FNDA:1,_ZN3s2135GraphAlgorithmsTest_CheckFile1_TestC1Ev
FNDA:1,_ZN3s2135GraphAlgorithmsTest_CheckFile1_TestD0Ev
FNDA:1,_ZN3s2135GraphAlgorithmsTest_CheckFile1_TestD1Ev
FNF:40
FNH:40
DA:23,4
DA:24,1
DA:25,1
DA:26,1
DA:27,1
DA:28,1
DA:30,1
DA:31,1
DA:34,4
DA:36,2
DA:37,1
DA:38,1
DA:39,1
DA:40,1
DA:42,4
DA:43,2
DA:44,1
DA:45,2
DA:46,1
DA:47,1
DA:48,1
DA:49,1
DA:51,4
DA:52,2
DA:53,1
DA:54,2
DA:56,1
DA:57,1
DA:58,1
DA:71,4
DA:73,2
DA:76,1
DA:77,1
DA:78,2
DA:81,1
DA:82,1
DA:93,4
DA:94,1
DA:95,1
DA:96,1
DA:97,1
DA:98,1
DA:99,1
DA:100,1
DA:153,4
DA:154,2
DA:155,1
DA:158,1
DA:159,2
DA:160,1
DA:161,2
DA:163,1
DA:164,1
DA:189,4
DA:190,1
DA:191,1
DA:193,1
DA:196,1
DA:197,1
DA:199,1
DA:201,1
DA:205,4
DA:206,1
DA:207,1
DA:211,1
DA:212,1
DA:213,1
DA:215,1
DA:217,1
DA:220,4
DA:221,1
DA:222,1
DA:223,1
DA:227,1
DA:228,1
DA:230,1
DA:231,1
LF:77
LH:77
end_of_record
TN:
SF:/Users/elmersha/Desktop/SimpleNavigator-v1.0/src/tests/main_tests.cc
FN:14,17,_ZN3s214mainEiPPc
FNDA:0,_ZN3s214mainEiPPc
FNF:1
FNH:0
DA:14,0
DA:15,0
DA:16,0
LF:3
LH:0
end_of_record
TN:
SF:/Users/elmersha/Desktop/SimpleNavigator-v1.0/src/tests/prim_tests.cc
FN:26,26,_ZN3s21111GraphAlgorithmsTest_test_GetLeastSpanningTree_2_workingwithdirected_graph_compare_weight_result_and_matrix_Test8TestBodyEv
FN:26,26,_ZN3s21111GraphAlgorithmsTest_test_GetLeastSpanningTree_2_workingwithdirected_graph_compare_weight_result_and_matrix_TestC1Ev
FN:26,26,_ZN3s21111GraphAlgorithmsTest_test_GetLeastSpanningTree_2_workingwithdirected_graph_compare_weight_result_and_matrix_TestD0Ev
FN:26,26,_ZN3s21111GraphAlgorithmsTest_test_GetLeastSpanningTree_2_workingwithdirected_graph_compare_weight_result_and_matrix_TestD1Ev
FN:4,4,_ZN3s21111GraphAlgorithmsTest_test_GetLeastSpanningTree_working_with_simple_graph_compare_weights_results_and_matrix_Test8TestBodyEv
FN:4,4,_ZN3s21111GraphAlgorithmsTest_test_GetLeastSpanningTree_working_with_simple_graph_compare_weights_results_and_matrix_TestC1Ev
FN:4,4,_ZN3s21111GraphAlgorithmsTest_test_GetLeastSpanningTree_working_with_simple_graph_compare_weights_results_and_matrix_TestD0Ev
FN:4,4,_ZN3s21111GraphAlgorithmsTest_test_GetLeastSpanningTree_working_with_simple_graph_compare_weights_results_and_matrix_TestD1Ev
FN:48,48,_ZN3s21109GraphAlgorithmsTest_test_GetLeastSpanningTree_3_simple_graph_unweighted_compare_weight_result_and_matrix_Test8TestBodyEv
FN:48,48,_ZN3s21109GraphAlgorithmsTest_test_GetLeastSpanningTree_3_simple_graph_unweighted_compare_weight_result_and_matrix_TestC1Ev
FN:48,48,_ZN3s21109GraphAlgorithmsTest_test_GetLeastSpanningTree_3_simple_graph_unweighted_compare_weight_result_and_matrix_TestD0Ev
FN:48,48,_ZN3s21109GraphAlgorithmsTest_test_GetLeastSpanningTree_3_simple_graph_unweighted_compare_weight_result_and_matrix_TestD1Ev
FN:73,73,_ZN3s2195GraphAlgorithmsTest_test_GetLeastSpanningTree_3_simple_graph_simple_10_vert_for_check_tree_Test8TestBodyEv
FN:73,73,_ZN3s2195GraphAlgorithmsTest_test_GetLeastSpanningTree_3_simple_graph_simple_10_vert_for_check_tree_TestC1Ev
FN:73,73,_ZN3s2195GraphAlgorithmsTest_test_GetLeastSpanningTree_3_simple_graph_simple_10_vert_for_check_tree_TestD0Ev
FN:73,73,_ZN3s2195GraphAlgorithmsTest_test_GetLeastSpanningTree_3_simple_graph_simple_10_vert_for_check_tree_TestD1Ev
FNDA:1,_ZN3s21111GraphAlgorithmsTest_test_GetLeastSpanningTree_2_workingwithdirected_graph_compare_weight_result_and_matrix_Test8TestBodyEv
FNDA:1,_ZN3s21111GraphAlgorithmsTest_test_GetLeastSpanningTree_2_workingwithdirected_graph_compare_weight_result_and_matrix_TestC1Ev
FNDA:1,_ZN3s21111GraphAlgorithmsTest_test_GetLeastSpanningTree_2_workingwithdirected_graph_compare_weight_result_and_matrix_TestD0Ev
FNDA:1,_ZN3s21111GraphAlgorithmsTest_test_GetLeastSpanningTree_2_workingwithdirected_graph_compare_weight_result_and_matrix_TestD1Ev
FNDA:1,_ZN3s21111GraphAlgorithmsTest_test_GetLeastSpanningTree_working_with_simple_graph_compare_weights_results_and_matrix_Test8TestBodyEv
FNDA:1,_ZN3s21111GraphAlgorithmsTest_test_GetLeastSpanningTree_working_with_simple_graph_compare_weights_results_and_matrix_TestC1Ev
FNDA:1,_ZN3s21111GraphAlgorithmsTest_test_GetLeastSpanningTree_working_with_simple_graph_compare_weights_results_and_matrix_TestD0Ev
FNDA:1,_ZN3s21111GraphAlgorithmsTest_test_GetLeastSpanningTree_working_with_simple_graph_compare_weights_results_and_matrix_TestD1Ev
FNDA:1,_ZN3s21109GraphAlgorithmsTest_test_GetLeastSpanningTree_3_simple_graph_unweighted_compare_weight_result_and_matrix_Test8TestBodyEv
FNDA:1,_ZN3s21109GraphAlgorithmsTest_test_GetLeastSpanningTree_3_simple_graph_unweighted_compare_weight_result_and_matrix_TestC1Ev
FNDA:1,_ZN3s21109GraphAlgorithmsTest_test_GetLeastSpanningTree_3_simple_graph_unweighted_compare_weight_result_and_matrix_TestD0Ev
FNDA:1,_ZN3s21109GraphAlgorithmsTest_test_GetLeastSpanningTree_3_simple_graph_unweighted_compare_weight_result_and_matrix_TestD1Ev
FNDA:1,_ZN3s2195GraphAlgorithmsTest_test_GetLeastSpanningTree_3_simple_graph_simple_10_vert_for_check_tree_Test8TestBodyEv
FNDA:1,_ZN3s2195GraphAlgorithmsTest_test_GetLeastSpanningTree_3_simple_graph_simple_10_vert_for_check_tree_TestC1Ev
FNDA:1,_ZN3s2195GraphAlgorithmsTest_test_GetLeastSpanningTree_3_simple_graph_simple_10_vert_for_check_tree_TestD0Ev
FNDA:1,_ZN3s2195GraphAlgorithmsTest_test_GetLeastSpanningTree_3_simple_graph_simple_10_vert_for_check_tree_TestD1Ev
FNF:16
FNH:16
DA:4,4
DA:7,1
DA:8,1
DA:9,1
DA:10,1
DA:12,1
DA:16,10
DA:17,8
DA:18,56
DA:19,49
DA:21,7
DA:22,7
DA:26,4
DA:29,1
DA:30,1
DA:31,1
DA:32,1
DA:34,1
DA:38,10
DA:39,8
DA:40,56
DA:41,49
DA:43,7
DA:44,7
DA:48,4
DA:51,1
DA:52,1
DA:53,1
DA:54,1
DA:56,1
DA:61,8
DA:63,6
DA:64,30
DA:65,25
DA:68,5
DA:69,5
DA:73,4
DA:75,1
DA:76,1
DA:78,1
DA:79,1
DA:81,1
DA:87,13
DA:89,11
DA:90,110
DA:91,100
DA:94,10
DA:95,10
LF:48
LH:48
end_of_record
