TN:gcov_report
SF:/usr/local/include/c++/10.3.0/bits/cpp_type_traits.h
FN:544,_ZSt12__miter_baseIN9__gnu_cxx17__normal_iteratorIPiSt6vectorIiSaIiEEEEET_S7_
FNDA:22,_ZSt12__miter_baseIN9__gnu_cxx17__normal_iteratorIPiSt6vectorIiSaIiEEEEET_S7_
FN:544,_ZSt12__miter_baseIPiET_S1_
FNDA:0,_ZSt12__miter_baseIPiET_S1_
FN:544,_ZSt12__miter_baseIPPiET_S2_
FNDA:0,_ZSt12__miter_baseIPPiET_S2_
FN:544,_ZSt12__miter_baseIN9__gnu_cxx17__normal_iteratorIPKdSt6vectorIdSaIdEEEEET_S8_
FNDA:6000030,_ZSt12__miter_baseIN9__gnu_cxx17__normal_iteratorIPKdSt6vectorIdSaIdEEEEET_S8_
FN:544,_ZSt12__miter_baseIN9__gnu_cxx17__normal_iteratorIPKiSt6vectorIiSaIiEEEEET_S8_
FNDA:7906918,_ZSt12__miter_baseIN9__gnu_cxx17__normal_iteratorIPKiSt6vectorIiSaIiEEEEET_S8_
FN:544,_ZSt12__miter_baseIPKiET_S2_
FNDA:448,_ZSt12__miter_baseIPKiET_S2_
FN:544,_ZSt12__miter_baseISt19_Bit_const_iteratorET_S1_
FNDA:226,_ZSt12__miter_baseISt19_Bit_const_iteratorET_S1_
FN:544,_ZSt12__miter_baseIPmET_S1_
FNDA:226,_ZSt12__miter_baseIPmET_S1_
FN:544,_ZSt12__miter_baseIPSt6vectorIiSaIiEEET_S4_
FNDA:0,_ZSt12__miter_baseIPSt6vectorIiSaIiEEET_S4_
FN:544,_ZSt12__miter_baseIN9__gnu_cxx17__normal_iteratorIPKSt6vectorIiSaIiEES2_IS4_SaIS4_EEEEET_SA_
FNDA:80000,_ZSt12__miter_baseIN9__gnu_cxx17__normal_iteratorIPKSt6vectorIiSaIiEES2_IS4_SaIS4_EEEEET_SA_
FNF:10
FNH:7
DA:544,22
DA:545,22
DA:544,0
DA:545,0
DA:544,0
DA:545,0
DA:544,6000030
DA:545,6000030
DA:544,7906918
DA:545,7906918
DA:544,448
DA:545,448
DA:544,226
DA:545,226
DA:544,226
DA:545,226
DA:544,0
DA:545,0
DA:544,80000
DA:545,80000
LF:20
LH:14
end_of_record
SF:/Users/qylenett/Desktop/navigator/SimpleNavigator-v1.0/src/conteiners/s21_stack.h
FN:22,_ZN3s215StackIiNS_4ListIiEEEC1Ev
FNDA:21,_ZN3s215StackIiNS_4ListIiEEEC1Ev
FN:26,_ZN3s215StackIiNS_4ListIiEEED1Ev
FNDA:21,_ZN3s215StackIiNS_4ListIiEEED1Ev
FN:36,_ZN3s215StackIiNS_4ListIiEEE3topEv
FNDA:332,_ZN3s215StackIiNS_4ListIiEEE3topEv
FN:38,_ZN3s215StackIiNS_4ListIiEEE5emptyEv
FNDA:353,_ZN3s215StackIiNS_4ListIiEEE5emptyEv
FN:41,_ZN3s215StackIiNS_4ListIiEEE4pushERKi
FNDA:332,_ZN3s215StackIiNS_4ListIiEEE4pushERKi
FN:42,_ZN3s215StackIiNS_4ListIiEEE3popEv
FNDA:332,_ZN3s215StackIiNS_4ListIiEEE3popEv
FNF:6
FNH:6
DA:22,21
DA:26,21
DA:36,332
DA:38,353
DA:41,332
DA:42,332
LF:6
LH:6
end_of_record
SF:/usr/local/include/c++/10.3.0/typeinfo
FN:99,_ZNKSt9type_info4nameEv
FNDA:0,_ZNKSt9type_info4nameEv
FNF:1
FNH:0
DA:99,0
DA:100,0
LF:2
LH:0
end_of_record
SF:/usr/local/include/c++/10.3.0/bits/unique_ptr.h
FN:79,_ZNKSt14default_deleteINSt7__cxx1112basic_stringIcSt11char_traitsIcESaIcEEEEclEPS5_
FNDA:0,_ZNKSt14default_deleteINSt7__cxx1112basic_stringIcSt11char_traitsIcESaIcEEEEclEPS5_
FN:79,_ZNKSt14default_deleteINSt7__cxx1118basic_stringstreamIcSt11char_traitsIcESaIcEEEEclEPS5_
FNDA:124,_ZNKSt14default_deleteINSt7__cxx1118basic_stringstreamIcSt11char_traitsIcESaIcEEEEclEPS5_
FN:154,_ZNSt15__uniq_ptr_implINSt7__cxx1112basic_stringIcSt11char_traitsIcESaIcEEESt14default_deleteIS5_EEC2Ev
FNDA:3219,_ZNSt15__uniq_ptr_implINSt7__cxx1112basic_stringIcSt11char_traitsIcESaIcEEESt14default_deleteIS5_EEC2Ev
FN:172,_ZNSt15__uniq_ptr_implINSt7__cxx1112basic_stringIcSt11char_traitsIcESaIcEEESt14default_deleteIS5_EE6_M_ptrEv
FNDA:0,_ZNSt15__uniq_ptr_implINSt7__cxx1112basic_stringIcSt11char_traitsIcESaIcEEESt14default_deleteIS5_EE6_M_ptrEv
FN:172,_ZNSt15__uniq_ptr_implINSt7__cxx1118basic_stringstreamIcSt11char_traitsIcESaIcEEESt14default_deleteIS5_EE6_M_ptrEv
FNDA:0,_ZNSt15__uniq_ptr_implINSt7__cxx1118basic_stringstreamIcSt11char_traitsIcESaIcEEESt14default_deleteIS5_EE6_M_ptrEv
FN:173,_ZNKSt15__uniq_ptr_implINSt7__cxx1112basic_stringIcSt11char_traitsIcESaIcEEESt14default_deleteIS5_EE6_M_ptrEv
FNDA:0,_ZNKSt15__uniq_ptr_implINSt7__cxx1112basic_stringIcSt11char_traitsIcESaIcEEESt14default_deleteIS5_EE6_M_ptrEv
FN:174,_ZNSt15__uniq_ptr_implINSt7__cxx1112basic_stringIcSt11char_traitsIcESaIcEEESt14default_deleteIS5_EE10_M_deleterEv
FNDA:0,_ZNSt15__uniq_ptr_implINSt7__cxx1112basic_stringIcSt11char_traitsIcESaIcEEESt14default_deleteIS5_EE10_M_deleterEv
FN:174,_ZNSt15__uniq_ptr_implINSt7__cxx1118basic_stringstreamIcSt11char_traitsIcESaIcEEESt14default_deleteIS5_EE10_M_deleterEv
FNDA:0,_ZNSt15__uniq_ptr_implINSt7__cxx1118basic_stringstreamIcSt11char_traitsIcESaIcEEESt14default_deleteIS5_EE10_M_deleterEv
FN:269,_ZNSt10unique_ptrINSt7__cxx1112basic_stringIcSt11char_traitsIcESaIcEEESt14default_deleteIS5_EEC1IS7_vEEv
FNDA:3219,_ZNSt10unique_ptrINSt7__cxx1112basic_stringIcSt11char_traitsIcESaIcEEESt14default_deleteIS5_EEC1IS7_vEEv
FN:355,_ZNSt10unique_ptrINSt7__cxx1112basic_stringIcSt11char_traitsIcESaIcEEESt14default_deleteIS5_EED1Ev
FNDA:3219,_ZNSt10unique_ptrINSt7__cxx1112basic_stringIcSt11char_traitsIcESaIcEEESt14default_deleteIS5_EED1Ev
FN:355,_ZNSt10unique_ptrINSt7__cxx1118basic_stringstreamIcSt11char_traitsIcESaIcEEESt14default_deleteIS5_EED1Ev
FNDA:0,_ZNSt10unique_ptrINSt7__cxx1118basic_stringstreamIcSt11char_traitsIcESaIcEEESt14default_deleteIS5_EED1Ev
FN:413,_ZNKSt10unique_ptrINSt7__cxx1112basic_stringIcSt11char_traitsIcESaIcEEESt14default_deleteIS5_EEptEv
FNDA:0,_ZNKSt10unique_ptrINSt7__cxx1112basic_stringIcSt11char_traitsIcESaIcEEESt14default_deleteIS5_EEptEv
FN:421,_ZNKSt10unique_ptrINSt7__cxx1112basic_stringIcSt11char_traitsIcESaIcEEESt14default_deleteIS5_EE3getEv
FNDA:0,_ZNKSt10unique_ptrINSt7__cxx1112basic_stringIcSt11char_traitsIcESaIcEEESt14default_deleteIS5_EE3getEv
FN:426,_ZNSt10unique_ptrINSt7__cxx1112basic_stringIcSt11char_traitsIcESaIcEEESt14default_deleteIS5_EE11get_deleterEv
FNDA:0,_ZNSt10unique_ptrINSt7__cxx1112basic_stringIcSt11char_traitsIcESaIcEEESt14default_deleteIS5_EE11get_deleterEv
FN:426,_ZNSt10unique_ptrINSt7__cxx1118basic_stringstreamIcSt11char_traitsIcESaIcEEESt14default_deleteIS5_EE11get_deleterEv
FNDA:124,_ZNSt10unique_ptrINSt7__cxx1118basic_stringstreamIcSt11char_traitsIcESaIcEEESt14default_deleteIS5_EE11get_deleterEv
FNF:15
FNH:5
DA:79,0
DA:85,0
DA:86,0
DA:79,124
DA:85,124
DA:86,124
DA:154,3219
DA:172,0
DA:172,0
DA:173,0
DA:174,0
DA:174,0
DA:269,3219
DA:270,3219
DA:271,3219
DA:355,3219
DA:359,3219
DA:360,3219
DA:361,0
DA:362,3219
DA:363,3219
DA:355,0
DA:359,0
DA:360,0
DA:361,0
DA:362,0
DA:363,0
DA:413,0
DA:416,0
DA:421,0
DA:422,0
DA:426,0
DA:427,0
DA:426,124
DA:427,124
LF:35
LH:14
end_of_record
SF:/Users/qylenett/Desktop/navigator/SimpleNavigator-v1.0/src/tests/dfs_tests.cc
FN:4,_ZN3s2173GraphAlgorithmsTest_test_DFS_simple_graph_3_check_all_vert_and_throw_TestC1Ev
FNDA:1,_ZN3s2173GraphAlgorithmsTest_test_DFS_simple_graph_3_check_all_vert_and_throw_TestC1Ev
FN:4,_ZN3s2173GraphAlgorithmsTest_test_DFS_simple_graph_3_check_all_vert_and_throw_Test8TestBodyEv
FNDA:1,_ZN3s2173GraphAlgorithmsTest_test_DFS_simple_graph_3_check_all_vert_and_throw_Test8TestBodyEv
FN:4,_ZN3s2173GraphAlgorithmsTest_test_DFS_simple_graph_3_check_all_vert_and_throw_TestD1Ev
FNDA:1,_ZN3s2173GraphAlgorithmsTest_test_DFS_simple_graph_3_check_all_vert_and_throw_TestD1Ev
FN:4,_ZN3s2173GraphAlgorithmsTest_test_DFS_simple_graph_3_check_all_vert_and_throw_TestD0Ev
FNDA:1,_ZN3s2173GraphAlgorithmsTest_test_DFS_simple_graph_3_check_all_vert_and_throw_TestD0Ev
FN:45,_ZN3s2170GraphAlgorithmsTest_test_DFS_simple_graph_13_check_vers_and_throw_TestC1Ev
FNDA:1,_ZN3s2170GraphAlgorithmsTest_test_DFS_simple_graph_13_check_vers_and_throw_TestC1Ev
FN:45,_ZN3s2170GraphAlgorithmsTest_test_DFS_simple_graph_13_check_vers_and_throw_Test8TestBodyEv
FNDA:1,_ZN3s2170GraphAlgorithmsTest_test_DFS_simple_graph_13_check_vers_and_throw_Test8TestBodyEv
FN:45,_ZN3s2170GraphAlgorithmsTest_test_DFS_simple_graph_13_check_vers_and_throw_TestD1Ev
FNDA:1,_ZN3s2170GraphAlgorithmsTest_test_DFS_simple_graph_13_check_vers_and_throw_TestD1Ev
FN:45,_ZN3s2170GraphAlgorithmsTest_test_DFS_simple_graph_13_check_vers_and_throw_TestD0Ev
FNDA:1,_ZN3s2170GraphAlgorithmsTest_test_DFS_simple_graph_13_check_vers_and_throw_TestD0Ev
FN:80,_ZN3s2171GraphAlgorithmsTest_test_DFS_directed_graph_8_check_directed_verts_TestC1Ev
FNDA:1,_ZN3s2171GraphAlgorithmsTest_test_DFS_directed_graph_8_check_directed_verts_TestC1Ev
FN:80,_ZN3s2171GraphAlgorithmsTest_test_DFS_directed_graph_8_check_directed_verts_TestD0Ev
FNDA:1,_ZN3s2171GraphAlgorithmsTest_test_DFS_directed_graph_8_check_directed_verts_TestD0Ev
FN:80,_ZN3s2171GraphAlgorithmsTest_test_DFS_directed_graph_8_check_directed_verts_TestD1Ev
FNDA:1,_ZN3s2171GraphAlgorithmsTest_test_DFS_directed_graph_8_check_directed_verts_TestD1Ev
FN:80,_ZN3s2171GraphAlgorithmsTest_test_DFS_directed_graph_8_check_directed_verts_Test8TestBodyEv
FNDA:1,_ZN3s2171GraphAlgorithmsTest_test_DFS_directed_graph_8_check_directed_verts_Test8TestBodyEv
FN:105,_ZN3s2167GraphAlgorithmsTest_test_DFS_directed_graph_21_check_big_graph_TestD0Ev
FNDA:1,_ZN3s2167GraphAlgorithmsTest_test_DFS_directed_graph_21_check_big_graph_TestD0Ev
FN:105,_ZN3s2167GraphAlgorithmsTest_test_DFS_directed_graph_21_check_big_graph_TestD1Ev
FNDA:1,_ZN3s2167GraphAlgorithmsTest_test_DFS_directed_graph_21_check_big_graph_TestD1Ev
FN:105,_ZN3s2167GraphAlgorithmsTest_test_DFS_directed_graph_21_check_big_graph_TestC1Ev
FNDA:1,_ZN3s2167GraphAlgorithmsTest_test_DFS_directed_graph_21_check_big_graph_TestC1Ev
FN:105,_ZN3s2167GraphAlgorithmsTest_test_DFS_directed_graph_21_check_big_graph_Test8TestBodyEv
FNDA:1,_ZN3s2167GraphAlgorithmsTest_test_DFS_directed_graph_21_check_big_graph_Test8TestBodyEv
FN:135,_ZN3s2162GraphAlgorithmsTest_test_DFS_weighted_graph_9_check_verts_TestC1Ev
FNDA:1,_ZN3s2162GraphAlgorithmsTest_test_DFS_weighted_graph_9_check_verts_TestC1Ev
FN:135,_ZN3s2162GraphAlgorithmsTest_test_DFS_weighted_graph_9_check_verts_TestD0Ev
FNDA:1,_ZN3s2162GraphAlgorithmsTest_test_DFS_weighted_graph_9_check_verts_TestD0Ev
FN:135,_ZN3s2162GraphAlgorithmsTest_test_DFS_weighted_graph_9_check_verts_TestD1Ev
FNDA:1,_ZN3s2162GraphAlgorithmsTest_test_DFS_weighted_graph_9_check_verts_TestD1Ev
FN:135,_ZN3s2162GraphAlgorithmsTest_test_DFS_weighted_graph_9_check_verts_Test8TestBodyEv
FNDA:1,_ZN3s2162GraphAlgorithmsTest_test_DFS_weighted_graph_9_check_verts_Test8TestBodyEv
FN:166,_ZN3s2174GraphAlgorithmsTest_test_DFS_weighted_directed_graph_8_check_all_vert_TestD1Ev
FNDA:1,_ZN3s2174GraphAlgorithmsTest_test_DFS_weighted_directed_graph_8_check_all_vert_TestD1Ev
FN:166,_ZN3s2174GraphAlgorithmsTest_test_DFS_weighted_directed_graph_8_check_all_vert_Test8TestBodyEv
FNDA:1,_ZN3s2174GraphAlgorithmsTest_test_DFS_weighted_directed_graph_8_check_all_vert_Test8TestBodyEv
FN:166,_ZN3s2174GraphAlgorithmsTest_test_DFS_weighted_directed_graph_8_check_all_vert_TestD0Ev
FNDA:1,_ZN3s2174GraphAlgorithmsTest_test_DFS_weighted_directed_graph_8_check_all_vert_TestD0Ev
FN:166,_ZN3s2174GraphAlgorithmsTest_test_DFS_weighted_directed_graph_8_check_all_vert_TestC1Ev
FNDA:1,_ZN3s2174GraphAlgorithmsTest_test_DFS_weighted_directed_graph_8_check_all_vert_TestC1Ev
FN:237,_ZN3s2148GraphAlgorithmsTest_test_DFS_very_big_graph_Test8TestBodyEv
FNDA:1,_ZN3s2148GraphAlgorithmsTest_test_DFS_very_big_graph_Test8TestBodyEv
FN:237,_ZN3s2148GraphAlgorithmsTest_test_DFS_very_big_graph_TestD1Ev
FNDA:1,_ZN3s2148GraphAlgorithmsTest_test_DFS_very_big_graph_TestD1Ev
FN:237,_ZN3s2148GraphAlgorithmsTest_test_DFS_very_big_graph_TestD0Ev
FNDA:1,_ZN3s2148GraphAlgorithmsTest_test_DFS_very_big_graph_TestD0Ev
FN:237,_ZN3s2148GraphAlgorithmsTest_test_DFS_very_big_graph_TestC1Ev
FNDA:1,_ZN3s2148GraphAlgorithmsTest_test_DFS_very_big_graph_TestC1Ev
FNF:28
FNH:28
DA:4,1
DA:4,1
DA:4,1
DA:4,1
DA:5,1
DA:6,1
DA:7,1
DA:8,1
DA:9,1
DA:10,1
DA:11,1
DA:12,1
DA:13,1
DA:14,4
DA:15,3
DA:18,1
DA:19,1
DA:20,1
DA:21,1
DA:22,1
DA:23,4
DA:24,3
DA:27,1
DA:28,1
DA:29,1
DA:30,1
DA:31,1
DA:32,4
DA:33,3
DA:36,1
DA:37,1
DA:38,1
DA:40,1
DA:41,1
DA:42,1
DA:45,1
DA:45,1
DA:45,1
DA:45,1
DA:46,1
DA:47,1
DA:48,1
DA:49,1
DA:50,1
DA:51,1
DA:52,1
DA:53,1
DA:55,1
DA:57,14
DA:58,13
DA:61,1
DA:62,1
DA:63,1
DA:64,1
DA:65,1
DA:67,14
DA:68,13
DA:71,1
DA:72,1
DA:73,1
DA:75,1
DA:76,1
DA:77,1
DA:80,1
DA:80,1
DA:80,1
DA:80,1
DA:81,1
DA:82,1
DA:83,1
DA:84,1
DA:85,1
DA:86,1
DA:87,1
DA:88,1
DA:90,1
DA:91,9
DA:92,8
DA:95,1
DA:96,1
DA:97,1
DA:98,1
DA:99,1
DA:100,9
DA:101,8
DA:105,1
DA:105,1
DA:105,1
DA:105,1
DA:106,1
DA:107,1
DA:108,1
DA:109,1
DA:110,1
DA:111,1
DA:112,1
DA:113,1
DA:115,0
DA:116,1
DA:117,22
DA:118,21
DA:121,1
DA:122,1
DA:123,1
DA:124,1
DA:125,0
DA:126,1
DA:127,20
DA:128,19
DA:131,1
DA:132,1
DA:135,1
DA:135,1
DA:135,1
DA:135,1
DA:136,1
DA:137,1
DA:138,1
DA:139,1
DA:140,1
DA:141,1
DA:142,1
DA:143,1
DA:144,1
DA:145,10
DA:146,9
DA:148,1
DA:149,1
DA:150,1
DA:151,1
DA:152,1
DA:153,10
DA:154,9
DA:156,1
DA:157,1
DA:158,1
DA:159,1
DA:160,1
DA:161,10
DA:162,9
DA:166,1
DA:166,1
DA:166,1
DA:166,1
DA:167,1
DA:168,1
DA:169,1
DA:170,1
DA:171,1
DA:172,1
DA:173,1
DA:174,1
DA:175,1
DA:176,9
DA:177,8
DA:179,1
DA:180,1
DA:181,1
DA:182,1
DA:183,1
DA:184,7
DA:185,6
DA:187,1
DA:188,1
DA:189,1
DA:190,1
DA:191,1
DA:192,6
DA:193,5
DA:195,1
DA:196,1
DA:197,1
DA:198,1
DA:199,1
DA:200,6
DA:201,5
DA:203,1
DA:204,1
DA:205,1
DA:206,1
DA:207,1
DA:208,6
DA:209,5
DA:211,1
DA:212,1
DA:213,1
DA:214,1
DA:215,1
DA:216,6
DA:217,5
DA:219,1
DA:220,1
DA:221,1
DA:222,1
DA:223,1
DA:224,6
DA:225,5
DA:227,1
DA:228,1
DA:229,1
DA:230,1
DA:231,1
DA:232,7
DA:233,6
DA:237,1
DA:237,1
DA:237,1
DA:237,1
DA:238,1
DA:239,1
DA:240,1
DA:241,1
DA:242,1
DA:243,1
DA:244,1
DA:245,1
DA:246,0
DA:248,1
DA:249,51
DA:250,50
LF:220
LH:217
end_of_record
SF:/usr/local/include/c++/10.3.0/bits/stl_queue.h
FN:514,_ZNSt14priority_queueISt4pairIiiESt6vectorIS1_SaIS1_EESt4lessIS1_EEC1IS4_vEEv
FNDA:16,_ZNSt14priority_queueISt4pairIiiESt6vectorIS1_SaIS1_EESt4lessIS1_EEC1IS4_vEEv
FN:612,_ZNKSt14priority_queueISt4pairIiiESt6vectorIS1_SaIS1_EESt4lessIS1_EE5emptyEv
FNDA:466,_ZNKSt14priority_queueISt4pairIiiESt6vectorIS1_SaIS1_EESt4lessIS1_EE5emptyEv
FN:625,_ZNKSt14priority_queueISt4pairIiiESt6vectorIS1_SaIS1_EESt4lessIS1_EE3topEv
FNDA:900,_ZNKSt14priority_queueISt4pairIiiESt6vectorIS1_SaIS1_EESt4lessIS1_EE3topEv
FN:648,_ZNSt14priority_queueISt4pairIiiESt6vectorIS1_SaIS1_EESt4lessIS1_EE4pushEOS1_
FNDA:450,_ZNSt14priority_queueISt4pairIiiESt6vectorIS1_SaIS1_EESt4lessIS1_EE4pushEOS1_
FN:675,_ZNSt14priority_queueISt4pairIiiESt6vectorIS1_SaIS1_EESt4lessIS1_EE3popEv
FNDA:450,_ZNSt14priority_queueISt4pairIiiESt6vectorIS1_SaIS1_EESt4lessIS1_EE3popEv
FNF:5
FNH:5
DA:514,16
DA:515,16
DA:612,466
DA:613,466
DA:625,900
DA:628,900
DA:648,450
DA:650,450
DA:651,450
DA:652,450
DA:675,450
DA:678,450
DA:679,450
DA:680,450
LF:14
LH:14
end_of_record
SF:/usr/local/include/c++/10.3.0/bits/move.h
FN:49,_ZSt11__addressofImEPT_RS0_
FNDA:289,_ZSt11__addressofImEPT_RS0_
FN:49,_ZSt11__addressofISt4pairIiiEEPT_RS2_
FNDA:627,_ZSt11__addressofISt4pairIiiEEPT_RS2_
FN:49,_ZSt11__addressofISt6vectorIdSaIdEEEPT_RS3_
FNDA:5480030,_ZSt11__addressofISt6vectorIdSaIdEEEPT_RS3_
FN:49,_ZSt11__addressofISt6vectorIiSaIiEEEPT_RS3_
FNDA:7304947,_ZSt11__addressofISt6vectorIiSaIiEEEPT_RS3_
FN:76,_ZSt7forwardISt4pairIiiEEOT_RNSt16remove_referenceIS2_E4typeE
FNDA:1844,_ZSt7forwardISt4pairIiiEEOT_RNSt16remove_referenceIS2_E4typeE
FN:76,_ZSt7forwardIRiEOT_RNSt16remove_referenceIS1_E4typeE
FNDA:768,_ZSt7forwardIRiEOT_RNSt16remove_referenceIS1_E4typeE
FN:76,_ZSt7forwardIiEOT_RNSt16remove_referenceIS0_E4typeE
FNDA:10677,_ZSt7forwardIiEOT_RNSt16remove_referenceIS0_E4typeE
FN:76,_ZSt7forwardIRKiEOT_RNSt16remove_referenceIS2_E4typeE
FNDA:902079,_ZSt7forwardIRKiEOT_RNSt16remove_referenceIS2_E4typeE
FN:76,_ZSt7forwardIRKSt4pairIiiEEOT_RNSt16remove_referenceIS4_E4typeE
FNDA:12,_ZSt7forwardIRKSt4pairIiiEEOT_RNSt16remove_referenceIS4_E4typeE
FN:76,_ZSt7forwardISt6vectorIiSaIiEEEOT_RNSt16remove_referenceIS3_E4typeE
FNDA:3878,_ZSt7forwardISt6vectorIiSaIiEEEOT_RNSt16remove_referenceIS3_E4typeE
FN:76,_ZSt7forwardIRKSt6vectorIiSaIiEEEOT_RNSt16remove_referenceIS5_E4typeE
FNDA:3650464,_ZSt7forwardIRKSt6vectorIiSaIiEEEOT_RNSt16remove_referenceIS5_E4typeE
FN:76,_ZSt7forwardIRSt6vectorIiSaIiEEEOT_RNSt16remove_referenceIS4_E4typeE
FNDA:0,_ZSt7forwardIRSt6vectorIiSaIiEEEOT_RNSt16remove_referenceIS4_E4typeE
FN:76,_ZSt7forwardIRKSt6vectorIdSaIdEEEOT_RNSt16remove_referenceIS5_E4typeE
FNDA:2740015,_ZSt7forwardIRKSt6vectorIdSaIdEEEOT_RNSt16remove_referenceIS5_E4typeE
FN:101,_ZSt4moveIRSaIiEEONSt16remove_referenceIT_E4typeEOS3_
FNDA:47,_ZSt4moveIRSaIiEEONSt16remove_referenceIT_E4typeEOS3_
FN:101,_ZSt4moveIRSaISt6vectorIiSaIiEEEEONSt16remove_referenceIT_E4typeEOS6_
FNDA:5,_ZSt4moveIRSaISt6vectorIiSaIiEEEEONSt16remove_referenceIT_E4typeEOS6_
FN:101,_ZSt4moveIRN9__gnu_cxx5__ops15_Iter_comp_iterISt4lessISt4pairIiiEEEEEONSt16remove_referenceIT_E4typeEOSA_
FNDA:413,_ZSt4moveIRN9__gnu_cxx5__ops15_Iter_comp_iterISt4lessISt4pairIiiEEEEEONSt16remove_referenceIT_E4typeEOSA_
FN:101,_ZSt4moveIRPSt6vectorIiSaIiEEEONSt16remove_referenceIT_E4typeEOS6_
FNDA:220,_ZSt4moveIRPSt6vectorIiSaIiEEEONSt16remove_referenceIT_E4typeEOS6_
FN:101,_ZSt4moveIRN9__gnu_cxx17__normal_iteratorIPiSt6vectorIiSaIiEEEEEONSt16remove_referenceIT_E4typeEOS9_
FNDA:22,_ZSt4moveIRN9__gnu_cxx17__normal_iteratorIPiSt6vectorIiSaIiEEEEEONSt16remove_referenceIT_E4typeEOS9_
FN:101,_ZSt4moveIRiEONSt16remove_referenceIT_E4typeEOS2_
FNDA:0,_ZSt4moveIRiEONSt16remove_referenceIT_E4typeEOS2_
FN:101,_ZSt4moveIRSt6vectorIS0_IiSaIiEESaIS2_EEEONSt16remove_referenceIT_E4typeEOS7_
FNDA:5,_ZSt4moveIRSt6vectorIS0_IiSaIiEESaIS2_EEEONSt16remove_referenceIT_E4typeEOS7_
FN:101,_ZSt4moveIRSt4lessISt4pairIiiEEEONSt16remove_referenceIT_E4typeEOS6_
FNDA:1313,_ZSt4moveIRSt4lessISt4pairIiiEEEONSt16remove_referenceIT_E4typeEOS6_
FN:101,_ZSt4moveIRSt4pairIiiEEONSt16remove_referenceIT_E4typeEOS4_
FNDA:5848,_ZSt4moveIRSt4pairIiiEEONSt16remove_referenceIT_E4typeEOS4_
FN:101,_ZSt4moveIRNSt12_Vector_baseIiSaIiEE12_Vector_implEEONSt16remove_referenceIT_E4typeEOS6_
FNDA:2962,_ZSt4moveIRNSt12_Vector_baseIiSaIiEE12_Vector_implEEONSt16remove_referenceIT_E4typeEOS6_
FN:101,_ZSt4moveIRPNSt7__cxx1112basic_stringIcSt11char_traitsIcESaIcEEEEONSt16remove_referenceIT_E4typeEOS9_
FNDA:0,_ZSt4moveIRPNSt7__cxx1112basic_stringIcSt11char_traitsIcESaIcEEEEONSt16remove_referenceIT_E4typeEOS9_
FN:101,_ZSt4moveIRPNSt7__cxx1118basic_stringstreamIcSt11char_traitsIcESaIcEEEEONSt16remove_referenceIT_E4typeEOS9_
FNDA:0,_ZSt4moveIRPNSt7__cxx1118basic_stringstreamIcSt11char_traitsIcESaIcEEEEONSt16remove_referenceIT_E4typeEOS9_
FN:101,_ZSt4moveIRSt6vectorIiSaIiEEEONSt16remove_referenceIT_E4typeEOS5_
FNDA:1541,_ZSt4moveIRSt6vectorIiSaIiEEEONSt16remove_referenceIT_E4typeEOS5_
FNF:26
FNH:22
DA:49,627
DA:50,627
DA:49,5480030
DA:50,5480030
DA:49,7304947
DA:50,7304947
DA:49,289
DA:50,289
DA:76,12
DA:77,12
DA:76,2740015
DA:77,2740015
DA:76,0
DA:77,0
DA:76,3650464
DA:77,3650464
DA:76,3878
DA:77,3878
DA:76,1844
DA:77,1844
DA:76,902079
DA:77,902079
DA:76,10677
DA:77,10677
DA:76,768
DA:77,768
DA:101,22
DA:102,22
DA:101,220
DA:102,220
DA:101,413
DA:102,413
DA:101,47
DA:102,47
DA:101,5
DA:102,5
DA:101,0
DA:102,0
DA:101,5
DA:102,5
DA:101,1313
DA:102,1313
DA:101,5848
DA:102,5848
DA:101,2962
DA:102,2962
DA:101,0
DA:102,0
DA:101,0
DA:102,0
DA:101,1541
DA:102,1541
LF:52
LH:44
end_of_record
SF:/usr/local/include/gtest/internal/gtest-internal.h
FN:456,_ZN7testing8internal15TestFactoryBaseD2Ev
FNDA:0,_ZN7testing8internal15TestFactoryBaseD2Ev
FN:463,_ZN7testing8internal15TestFactoryBaseC2Ev
FNDA:0,_ZN7testing8internal15TestFactoryBaseC2Ev
FN:474,_ZN7testing8internal15TestFactoryImplIN3s2125Graph_DIM_NEGATIVE_2_TestEE10CreateTestEv
FNDA:1,_ZN7testing8internal15TestFactoryImplIN3s2125Graph_DIM_NEGATIVE_2_TestEE10CreateTestEv
FN:474,_ZN7testing8internal15TestFactoryImplIN3s2136GraphAlgorithmsTest_getEdgeList_TestEE10CreateTestEv
FNDA:1,_ZN7testing8internal15TestFactoryImplIN3s2136GraphAlgorithmsTest_getEdgeList_TestEE10CreateTestEv
FN:474,_ZN7testing8internal15TestFactoryImplIN3s2123Graph_DIM_NEGATIVE_TestEE10CreateTestEv
FNDA:1,_ZN7testing8internal15TestFactoryImplIN3s2123Graph_DIM_NEGATIVE_TestEE10CreateTestEv
FN:474,_ZN7testing8internal15TestFactoryImplIN3s2122Graph_CheckFile10_TestEE10CreateTestEv
FNDA:1,_ZN7testing8internal15TestFactoryImplIN3s2122Graph_CheckFile10_TestEE10CreateTestEv
FN:474,_ZN7testing8internal15TestFactoryImplIN3s2121Graph_CheckFile6_TestEE10CreateTestEv
FNDA:1,_ZN7testing8internal15TestFactoryImplIN3s2121Graph_CheckFile6_TestEE10CreateTestEv
FN:474,_ZN7testing8internal15TestFactoryImplIN3s2121Graph_CheckFile5_TestEE10CreateTestEv
FNDA:1,_ZN7testing8internal15TestFactoryImplIN3s2121Graph_CheckFile5_TestEE10CreateTestEv
FN:474,_ZN7testing8internal15TestFactoryImplIN3s2121Graph_CheckFile4_TestEE10CreateTestEv
FNDA:1,_ZN7testing8internal15TestFactoryImplIN3s2121Graph_CheckFile4_TestEE10CreateTestEv
FN:474,_ZN7testing8internal15TestFactoryImplIN3s2121Graph_CheckFile3_TestEE10CreateTestEv
FNDA:1,_ZN7testing8internal15TestFactoryImplIN3s2121Graph_CheckFile3_TestEE10CreateTestEv
FN:474,_ZN7testing8internal15TestFactoryImplIN3s2121Graph_CheckFile2_TestEE10CreateTestEv
FNDA:1,_ZN7testing8internal15TestFactoryImplIN3s2121Graph_CheckFile2_TestEE10CreateTestEv
FN:474,_ZN7testing8internal15TestFactoryImplIN3s2135GraphAlgorithmsTest_CheckFile1_TestEE10CreateTestEv
FNDA:1,_ZN7testing8internal15TestFactoryImplIN3s2135GraphAlgorithmsTest_CheckFile1_TestEE10CreateTestEv
FN:474,_ZN7testing8internal15TestFactoryImplIN3s2130Graph_Graph_DOTerror_Test_TestEE10CreateTestEv
FNDA:1,_ZN7testing8internal15TestFactoryImplIN3s2130Graph_Graph_DOTerror_Test_TestEE10CreateTestEv
FN:474,_ZN7testing8internal15TestFactoryImplIN3s2158GraphAlgorithmsTest_ExportGraphToDot_ErrorOpeningFile_TestEE10CreateTestEv
FNDA:1,_ZN7testing8internal15TestFactoryImplIN3s2158GraphAlgorithmsTest_ExportGraphToDot_ErrorOpeningFile_TestEE10CreateTestEv
FN:474,_ZN7testing8internal15TestFactoryImplIN3s2173GraphAlgorithmsTest_test_BFS_simple_graph_3_check_all_vert_and_throw_TestEE10CreateTestEv
FNDA:1,_ZN7testing8internal15TestFactoryImplIN3s2173GraphAlgorithmsTest_test_BFS_simple_graph_3_check_all_vert_and_throw_TestEE10CreateTestEv
FN:474,_ZN7testing8internal15TestFactoryImplIN3s2128GraphAlgorithmsTest_DOT_TestEE10CreateTestEv
FNDA:1,_ZN7testing8internal15TestFactoryImplIN3s2128GraphAlgorithmsTest_DOT_TestEE10CreateTestEv
FN:474,_ZN7testing8internal15TestFactoryImplIN3s2141GraphAlgorithmsTest_errorOpeningFile_TestEE10CreateTestEv
FNDA:1,_ZN7testing8internal15TestFactoryImplIN3s2141GraphAlgorithmsTest_errorOpeningFile_TestEE10CreateTestEv
FN:474,_ZN7testing8internal15TestFactoryImplIN3s2144GraphAlgorithmsTest_Graph_DOTerror_Test_TestEE10CreateTestEv
FNDA:1,_ZN7testing8internal15TestFactoryImplIN3s2144GraphAlgorithmsTest_Graph_DOTerror_Test_TestEE10CreateTestEv
FN:474,_ZN7testing8internal15TestFactoryImplIN3s2121Graph_FILE_EMPTY_TestEE10CreateTestEv
FNDA:1,_ZN7testing8internal15TestFactoryImplIN3s2121Graph_FILE_EMPTY_TestEE10CreateTestEv
FN:474,_ZN7testing8internal15TestFactoryImplIN3s2129Graph_Graph_connectivity_TestEE10CreateTestEv
FNDA:1,_ZN7testing8internal15TestFactoryImplIN3s2129Graph_Graph_connectivity_TestEE10CreateTestEv
FN:474,_ZN7testing8internal15TestFactoryImplIN3s2131Graph_Graph_connectivity_2_TestEE10CreateTestEv
FNDA:1,_ZN7testing8internal15TestFactoryImplIN3s2131Graph_Graph_connectivity_2_TestEE10CreateTestEv
FN:474,_ZN7testing8internal15TestFactoryImplIN3s2131Graph_Graph_connectivity_3_TestEE10CreateTestEv
FNDA:1,_ZN7testing8internal15TestFactoryImplIN3s2131Graph_Graph_connectivity_3_TestEE10CreateTestEv
FN:474,_ZN7testing8internal15TestFactoryImplIN3s2131Graph_Graph_connectivity_4_TestEE10CreateTestEv
FNDA:1,_ZN7testing8internal15TestFactoryImplIN3s2131Graph_Graph_connectivity_4_TestEE10CreateTestEv
FN:474,_ZN7testing8internal15TestFactoryImplIN3s2131Graph_Graph_connectivity_5_TestEE10CreateTestEv
FNDA:1,_ZN7testing8internal15TestFactoryImplIN3s2131Graph_Graph_connectivity_5_TestEE10CreateTestEv
FN:474,_ZN7testing8internal15TestFactoryImplIN3s2131Graph_Graph_connectivity_6_TestEE10CreateTestEv
FNDA:1,_ZN7testing8internal15TestFactoryImplIN3s2131Graph_Graph_connectivity_6_TestEE10CreateTestEv
FN:474,_ZN7testing8internal15TestFactoryImplIN3s2131Graph_Graph_connectivity_7_TestEE10CreateTestEv
FNDA:1,_ZN7testing8internal15TestFactoryImplIN3s2131Graph_Graph_connectivity_7_TestEE10CreateTestEv
FN:474,_ZN7testing8internal15TestFactoryImplIN3s21111GraphAlgorithmsTest_test_GetLeastSpanningTree_working_with_simple_graph_compare_weights_results_and_matrix_TestEE10CreateTestEv
FNDA:1,_ZN7testing8internal15TestFactoryImplIN3s21111GraphAlgorithmsTest_test_GetLeastSpanningTree_working_with_simple_graph_compare_weights_results_and_matrix_TestEE10CreateTestEv
FN:474,_ZN7testing8internal15TestFactoryImplIN3s21111GraphAlgorithmsTest_test_GetLeastSpanningTree_2_workingwithdirected_graph_compare_weight_result_and_matrix_TestEE10CreateTestEv
FNDA:1,_ZN7testing8internal15TestFactoryImplIN3s21111GraphAlgorithmsTest_test_GetLeastSpanningTree_2_workingwithdirected_graph_compare_weight_result_and_matrix_TestEE10CreateTestEv
FN:474,_ZN7testing8internal15TestFactoryImplIN3s21109GraphAlgorithmsTest_test_GetLeastSpanningTree_3_simple_graph_unweighted_compare_weight_result_and_matrix_TestEE10CreateTestEv
FNDA:1,_ZN7testing8internal15TestFactoryImplIN3s21109GraphAlgorithmsTest_test_GetLeastSpanningTree_3_simple_graph_unweighted_compare_weight_result_and_matrix_TestEE10CreateTestEv
FN:474,_ZN7testing8internal15TestFactoryImplIN3s2195GraphAlgorithmsTest_test_GetLeastSpanningTree_3_simple_graph_simple_10_vert_for_check_tree_TestEE10CreateTestEv
FNDA:1,_ZN7testing8internal15TestFactoryImplIN3s2195GraphAlgorithmsTest_test_GetLeastSpanningTree_3_simple_graph_simple_10_vert_for_check_tree_TestEE10CreateTestEv
FN:474,_ZN7testing8internal15TestFactoryImplIN3s2165GraphAlgorithmsTest_test_GetLeastSpanningTree_very_big_graph_TestEE10CreateTestEv
FNDA:1,_ZN7testing8internal15TestFactoryImplIN3s2165GraphAlgorithmsTest_test_GetLeastSpanningTree_very_big_graph_TestEE10CreateTestEv
FN:474,_ZN7testing8internal15TestFactoryImplIN3s2136AntTest_weighted_graph_4_vert_1_TestEE10CreateTestEv
FNDA:1,_ZN7testing8internal15TestFactoryImplIN3s2136AntTest_weighted_graph_4_vert_1_TestEE10CreateTestEv
FN:474,_ZN7testing8internal15TestFactoryImplIN3s2135AntTest_weighted_graph_11_vert_TestEE10CreateTestEv
FNDA:1,_ZN7testing8internal15TestFactoryImplIN3s2135AntTest_weighted_graph_11_vert_TestEE10CreateTestEv
FN:474,_ZN7testing8internal15TestFactoryImplIN3s2142GraphAlgorithmsTest_ShortestPathCase6_TestEE10CreateTestEv
FNDA:1,_ZN7testing8internal15TestFactoryImplIN3s2142GraphAlgorithmsTest_ShortestPathCase6_TestEE10CreateTestEv
FN:474,_ZN7testing8internal15TestFactoryImplIN3s2171GraphAlgorithmsTest_test_BFS_simple_graph_13_check_verts_and_throw_TestEE10CreateTestEv
FNDA:1,_ZN7testing8internal15TestFactoryImplIN3s2171GraphAlgorithmsTest_test_BFS_simple_graph_13_check_verts_and_throw_TestEE10CreateTestEv
FN:474,_ZN7testing8internal15TestFactoryImplIN3s2161GraphAlgorithmsTest_test_BFS_directed_graph_8_check_vert_TestEE10CreateTestEv
FNDA:1,_ZN7testing8internal15TestFactoryImplIN3s2161GraphAlgorithmsTest_test_BFS_directed_graph_8_check_vert_TestEE10CreateTestEv
FN:474,_ZN7testing8internal15TestFactoryImplIN3s2167GraphAlgorithmsTest_test_BFS_directed_graph_21_check_big_graph_TestEE10CreateTestEv
FNDA:1,_ZN7testing8internal15TestFactoryImplIN3s2167GraphAlgorithmsTest_test_BFS_directed_graph_21_check_big_graph_TestEE10CreateTestEv
FN:474,_ZN7testing8internal15TestFactoryImplIN3s2161GraphAlgorithmsTest_test_BFS_weighted_graph_9_check_vert_TestEE10CreateTestEv
FNDA:1,_ZN7testing8internal15TestFactoryImplIN3s2161GraphAlgorithmsTest_test_BFS_weighted_graph_9_check_vert_TestEE10CreateTestEv
FN:474,_ZN7testing8internal15TestFactoryImplIN3s2148GraphAlgorithmsTest_test_BFS_very_big_graph_TestEE10CreateTestEv
FNDA:1,_ZN7testing8internal15TestFactoryImplIN3s2148GraphAlgorithmsTest_test_BFS_very_big_graph_TestEE10CreateTestEv
FN:474,_ZN7testing8internal15TestFactoryImplIN3s2142GraphAlgorithmsTest_ShortestPathCase1_TestEE10CreateTestEv
FNDA:1,_ZN7testing8internal15TestFactoryImplIN3s2142GraphAlgorithmsTest_ShortestPathCase1_TestEE10CreateTestEv
FN:474,_ZN7testing8internal15TestFactoryImplIN3s2142GraphAlgorithmsTest_ShortestPathCase2_TestEE10CreateTestEv
FNDA:1,_ZN7testing8internal15TestFactoryImplIN3s2142GraphAlgorithmsTest_ShortestPathCase2_TestEE10CreateTestEv
FN:474,_ZN7testing8internal15TestFactoryImplIN3s2142GraphAlgorithmsTest_ShortestPathCase3_TestEE10CreateTestEv
FNDA:1,_ZN7testing8internal15TestFactoryImplIN3s2142GraphAlgorithmsTest_ShortestPathCase3_TestEE10CreateTestEv
FN:474,_ZN7testing8internal15TestFactoryImplIN3s2142GraphAlgorithmsTest_ShortestPathCase4_TestEE10CreateTestEv
FNDA:1,_ZN7testing8internal15TestFactoryImplIN3s2142GraphAlgorithmsTest_ShortestPathCase4_TestEE10CreateTestEv
FN:474,_ZN7testing8internal15TestFactoryImplIN3s2140GraphAlgorithmsTest_InvalidVertices_TestEE10CreateTestEv
FNDA:1,_ZN7testing8internal15TestFactoryImplIN3s2140GraphAlgorithmsTest_InvalidVertices_TestEE10CreateTestEv
FN:474,_ZN7testing8internal15TestFactoryImplIN3s2141GraphAlgorithmsTest_InvalidVertices1_TestEE10CreateTestEv
FNDA:1,_ZN7testing8internal15TestFactoryImplIN3s2141GraphAlgorithmsTest_InvalidVertices1_TestEE10CreateTestEv
FN:474,_ZN7testing8internal15TestFactoryImplIN3s2142GraphAlgorithmsTest_ShortestPathCase5_TestEE10CreateTestEv
FNDA:1,_ZN7testing8internal15TestFactoryImplIN3s2142GraphAlgorithmsTest_ShortestPathCase5_TestEE10CreateTestEv
FN:474,_ZN7testing8internal15TestFactoryImplIN3s2128Graph_getAjacencyMatrix_TestEE10CreateTestEv
FNDA:1,_ZN7testing8internal15TestFactoryImplIN3s2128Graph_getAjacencyMatrix_TestEE10CreateTestEv
FN:474,_ZN7testing8internal15TestFactoryImplIN3s2142GraphAlgorithmsTest_ShortestPathCase7_TestEE10CreateTestEv
FNDA:1,_ZN7testing8internal15TestFactoryImplIN3s2142GraphAlgorithmsTest_ShortestPathCase7_TestEE10CreateTestEv
FN:474,_ZN7testing8internal15TestFactoryImplIN3s2142GraphAlgorithmsTest_ShortestPathCase8_TestEE10CreateTestEv
FNDA:1,_ZN7testing8internal15TestFactoryImplIN3s2142GraphAlgorithmsTest_ShortestPathCase8_TestEE10CreateTestEv
FN:474,_ZN7testing8internal15TestFactoryImplIN3s2154Test_FloidWarshall_weighted_directed_graph_4_vert_TestEE10CreateTestEv
FNDA:1,_ZN7testing8internal15TestFactoryImplIN3s2154Test_FloidWarshall_weighted_directed_graph_4_vert_TestEE10CreateTestEv
FN:474,_ZN7testing8internal15TestFactoryImplIN3s2153GraphAlgorithmsTest_FloidWarshall_very_big_graph_TestEE10CreateTestEv
FNDA:1,_ZN7testing8internal15TestFactoryImplIN3s2153GraphAlgorithmsTest_FloidWarshall_very_big_graph_TestEE10CreateTestEv
FN:474,_ZN7testing8internal15TestFactoryImplIN3s2159GraphAlgorithmsTest_FloidWarshall_graph_21_vert_direct_TestEE10CreateTestEv
FNDA:1,_ZN7testing8internal15TestFactoryImplIN3s2159GraphAlgorithmsTest_FloidWarshall_graph_21_vert_direct_TestEE10CreateTestEv
FN:474,_ZN7testing8internal15TestFactoryImplIN3s2169GraphAlgorithmsTest_FloidWarshall_weighted_directed_graph_8_vert_TestEE10CreateTestEv
FNDA:1,_ZN7testing8internal15TestFactoryImplIN3s2169GraphAlgorithmsTest_FloidWarshall_weighted_directed_graph_8_vert_TestEE10CreateTestEv
FN:474,_ZN7testing8internal15TestFactoryImplIN3s2169GraphAlgorithmsTest_FloidWarshall_weighted_directed_graph_3_vert_TestEE10CreateTestEv
FNDA:1,_ZN7testing8internal15TestFactoryImplIN3s2169GraphAlgorithmsTest_FloidWarshall_weighted_directed_graph_3_vert_TestEE10CreateTestEv
FN:474,_ZN7testing8internal15TestFactoryImplIN3s2142GraphAlgorithmsTest_ShortestPathCase9_TestEE10CreateTestEv
FNDA:1,_ZN7testing8internal15TestFactoryImplIN3s2142GraphAlgorithmsTest_ShortestPathCase9_TestEE10CreateTestEv
FN:474,_ZN7testing8internal15TestFactoryImplIN3s2148GraphAlgorithmsTest_test_DFS_very_big_graph_TestEE10CreateTestEv
FNDA:1,_ZN7testing8internal15TestFactoryImplIN3s2148GraphAlgorithmsTest_test_DFS_very_big_graph_TestEE10CreateTestEv
FN:474,_ZN7testing8internal15TestFactoryImplIN3s2174GraphAlgorithmsTest_test_DFS_weighted_directed_graph_8_check_all_vert_TestEE10CreateTestEv
FNDA:1,_ZN7testing8internal15TestFactoryImplIN3s2174GraphAlgorithmsTest_test_DFS_weighted_directed_graph_8_check_all_vert_TestEE10CreateTestEv
FN:474,_ZN7testing8internal15TestFactoryImplIN3s2162GraphAlgorithmsTest_test_DFS_weighted_graph_9_check_verts_TestEE10CreateTestEv
FNDA:1,_ZN7testing8internal15TestFactoryImplIN3s2162GraphAlgorithmsTest_test_DFS_weighted_graph_9_check_verts_TestEE10CreateTestEv
FN:474,_ZN7testing8internal15TestFactoryImplIN3s2167GraphAlgorithmsTest_test_DFS_directed_graph_21_check_big_graph_TestEE10CreateTestEv
FNDA:1,_ZN7testing8internal15TestFactoryImplIN3s2167GraphAlgorithmsTest_test_DFS_directed_graph_21_check_big_graph_TestEE10CreateTestEv
FN:474,_ZN7testing8internal15TestFactoryImplIN3s2171GraphAlgorithmsTest_test_DFS_directed_graph_8_check_directed_verts_TestEE10CreateTestEv
FNDA:1,_ZN7testing8internal15TestFactoryImplIN3s2171GraphAlgorithmsTest_test_DFS_directed_graph_8_check_directed_verts_TestEE10CreateTestEv
FN:474,_ZN7testing8internal15TestFactoryImplIN3s2170GraphAlgorithmsTest_test_DFS_simple_graph_13_check_vers_and_throw_TestEE10CreateTestEv
FNDA:1,_ZN7testing8internal15TestFactoryImplIN3s2170GraphAlgorithmsTest_test_DFS_simple_graph_13_check_vers_and_throw_TestEE10CreateTestEv
FN:474,_ZN7testing8internal15TestFactoryImplIN3s2173GraphAlgorithmsTest_test_DFS_simple_graph_3_check_all_vert_and_throw_TestEE10CreateTestEv
FNDA:1,_ZN7testing8internal15TestFactoryImplIN3s2173GraphAlgorithmsTest_test_DFS_simple_graph_3_check_all_vert_and_throw_TestEE10CreateTestEv
FN:474,_ZN7testing8internal15TestFactoryImplIN3s2137GraphAlgorithmsTest_VeryBigGraph_TestEE10CreateTestEv
FNDA:1,_ZN7testing8internal15TestFactoryImplIN3s2137GraphAlgorithmsTest_VeryBigGraph_TestEE10CreateTestEv
FN:474,_ZN7testing8internal15TestFactoryImplIN3s2141GraphAlgorithmsTest_InvalidVertices3_TestEE10CreateTestEv
FNDA:1,_ZN7testing8internal15TestFactoryImplIN3s2141GraphAlgorithmsTest_InvalidVertices3_TestEE10CreateTestEv
FN:474,_ZN7testing8internal15TestFactoryImplIN3s2143GraphAlgorithmsTest_ShortestPathCase10_TestEE10CreateTestEv
FNDA:1,_ZN7testing8internal15TestFactoryImplIN3s2143GraphAlgorithmsTest_ShortestPathCase10_TestEE10CreateTestEv
FN:495,_ZN7testing8internal12CodeLocationC1ERKNSt7__cxx1112basic_stringIcSt11char_traitsIcESaIcEEEi
FNDA:63,_ZN7testing8internal12CodeLocationC1ERKNSt7__cxx1112basic_stringIcSt11char_traitsIcESaIcEEEi
FN:508,_ZN7testing8internal19GetNotDefaultOrNullEPFvvES2_
FNDA:252,_ZN7testing8internal19GetNotDefaultOrNullEPFvvES2_
FN:523,_ZN7testing8internal16SuiteApiResolverINS_4TestEE19GetSetUpCaseOrSuiteEPKci
FNDA:63,_ZN7testing8internal16SuiteApiResolverINS_4TestEE19GetSetUpCaseOrSuiteEPKci
FN:544,_ZN7testing8internal16SuiteApiResolverINS_4TestEE22GetTearDownCaseOrSuiteEPKci
FNDA:63,_ZN7testing8internal16SuiteApiResolverINS_4TestEE22GetTearDownCaseOrSuiteEPKci
FN:860,_ZN7testing8internal14TrueWithStringC1Ev
FNDA:4,_ZN7testing8internal14TrueWithStringC1Ev
FN:863,_ZNK7testing8internal14TrueWithStringcvbEv
FNDA:4,_ZNK7testing8internal14TrueWithStringcvbEv
FN:1377,_ZNK7testing8internal11NeverThrown4whatEv
FNDA:0,_ZNK7testing8internal11NeverThrown4whatEv
FNF:72
FNH:69
DA:456,0
DA:463,0
DA:474,1
DA:474,1
DA:474,1
DA:474,1
DA:474,1
DA:474,1
DA:474,1
DA:474,1
DA:474,1
DA:474,1
DA:474,1
DA:474,1
DA:474,1
DA:474,1
DA:474,1
DA:474,1
DA:474,1
DA:474,1
DA:474,1
DA:474,1
DA:474,1
DA:474,1
DA:474,1
DA:474,1
DA:474,1
DA:474,1
DA:474,1
DA:474,1
DA:474,1
DA:474,1
DA:474,1
DA:474,1
DA:474,1
DA:474,1
DA:474,1
DA:474,1
DA:474,1
DA:474,1
DA:474,1
DA:474,1
DA:474,1
DA:474,1
DA:474,1
DA:474,1
DA:474,1
DA:474,1
DA:474,1
DA:474,1
DA:474,1
DA:474,1
DA:474,1
DA:474,1
DA:474,1
DA:474,1
DA:474,1
DA:474,1
DA:474,1
DA:474,1
DA:474,1
DA:474,1
DA:474,1
DA:474,1
DA:474,1
DA:495,63
DA:496,63
DA:508,252
DA:510,252
DA:523,63
DA:527,63
DA:529,63
DA:531,63
DA:534,0
DA:536,63
DA:544,63
DA:548,63
DA:550,63
DA:552,63
DA:555,0
DA:557,63
DA:860,4
DA:863,4
DA:1377,0
DA:1378,0
LF:85
LH:79
end_of_record
SF:/usr/local/include/c++/10.3.0/bits/stl_construct.h
FN:108,_ZSt10_ConstructISt6vectorIiSaIiEEJS2_EEvPT_DpOT0_
FNDA:0,_ZSt10_ConstructISt6vectorIiSaIiEEJS2_EEvPT_DpOT0_
FN:108,_ZSt10_ConstructISt6vectorIiSaIiEEJEEvPT_DpOT0_
FNDA:455,_ZSt10_ConstructISt6vectorIiSaIiEEJEEvPT_DpOT0_
FN:108,_ZSt10_ConstructISt4pairIiiEJRKS1_EEvPT_DpOT0_
FNDA:12,_ZSt10_ConstructISt4pairIiiEJRKS1_EEvPT_DpOT0_
FN:108,_ZSt10_ConstructISt6vectorIdSaIdEEJRKS2_EEvPT_DpOT0_
FNDA:2740015,_ZSt10_ConstructISt6vectorIdSaIdEEJRKS2_EEvPT_DpOT0_
FN:108,_ZSt10_ConstructISt6vectorIiSaIiEEJRS2_EEvPT_DpOT0_
FNDA:0,_ZSt10_ConstructISt6vectorIiSaIiEEJRS2_EEvPT_DpOT0_
FN:108,_ZSt10_ConstructISt6vectorIiSaIiEEJRKS2_EEvPT_DpOT0_
FNDA:3650464,_ZSt10_ConstructISt6vectorIiSaIiEEJRKS2_EEvPT_DpOT0_
FN:135,_ZSt8_DestroyISt6vectorIdSaIdEEEvPT_
FNDA:2740015,_ZSt8_DestroyISt6vectorIdSaIdEEEvPT_
FN:135,_ZSt8_DestroyISt6vectorIiSaIiEEEvPT_
FNDA:3651586,_ZSt8_DestroyISt6vectorIiSaIiEEEvPT_
FN:149,_ZNSt12_Destroy_auxILb0EE9__destroyIPSt6vectorIiSaIiEEEEvT_S6_
FNDA:420599,_ZNSt12_Destroy_auxILb0EE9__destroyIPSt6vectorIiSaIiEEEEvT_S6_
FN:149,_ZNSt12_Destroy_auxILb0EE9__destroyIN9__gnu_cxx17__normal_iteratorIPSt6vectorIiSaIiEES4_IS6_SaIS6_EEEEEEvT_SB_
FNDA:40000,_ZNSt12_Destroy_auxILb0EE9__destroyIN9__gnu_cxx17__normal_iteratorIPSt6vectorIiSaIiEES4_IS6_SaIS6_EEEEEEvT_SB_
FN:149,_ZNSt12_Destroy_auxILb0EE9__destroyIPSt6vectorIdSaIdEEEEvT_S6_
FNDA:0,_ZNSt12_Destroy_auxILb0EE9__destroyIPSt6vectorIdSaIdEEEEvT_S6_
FN:161,_ZNSt12_Destroy_auxILb1EE9__destroyIN9__gnu_cxx17__normal_iteratorIPiSt6vectorIiSaIiEEEEEEvT_S9_
FNDA:300000,_ZNSt12_Destroy_auxILb1EE9__destroyIN9__gnu_cxx17__normal_iteratorIPiSt6vectorIiSaIiEEEEEEvT_S9_
FN:161,_ZNSt12_Destroy_auxILb1EE9__destroyIPSt4pairIiiEEEvT_S5_
FNDA:81,_ZNSt12_Destroy_auxILb1EE9__destroyIPSt4pairIiiEEEvT_S5_
FN:161,_ZNSt12_Destroy_auxILb1EE9__destroyIPiEEvT_S3_
FNDA:0,_ZNSt12_Destroy_auxILb1EE9__destroyIPiEEvT_S3_
FN:161,_ZNSt12_Destroy_auxILb1EE9__destroyIPdEEvT_S3_
FNDA:0,_ZNSt12_Destroy_auxILb1EE9__destroyIPdEEvT_S3_
FN:171,_ZSt8_DestroyIPSt6vectorIiSaIiEEEvT_S4_
FNDA:420599,_ZSt8_DestroyIPSt6vectorIiSaIiEEEvT_S4_
FN:171,_ZSt8_DestroyIPSt4pairIiiEEvT_S3_
FNDA:81,_ZSt8_DestroyIPSt4pairIiiEEvT_S3_
FN:171,_ZSt8_DestroyIPiEvT_S1_
FNDA:3736511,_ZSt8_DestroyIPiEvT_S1_
FN:171,_ZSt8_DestroyIPdEvT_S1_
FNDA:0,_ZSt8_DestroyIPdEvT_S1_
FN:171,_ZSt8_DestroyIPSt6vectorIdSaIdEEEvT_S4_
FNDA:0,_ZSt8_DestroyIPSt6vectorIdSaIdEEEvT_S4_
FN:171,_ZSt8_DestroyIN9__gnu_cxx17__normal_iteratorIPSt6vectorIiSaIiEES2_IS4_SaIS4_EEEEEvT_S9_
FNDA:40000,_ZSt8_DestroyIN9__gnu_cxx17__normal_iteratorIPSt6vectorIiSaIiEES2_IS4_SaIS4_EEEEEvT_S9_
FN:171,_ZSt8_DestroyIN9__gnu_cxx17__normal_iteratorIPiSt6vectorIiSaIiEEEEEvT_S7_
FNDA:300000,_ZSt8_DestroyIN9__gnu_cxx17__normal_iteratorIPiSt6vectorIiSaIiEEEEEvT_S7_
FNF:22
FNH:15
DA:108,0
DA:109,0
DA:108,455
DA:109,455
DA:108,12
DA:109,12
DA:108,2740015
DA:109,2740015
DA:108,0
DA:109,0
DA:108,3650464
DA:109,3650464
DA:135,2740015
DA:140,2740015
DA:142,2740015
DA:135,3651586
DA:140,3651586
DA:142,3651586
DA:149,40000
DA:151,40000
DA:152,0
DA:153,40000
DA:149,0
DA:151,0
DA:152,0
DA:153,0
DA:149,4072185
DA:151,4072185
DA:152,3651586
DA:153,420599
DA:161,300000
DA:161,0
DA:161,0
DA:161,81
DA:171,300000
DA:185,300000
DA:186,300000
DA:171,40000
DA:185,40000
DA:186,40000
DA:171,0
DA:185,0
DA:186,0
DA:171,0
DA:185,0
DA:186,0
DA:171,3736511
DA:185,3736511
DA:186,3736511
DA:171,81
DA:185,81
DA:186,81
DA:171,420599
DA:185,420599
DA:186,420599
LF:55
LH:38
end_of_record
SF:/usr/local/include/c++/10.3.0/iostream
LF:0
LH:0
end_of_record
SF:/usr/local/include/c++/10.3.0/bits/stl_stack.h
FN:162,_ZNSt5stackIiSt5dequeIiSaIiEEEC1IS2_vEEv
FNDA:8,_ZNSt5stackIiSt5dequeIiSaIiEEEC1IS2_vEEv
FN:199,_ZNKSt5stackIiSt5dequeIiSaIiEEE5emptyEv
FNDA:76,_ZNKSt5stackIiSt5dequeIiSaIiEEE5emptyEv
FN:212,_ZNSt5stackIiSt5dequeIiSaIiEEE3topEv
FNDA:68,_ZNSt5stackIiSt5dequeIiSaIiEEE3topEv
FN:239,_ZNSt5stackIiSt5dequeIiSaIiEEE4pushERKi
FNDA:68,_ZNSt5stackIiSt5dequeIiSaIiEEE4pushERKi
FN:272,_ZNSt5stackIiSt5dequeIiSaIiEEE3popEv
FNDA:68,_ZNSt5stackIiSt5dequeIiSaIiEEE3popEv
FNF:5
FNH:5
DA:162,8
DA:163,8
DA:199,76
DA:200,76
DA:212,68
DA:215,68
DA:239,68
DA:240,68
DA:272,68
DA:275,68
DA:276,68
LF:11
LH:11
end_of_record
SF:/usr/local/include/c++/10.3.0/bits/stl_uninitialized.h
FN:84,_ZNSt20__uninitialized_copyILb0EE13__uninit_copyIN9__gnu_cxx17__normal_iteratorIPKSt4pairIiiESt6vectorIS5_SaIS5_EEEEPS5_EET0_T_SE_SD_
FNDA:1,_ZNSt20__uninitialized_copyILb0EE13__uninit_copyIN9__gnu_cxx17__normal_iteratorIPKSt4pairIiiESt6vectorIS5_SaIS5_EEEEPS5_EET0_T_SE_SD_
FN:84,_ZNSt20__uninitialized_copyILb0EE13__uninit_copyIPKSt6vectorIiSaIiEEPS4_EET0_T_S9_S8_
FNDA:11,_ZNSt20__uninitialized_copyILb0EE13__uninit_copyIPKSt6vectorIiSaIiEEPS4_EET0_T_S9_S8_
FN:84,_ZNSt20__uninitialized_copyILb0EE13__uninit_copyIPKSt4pairIiiEPS3_EET0_T_S8_S7_
FNDA:1,_ZNSt20__uninitialized_copyILb0EE13__uninit_copyIPKSt4pairIiiEPS3_EET0_T_S8_S7_
FN:84,_ZNSt20__uninitialized_copyILb0EE13__uninit_copyIN9__gnu_cxx17__normal_iteratorIPKSt6vectorIdSaIdEES4_IS6_SaIS6_EEEEPS6_EET0_T_SE_SD_
FNDA:300000,_ZNSt20__uninitialized_copyILb0EE13__uninit_copyIN9__gnu_cxx17__normal_iteratorIPKSt6vectorIdSaIdEES4_IS6_SaIS6_EEEEPS6_EET0_T_SE_SD_
FN:84,_ZNSt20__uninitialized_copyILb0EE13__uninit_copyIPSt6vectorIiSaIiEES5_EET0_T_S7_S6_
FNDA:0,_ZNSt20__uninitialized_copyILb0EE13__uninit_copyIPSt6vectorIiSaIiEES5_EET0_T_S7_S6_
FN:84,_ZNSt20__uninitialized_copyILb0EE13__uninit_copyIN9__gnu_cxx17__normal_iteratorIPKSt6vectorIiSaIiEES4_IS6_SaIS6_EEEEPS6_EET0_T_SE_SD_
FNDA:380282,_ZNSt20__uninitialized_copyILb0EE13__uninit_copyIN9__gnu_cxx17__normal_iteratorIPKSt6vectorIiSaIiEES4_IS6_SaIS6_EEEEPS6_EET0_T_SE_SD_
FN:84,_ZNSt20__uninitialized_copyILb0EE13__uninit_copyISt13move_iteratorIPSt6vectorIiSaIiEEES6_EET0_T_S9_S8_
FNDA:110,_ZNSt20__uninitialized_copyILb0EE13__uninit_copyISt13move_iteratorIPSt6vectorIiSaIiEEES6_EET0_T_S9_S8_
FN:107,_ZNSt20__uninitialized_copyILb1EE13__uninit_copyIPiS2_EET0_T_S4_S3_
FNDA:0,_ZNSt20__uninitialized_copyILb1EE13__uninit_copyIPiS2_EET0_T_S4_S3_
FN:107,_ZNSt20__uninitialized_copyILb1EE13__uninit_copyIN9__gnu_cxx17__normal_iteratorIPKdSt6vectorIdSaIdEEEEPdEET0_T_SC_SB_
FNDA:3000015,_ZNSt20__uninitialized_copyILb1EE13__uninit_copyIN9__gnu_cxx17__normal_iteratorIPKdSt6vectorIdSaIdEEEEPdEET0_T_SC_SB_
FN:107,_ZNSt20__uninitialized_copyILb1EE13__uninit_copyIPKiPiEET0_T_S6_S5_
FNDA:203,_ZNSt20__uninitialized_copyILb1EE13__uninit_copyIPKiPiEET0_T_S6_S5_
FN:107,_ZNSt20__uninitialized_copyILb1EE13__uninit_copyIN9__gnu_cxx17__normal_iteratorIPKiSt6vectorIiSaIiEEEEPiEET0_T_SC_SB_
FNDA:3653459,_ZNSt20__uninitialized_copyILb1EE13__uninit_copyIN9__gnu_cxx17__normal_iteratorIPKiSt6vectorIiSaIiEEEEPiEET0_T_SC_SB_
FN:107,_ZNSt20__uninitialized_copyILb1EE13__uninit_copyISt13move_iteratorIN9__gnu_cxx17__normal_iteratorIPiSt6vectorIiSaIiEEEEES5_EET0_T_SC_SB_
FNDA:11,_ZNSt20__uninitialized_copyILb1EE13__uninit_copyISt13move_iteratorIN9__gnu_cxx17__normal_iteratorIPiSt6vectorIiSaIiEEEEES5_EET0_T_SC_SB_
FN:125,_ZSt18uninitialized_copyIN9__gnu_cxx17__normal_iteratorIPKSt4pairIiiESt6vectorIS3_SaIS3_EEEEPS3_ET0_T_SC_SB_
FNDA:1,_ZSt18uninitialized_copyIN9__gnu_cxx17__normal_iteratorIPKSt4pairIiiESt6vectorIS3_SaIS3_EEEEPS3_ET0_T_SC_SB_
FN:125,_ZSt18uninitialized_copyIN9__gnu_cxx17__normal_iteratorIPKdSt6vectorIdSaIdEEEEPdET0_T_SA_S9_
FNDA:3000015,_ZSt18uninitialized_copyIN9__gnu_cxx17__normal_iteratorIPKdSt6vectorIdSaIdEEEEPdET0_T_SA_S9_
FN:125,_ZSt18uninitialized_copyIN9__gnu_cxx17__normal_iteratorIPKSt6vectorIdSaIdEES2_IS4_SaIS4_EEEEPS4_ET0_T_SC_SB_
FNDA:300000,_ZSt18uninitialized_copyIN9__gnu_cxx17__normal_iteratorIPKSt6vectorIdSaIdEES2_IS4_SaIS4_EEEEPS4_ET0_T_SC_SB_
FN:125,_ZSt18uninitialized_copyIPSt6vectorIiSaIiEES3_ET0_T_S5_S4_
FNDA:0,_ZSt18uninitialized_copyIPSt6vectorIiSaIiEES3_ET0_T_S5_S4_
FN:125,_ZSt18uninitialized_copyIN9__gnu_cxx17__normal_iteratorIPKSt6vectorIiSaIiEES2_IS4_SaIS4_EEEEPS4_ET0_T_SC_SB_
FNDA:380282,_ZSt18uninitialized_copyIN9__gnu_cxx17__normal_iteratorIPKSt6vectorIiSaIiEES2_IS4_SaIS4_EEEEPS4_ET0_T_SC_SB_
FN:125,_ZSt18uninitialized_copyIN9__gnu_cxx17__normal_iteratorIPKiSt6vectorIiSaIiEEEEPiET0_T_SA_S9_
FNDA:3653459,_ZSt18uninitialized_copyIN9__gnu_cxx17__normal_iteratorIPKiSt6vectorIiSaIiEEEEPiET0_T_SA_S9_
FN:125,_ZSt18uninitialized_copyIPiS0_ET0_T_S2_S1_
FNDA:0,_ZSt18uninitialized_copyIPiS0_ET0_T_S2_S1_
FN:125,_ZSt18uninitialized_copyIPKiPiET0_T_S4_S3_
FNDA:203,_ZSt18uninitialized_copyIPKiPiET0_T_S4_S3_
FN:125,_ZSt18uninitialized_copyIPKSt6vectorIiSaIiEEPS2_ET0_T_S7_S6_
FNDA:11,_ZSt18uninitialized_copyIPKSt6vectorIiSaIiEEPS2_ET0_T_S7_S6_
FN:125,_ZSt18uninitialized_copyIPKSt4pairIiiEPS1_ET0_T_S6_S5_
FNDA:1,_ZSt18uninitialized_copyIPKSt4pairIiiEPS1_ET0_T_S6_S5_
FN:125,_ZSt18uninitialized_copyISt13move_iteratorIPSt6vectorIiSaIiEEES4_ET0_T_S7_S6_
FNDA:110,_ZSt18uninitialized_copyISt13move_iteratorIPSt6vectorIiSaIiEEES4_ET0_T_S7_S6_
FN:125,_ZSt18uninitialized_copyISt13move_iteratorIN9__gnu_cxx17__normal_iteratorIPiSt6vectorIiSaIiEEEEES3_ET0_T_SA_S9_
FNDA:11,_ZSt18uninitialized_copyISt13move_iteratorIN9__gnu_cxx17__normal_iteratorIPiSt6vectorIiSaIiEEEEES3_ET0_T_SA_S9_
FN:229,_ZNSt22__uninitialized_fill_nILb0EE15__uninit_fill_nIPSt6vectorIiSaIiEEmS4_EET_S6_T0_RKT1_
FNDA:40070,_ZNSt22__uninitialized_fill_nILb0EE15__uninit_fill_nIPSt6vectorIiSaIiEEmS4_EET_S6_T0_RKT1_
FN:229,_ZNSt22__uninitialized_fill_nILb0EE15__uninit_fill_nIPSt6vectorIdSaIdEEmS4_EET_S6_T0_RKT1_
FNDA:0,_ZNSt22__uninitialized_fill_nILb0EE15__uninit_fill_nIPSt6vectorIdSaIdEEmS4_EET_S6_T0_RKT1_
FN:252,_ZNSt22__uninitialized_fill_nILb1EE15__uninit_fill_nIPimiEET_S3_T0_RKT1_
FNDA:40031,_ZNSt22__uninitialized_fill_nILb1EE15__uninit_fill_nIPimiEET_S3_T0_RKT1_
FN:252,_ZNSt22__uninitialized_fill_nILb1EE15__uninit_fill_nIPdmdEET_S3_T0_RKT1_
FNDA:300002,_ZNSt22__uninitialized_fill_nILb1EE15__uninit_fill_nIPdmdEET_S3_T0_RKT1_
FN:272,_ZSt20uninitialized_fill_nIPimiET_S1_T0_RKT1_
FNDA:40031,_ZSt20uninitialized_fill_nIPimiET_S1_T0_RKT1_
FN:272,_ZSt20uninitialized_fill_nIPSt6vectorIiSaIiEEmS2_ET_S4_T0_RKT1_
FNDA:40070,_ZSt20uninitialized_fill_nIPSt6vectorIiSaIiEEmS2_ET_S4_T0_RKT1_
FN:272,_ZSt20uninitialized_fill_nIPdmdET_S1_T0_RKT1_
FNDA:300002,_ZSt20uninitialized_fill_nIPdmdET_S1_T0_RKT1_
FN:272,_ZSt20uninitialized_fill_nIPSt6vectorIdSaIdEEmS2_ET_S4_T0_RKT1_
FNDA:2,_ZSt20uninitialized_fill_nIPSt6vectorIdSaIdEEmS2_ET_S4_T0_RKT1_
FN:323,_ZSt22__uninitialized_copy_aIPKSt6vectorIiSaIiEEPS2_S2_ET0_T_S7_S6_RSaIT1_E
FNDA:11,_ZSt22__uninitialized_copy_aIPKSt6vectorIiSaIiEEPS2_S2_ET0_T_S7_S6_RSaIT1_E
FN:323,_ZSt22__uninitialized_copy_aIN9__gnu_cxx17__normal_iteratorIPKiSt6vectorIiSaIiEEEEPiiET0_T_SA_S9_RSaIT1_E
FNDA:3653459,_ZSt22__uninitialized_copy_aIN9__gnu_cxx17__normal_iteratorIPKiSt6vectorIiSaIiEEEEPiiET0_T_SA_S9_RSaIT1_E
FN:323,_ZSt22__uninitialized_copy_aIPKiPiiET0_T_S4_S3_RSaIT1_E
FNDA:203,_ZSt22__uninitialized_copy_aIPKiPiiET0_T_S4_S3_RSaIT1_E
FN:323,_ZSt22__uninitialized_copy_aIPiS0_iET0_T_S2_S1_RSaIT1_E
FNDA:0,_ZSt22__uninitialized_copy_aIPiS0_iET0_T_S2_S1_RSaIT1_E
FN:323,_ZSt22__uninitialized_copy_aIN9__gnu_cxx17__normal_iteratorIPKSt4pairIiiESt6vectorIS3_SaIS3_EEEEPS3_S3_ET0_T_SC_SB_RSaIT1_E
FNDA:1,_ZSt22__uninitialized_copy_aIN9__gnu_cxx17__normal_iteratorIPKSt4pairIiiESt6vectorIS3_SaIS3_EEEEPS3_S3_ET0_T_SC_SB_RSaIT1_E
FN:323,_ZSt22__uninitialized_copy_aIN9__gnu_cxx17__normal_iteratorIPKdSt6vectorIdSaIdEEEEPddET0_T_SA_S9_RSaIT1_E
FNDA:3000015,_ZSt22__uninitialized_copy_aIN9__gnu_cxx17__normal_iteratorIPKdSt6vectorIdSaIdEEEEPddET0_T_SA_S9_RSaIT1_E
FN:323,_ZSt22__uninitialized_copy_aIN9__gnu_cxx17__normal_iteratorIPKSt6vectorIdSaIdEES2_IS4_SaIS4_EEEEPS4_S4_ET0_T_SC_SB_RSaIT1_E
FNDA:300000,_ZSt22__uninitialized_copy_aIN9__gnu_cxx17__normal_iteratorIPKSt6vectorIdSaIdEES2_IS4_SaIS4_EEEEPS4_S4_ET0_T_SC_SB_RSaIT1_E
FN:323,_ZSt22__uninitialized_copy_aIPSt6vectorIiSaIiEES3_S2_ET0_T_S5_S4_RSaIT1_E
FNDA:0,_ZSt22__uninitialized_copy_aIPSt6vectorIiSaIiEES3_S2_ET0_T_S5_S4_RSaIT1_E
FN:323,_ZSt22__uninitialized_copy_aIN9__gnu_cxx17__normal_iteratorIPKSt6vectorIiSaIiEES2_IS4_SaIS4_EEEEPS4_S4_ET0_T_SC_SB_RSaIT1_E
FNDA:380282,_ZSt22__uninitialized_copy_aIN9__gnu_cxx17__normal_iteratorIPKSt6vectorIiSaIiEES2_IS4_SaIS4_EEEEPS4_S4_ET0_T_SC_SB_RSaIT1_E
FN:323,_ZSt22__uninitialized_copy_aIPKSt4pairIiiEPS1_S1_ET0_T_S6_S5_RSaIT1_E
FNDA:1,_ZSt22__uninitialized_copy_aIPKSt4pairIiiEPS1_S1_ET0_T_S6_S5_RSaIT1_E
FN:323,_ZSt22__uninitialized_copy_aISt13move_iteratorIPSt6vectorIiSaIiEEES4_S3_ET0_T_S7_S6_RSaIT1_E
FNDA:110,_ZSt22__uninitialized_copy_aISt13move_iteratorIPSt6vectorIiSaIiEEES4_S3_ET0_T_S7_S6_RSaIT1_E
FN:323,_ZSt22__uninitialized_copy_aISt13move_iteratorIN9__gnu_cxx17__normal_iteratorIPiSt6vectorIiSaIiEEEEES3_iET0_T_SA_S9_RSaIT1_E
FNDA:11,_ZSt22__uninitialized_copy_aISt13move_iteratorIN9__gnu_cxx17__normal_iteratorIPiSt6vectorIiSaIiEEEEES3_iET0_T_SA_S9_RSaIT1_E
FN:330,_ZSt22__uninitialized_move_aIPSt6vectorIiSaIiEES3_SaIS2_EET0_T_S6_S5_RT1_
FNDA:0,_ZSt22__uninitialized_move_aIPSt6vectorIiSaIiEES3_SaIS2_EET0_T_S6_S5_RT1_
FN:341,_ZSt34__uninitialized_move_if_noexcept_aIPSt6vectorIiSaIiEES3_SaIS2_EET0_T_S6_S5_RT1_
FNDA:110,_ZSt34__uninitialized_move_if_noexcept_aIPSt6vectorIiSaIiEES3_SaIS2_EET0_T_S6_S5_RT1_
FN:400,_ZSt24__uninitialized_fill_n_aIPdmddET_S1_T0_RKT1_RSaIT2_E
FNDA:300002,_ZSt24__uninitialized_fill_n_aIPdmddET_S1_T0_RKT1_RSaIT2_E
FN:400,_ZSt24__uninitialized_fill_n_aIPimiiET_S1_T0_RKT1_RSaIT2_E
FNDA:40031,_ZSt24__uninitialized_fill_n_aIPimiiET_S1_T0_RKT1_RSaIT2_E
FN:400,_ZSt24__uninitialized_fill_n_aIPSt6vectorIiSaIiEEmS2_S2_ET_S4_T0_RKT1_RSaIT2_E
FNDA:40070,_ZSt24__uninitialized_fill_n_aIPSt6vectorIiSaIiEEmS2_S2_ET_S4_T0_RKT1_RSaIT2_E
FN:400,_ZSt24__uninitialized_fill_n_aIPSt6vectorIdSaIdEEmS2_S2_ET_S4_T0_RKT1_RSaIT2_E
FNDA:2,_ZSt24__uninitialized_fill_n_aIPSt6vectorIdSaIdEEmS2_S2_ET_S4_T0_RKT1_RSaIT2_E
FN:561,_ZNSt27__uninitialized_default_n_1ILb0EE18__uninit_default_nIPSt6vectorIiSaIiEEmEET_S6_T0_
FNDA:42,_ZNSt27__uninitialized_default_n_1ILb0EE18__uninit_default_nIPSt6vectorIiSaIiEEmEET_S6_T0_
FN:583,_ZNSt27__uninitialized_default_n_1ILb1EE18__uninit_default_nIPimEET_S3_T0_
FNDA:58,_ZNSt27__uninitialized_default_n_1ILb1EE18__uninit_default_nIPimEET_S3_T0_
FN:614,_ZSt25__uninitialized_default_nIPSt6vectorIiSaIiEEmET_S4_T0_
FNDA:42,_ZSt25__uninitialized_default_nIPSt6vectorIiSaIiEEmET_S4_T0_
FN:614,_ZSt25__uninitialized_default_nIPimET_S1_T0_
FNDA:58,_ZSt25__uninitialized_default_nIPimET_S1_T0_
FN:683,_ZSt27__uninitialized_default_n_aIPSt6vectorIiSaIiEEmS2_ET_S4_T0_RSaIT1_E
FNDA:42,_ZSt27__uninitialized_default_n_aIPSt6vectorIiSaIiEEmS2_ET_S4_T0_RSaIT1_E
FN:683,_ZSt27__uninitialized_default_n_aIPimiET_S1_T0_RSaIT1_E
FNDA:58,_ZSt27__uninitialized_default_n_aIPimiET_S1_T0_RSaIT1_E
FN:968,_ZSt19__relocate_object_aISt4pairIiiES1_SaIS1_EEvPT_PT0_RT1_
FNDA:205,_ZSt19__relocate_object_aISt4pairIiiES1_SaIS1_EEvPT_PT0_RT1_
FN:968,_ZSt19__relocate_object_aISt6vectorIiSaIiEES2_SaIS2_EEvPT_PT0_RT1_
FNDA:814,_ZSt19__relocate_object_aISt6vectorIiSaIiEES2_SaIS2_EEvPT_PT0_RT1_
FN:988,_ZSt14__relocate_a_1IiiENSt9enable_ifIXsrSt24__is_bitwise_relocatableIT_vE5valueEPS2_E4typeES4_S4_S4_RSaIT0_E
FNDA:0,_ZSt14__relocate_a_1IiiENSt9enable_ifIXsrSt24__is_bitwise_relocatableIT_vE5valueEPS2_E4typeES4_S4_S4_RSaIT0_E
FN:1000,_ZSt14__relocate_a_1IPSt6vectorIiSaIiEES3_SaIS2_EET0_T_S6_S5_RT1_
FNDA:498,_ZSt14__relocate_a_1IPSt6vectorIiSaIiEES3_SaIS2_EET0_T_S6_S5_RT1_
FN:1000,_ZSt14__relocate_a_1IPSt4pairIiiES2_SaIS1_EET0_T_S5_S4_RT1_
FNDA:132,_ZSt14__relocate_a_1IPSt4pairIiiES2_SaIS1_EET0_T_S5_S4_RT1_
FN:1022,_ZSt12__relocate_aIPiS0_SaIiEET0_T_S3_S2_RT1_
FNDA:0,_ZSt12__relocate_aIPiS0_SaIiEET0_T_S3_S2_RT1_
FN:1022,_ZSt12__relocate_aIPSt4pairIiiES2_SaIS1_EET0_T_S5_S4_RT1_
FNDA:132,_ZSt12__relocate_aIPSt4pairIiiES2_SaIS1_EET0_T_S5_S4_RT1_
FN:1022,_ZSt12__relocate_aIPSt6vectorIiSaIiEES3_SaIS2_EET0_T_S6_S5_RT1_
FNDA:498,_ZSt12__relocate_aIPSt6vectorIiSaIiEES3_SaIS2_EET0_T_S6_S5_RT1_
FNF:64
FNH:54
DA:84,110
DA:87,110
DA:90,110
DA:91,0
DA:92,110
DA:94,0
DA:96,0
DA:97,0
DA:84,1
DA:87,1
DA:90,7
DA:91,6
DA:92,1
DA:84,11
DA:87,11
DA:90,179
DA:91,168
DA:92,11
DA:94,0
DA:96,0
DA:97,0
DA:84,1
DA:87,1
DA:90,7
DA:91,6
DA:92,1
DA:84,300000
DA:87,300000
DA:90,3040000
DA:91,2740000
DA:92,300000
DA:94,0
DA:96,0
DA:97,0
DA:84,0
DA:87,0
DA:90,0
DA:91,0
DA:92,0
DA:94,0
DA:96,0
DA:97,0
DA:84,380282
DA:87,380282
DA:90,3729697
DA:91,3349415
DA:92,380282
DA:94,0
DA:96,0
DA:97,0
DA:107,0
DA:109,0
DA:107,11
DA:109,11
DA:107,203
DA:109,203
DA:107,3000015
DA:109,3000015
DA:107,3653459
DA:109,3653459
DA:125,0
DA:144,0
DA:150,0
DA:125,11
DA:144,11
DA:150,11
DA:125,110
DA:144,110
DA:150,110
DA:125,1
DA:144,1
DA:150,1
DA:125,11
DA:144,11
DA:150,11
DA:125,203
DA:144,203
DA:150,203
DA:125,1
DA:144,1
DA:150,1
DA:125,3000015
DA:144,3000015
DA:150,3000015
DA:125,300000
DA:144,300000
DA:150,300000
DA:125,0
DA:144,0
DA:150,0
DA:125,380282
DA:144,380282
DA:150,380282
DA:125,3653459
DA:144,3653459
DA:150,3653459
DA:229,0
DA:232,0
DA:235,0
DA:236,0
DA:237,0
DA:239,0
DA:241,0
DA:242,0
DA:229,40070
DA:232,40070
DA:235,340951
DA:236,300881
DA:237,40070
DA:239,0
DA:241,0
DA:242,0
DA:252,300002
DA:254,300002
DA:252,40031
DA:254,40031
DA:272,2
DA:286,2
DA:289,2
DA:272,300002
DA:286,300002
DA:289,300002
DA:272,40070
DA:286,40070
DA:289,40070
DA:272,40031
DA:286,40031
DA:289,40031
DA:323,0
DA:325,0
DA:323,11
DA:325,11
DA:323,110
DA:325,110
DA:323,1
DA:325,1
DA:323,11
DA:325,11
DA:323,203
DA:325,203
DA:323,1
DA:325,1
DA:323,3000015
DA:325,3000015
DA:323,300000
DA:325,300000
DA:323,0
DA:325,0
DA:323,380282
DA:325,380282
DA:323,3653459
DA:325,3653459
DA:330,0
DA:333,0
DA:335,0
DA:341,110
DA:347,110
DA:348,110
DA:400,2
DA:402,2
DA:400,300002
DA:402,300002
DA:400,40070
DA:402,40070
DA:400,40031
DA:402,40031
DA:561,42
DA:563,42
DA:566,497
DA:567,455
DA:568,42
DA:583,58
DA:588,58
DA:614,58
DA:619,58
DA:623,58
DA:614,42
DA:619,42
DA:623,42
DA:683,58
DA:685,58
DA:683,42
DA:685,42
DA:968,814
DA:976,814
DA:977,814
DA:978,814
DA:968,205
DA:976,205
DA:977,205
DA:978,205
DA:988,0
DA:991,0
DA:992,0
DA:993,0
DA:994,0
DA:1000,498
DA:1012,498
DA:1013,1312
DA:1014,814
DA:1016,498
DA:1000,132
DA:1012,132
DA:1013,337
DA:1014,205
DA:1016,132
DA:1022,498
DA:1028,498
DA:1030,498
DA:1022,132
DA:1028,132
DA:1030,132
DA:1022,0
DA:1028,0
DA:1030,0
LF:215
LH:160
end_of_record
SF:/Users/qylenett/Desktop/navigator/SimpleNavigator-v1.0/src/tests/graph_class_tests.cc
FN:5,_ZN3s2128Graph_getAjacencyMatrix_TestC1Ev
FNDA:1,_ZN3s2128Graph_getAjacencyMatrix_TestC1Ev
FN:5,_ZN3s2128Graph_getAjacencyMatrix_Test8TestBodyEv
FNDA:1,_ZN3s2128Graph_getAjacencyMatrix_Test8TestBodyEv
FN:5,_ZN3s2128Graph_getAjacencyMatrix_TestD1Ev
FNDA:1,_ZN3s2128Graph_getAjacencyMatrix_TestD1Ev
FN:5,_ZN3s2128Graph_getAjacencyMatrix_TestD0Ev
FNDA:1,_ZN3s2128Graph_getAjacencyMatrix_TestD0Ev
FN:14,_ZN3s2136GraphAlgorithmsTest_getEdgeList_TestC1Ev
FNDA:1,_ZN3s2136GraphAlgorithmsTest_getEdgeList_TestC1Ev
FN:14,_ZN3s2136GraphAlgorithmsTest_getEdgeList_Test8TestBodyEv
FNDA:1,_ZN3s2136GraphAlgorithmsTest_getEdgeList_Test8TestBodyEv
FN:14,_ZN3s2136GraphAlgorithmsTest_getEdgeList_TestD1Ev
FNDA:1,_ZN3s2136GraphAlgorithmsTest_getEdgeList_TestD1Ev
FN:14,_ZN3s2136GraphAlgorithmsTest_getEdgeList_TestD0Ev
FNDA:1,_ZN3s2136GraphAlgorithmsTest_getEdgeList_TestD0Ev
FN:25,_ZN3s2141GraphAlgorithmsTest_errorOpeningFile_TestD0Ev
FNDA:1,_ZN3s2141GraphAlgorithmsTest_errorOpeningFile_TestD0Ev
FN:25,_ZN3s2141GraphAlgorithmsTest_errorOpeningFile_TestC1Ev
FNDA:1,_ZN3s2141GraphAlgorithmsTest_errorOpeningFile_TestC1Ev
FN:25,_ZN3s2141GraphAlgorithmsTest_errorOpeningFile_TestD1Ev
FNDA:1,_ZN3s2141GraphAlgorithmsTest_errorOpeningFile_TestD1Ev
FN:25,_ZN3s2141GraphAlgorithmsTest_errorOpeningFile_Test8TestBodyEv
FNDA:1,_ZN3s2141GraphAlgorithmsTest_errorOpeningFile_Test8TestBodyEv
FN:33,_ZN3s2128GraphAlgorithmsTest_DOT_TestD1Ev
FNDA:1,_ZN3s2128GraphAlgorithmsTest_DOT_TestD1Ev
FN:33,_ZN3s2128GraphAlgorithmsTest_DOT_Test8TestBodyEv
FNDA:1,_ZN3s2128GraphAlgorithmsTest_DOT_Test8TestBodyEv
FN:33,_ZN3s2128GraphAlgorithmsTest_DOT_TestC1Ev
FNDA:1,_ZN3s2128GraphAlgorithmsTest_DOT_TestC1Ev
FN:33,_ZN3s2128GraphAlgorithmsTest_DOT_TestD0Ev
FNDA:1,_ZN3s2128GraphAlgorithmsTest_DOT_TestD0Ev
FN:42,_ZN3s2144GraphAlgorithmsTest_Graph_DOTerror_Test_Test8TestBodyEv
FNDA:1,_ZN3s2144GraphAlgorithmsTest_Graph_DOTerror_Test_Test8TestBodyEv
FN:42,_ZN3s2144GraphAlgorithmsTest_Graph_DOTerror_Test_TestC1Ev
FNDA:1,_ZN3s2144GraphAlgorithmsTest_Graph_DOTerror_Test_TestC1Ev
FN:42,_ZN3s2144GraphAlgorithmsTest_Graph_DOTerror_Test_TestD1Ev
FNDA:1,_ZN3s2144GraphAlgorithmsTest_Graph_DOTerror_Test_TestD1Ev
FN:42,_ZN3s2144GraphAlgorithmsTest_Graph_DOTerror_Test_TestD0Ev
FNDA:1,_ZN3s2144GraphAlgorithmsTest_Graph_DOTerror_Test_TestD0Ev
FN:51,_ZN3s2158GraphAlgorithmsTest_ExportGraphToDot_ErrorOpeningFile_Test8TestBodyEv
FNDA:1,_ZN3s2158GraphAlgorithmsTest_ExportGraphToDot_ErrorOpeningFile_Test8TestBodyEv
FN:51,_ZN3s2158GraphAlgorithmsTest_ExportGraphToDot_ErrorOpeningFile_TestC1Ev
FNDA:1,_ZN3s2158GraphAlgorithmsTest_ExportGraphToDot_ErrorOpeningFile_TestC1Ev
FN:51,_ZN3s2158GraphAlgorithmsTest_ExportGraphToDot_ErrorOpeningFile_TestD1Ev
FNDA:1,_ZN3s2158GraphAlgorithmsTest_ExportGraphToDot_ErrorOpeningFile_TestD1Ev
FN:51,_ZN3s2158GraphAlgorithmsTest_ExportGraphToDot_ErrorOpeningFile_TestD0Ev
FNDA:1,_ZN3s2158GraphAlgorithmsTest_ExportGraphToDot_ErrorOpeningFile_TestD0Ev
FN:59,_ZN3s2130Graph_Graph_DOTerror_Test_TestD0Ev
FNDA:1,_ZN3s2130Graph_Graph_DOTerror_Test_TestD0Ev
FN:59,_ZN3s2130Graph_Graph_DOTerror_Test_TestC1Ev
FNDA:1,_ZN3s2130Graph_Graph_DOTerror_Test_TestC1Ev
FN:59,_ZN3s2130Graph_Graph_DOTerror_Test_TestD1Ev
FNDA:1,_ZN3s2130Graph_Graph_DOTerror_Test_TestD1Ev
FN:59,_ZN3s2130Graph_Graph_DOTerror_Test_Test8TestBodyEv
FNDA:1,_ZN3s2130Graph_Graph_DOTerror_Test_Test8TestBodyEv
FN:68,_ZN3s2135GraphAlgorithmsTest_CheckFile1_TestC1Ev
FNDA:1,_ZN3s2135GraphAlgorithmsTest_CheckFile1_TestC1Ev
FN:68,_ZN3s2135GraphAlgorithmsTest_CheckFile1_TestD0Ev
FNDA:1,_ZN3s2135GraphAlgorithmsTest_CheckFile1_TestD0Ev
FN:68,_ZN3s2135GraphAlgorithmsTest_CheckFile1_TestD1Ev
FNDA:1,_ZN3s2135GraphAlgorithmsTest_CheckFile1_TestD1Ev
FN:68,_ZN3s2135GraphAlgorithmsTest_CheckFile1_Test8TestBodyEv
FNDA:1,_ZN3s2135GraphAlgorithmsTest_CheckFile1_Test8TestBodyEv
FN:81,_ZN3s2121Graph_CheckFile2_TestD0Ev
FNDA:1,_ZN3s2121Graph_CheckFile2_TestD0Ev
FN:81,_ZN3s2121Graph_CheckFile2_TestD1Ev
FNDA:1,_ZN3s2121Graph_CheckFile2_TestD1Ev
FN:81,_ZN3s2121Graph_CheckFile2_Test8TestBodyEv
FNDA:1,_ZN3s2121Graph_CheckFile2_Test8TestBodyEv
FN:81,_ZN3s2121Graph_CheckFile2_TestC1Ev
FNDA:1,_ZN3s2121Graph_CheckFile2_TestC1Ev
FN:91,_ZN3s2121Graph_CheckFile3_TestC1Ev
FNDA:1,_ZN3s2121Graph_CheckFile3_TestC1Ev
FN:91,_ZN3s2121Graph_CheckFile3_TestD0Ev
FNDA:1,_ZN3s2121Graph_CheckFile3_TestD0Ev
FN:91,_ZN3s2121Graph_CheckFile3_TestD1Ev
FNDA:1,_ZN3s2121Graph_CheckFile3_TestD1Ev
FN:91,_ZN3s2121Graph_CheckFile3_Test8TestBodyEv
FNDA:1,_ZN3s2121Graph_CheckFile3_Test8TestBodyEv
FN:100,_ZN3s2121Graph_CheckFile4_TestC1Ev
FNDA:1,_ZN3s2121Graph_CheckFile4_TestC1Ev
FN:100,_ZN3s2121Graph_CheckFile4_Test8TestBodyEv
FNDA:1,_ZN3s2121Graph_CheckFile4_Test8TestBodyEv
FN:100,_ZN3s2121Graph_CheckFile4_TestD0Ev
FNDA:1,_ZN3s2121Graph_CheckFile4_TestD0Ev
FN:100,_ZN3s2121Graph_CheckFile4_TestD1Ev
FNDA:1,_ZN3s2121Graph_CheckFile4_TestD1Ev
FN:110,_ZN3s2121Graph_CheckFile5_Test8TestBodyEv
FNDA:1,_ZN3s2121Graph_CheckFile5_Test8TestBodyEv
FN:110,_ZN3s2121Graph_CheckFile5_TestD0Ev
FNDA:1,_ZN3s2121Graph_CheckFile5_TestD0Ev
FN:110,_ZN3s2121Graph_CheckFile5_TestD1Ev
FNDA:1,_ZN3s2121Graph_CheckFile5_TestD1Ev
FN:110,_ZN3s2121Graph_CheckFile5_TestC1Ev
FNDA:1,_ZN3s2121Graph_CheckFile5_TestC1Ev
FN:117,_ZN3s2121Graph_CheckFile6_TestC1Ev
FNDA:1,_ZN3s2121Graph_CheckFile6_TestC1Ev
FN:117,_ZN3s2121Graph_CheckFile6_Test8TestBodyEv
FNDA:1,_ZN3s2121Graph_CheckFile6_Test8TestBodyEv
FN:117,_ZN3s2121Graph_CheckFile6_TestD0Ev
FNDA:1,_ZN3s2121Graph_CheckFile6_TestD0Ev
FN:117,_ZN3s2121Graph_CheckFile6_TestD1Ev
FNDA:1,_ZN3s2121Graph_CheckFile6_TestD1Ev
FN:124,_ZN3s2122Graph_CheckFile10_TestD1Ev
FNDA:1,_ZN3s2122Graph_CheckFile10_TestD1Ev
FN:124,_ZN3s2122Graph_CheckFile10_TestC1Ev
FNDA:1,_ZN3s2122Graph_CheckFile10_TestC1Ev
FN:124,_ZN3s2122Graph_CheckFile10_TestD0Ev
FNDA:1,_ZN3s2122Graph_CheckFile10_TestD0Ev
FN:124,_ZN3s2122Graph_CheckFile10_Test8TestBodyEv
FNDA:1,_ZN3s2122Graph_CheckFile10_Test8TestBodyEv
FN:134,_ZN3s2123Graph_DIM_NEGATIVE_Test8TestBodyEv
FNDA:1,_ZN3s2123Graph_DIM_NEGATIVE_Test8TestBodyEv
FN:134,_ZN3s2123Graph_DIM_NEGATIVE_TestC1Ev
FNDA:1,_ZN3s2123Graph_DIM_NEGATIVE_TestC1Ev
FN:134,_ZN3s2123Graph_DIM_NEGATIVE_TestD1Ev
FNDA:1,_ZN3s2123Graph_DIM_NEGATIVE_TestD1Ev
FN:134,_ZN3s2123Graph_DIM_NEGATIVE_TestD0Ev
FNDA:1,_ZN3s2123Graph_DIM_NEGATIVE_TestD0Ev
FN:141,_ZN3s2125Graph_DIM_NEGATIVE_2_TestD1Ev
FNDA:1,_ZN3s2125Graph_DIM_NEGATIVE_2_TestD1Ev
FN:141,_ZN3s2125Graph_DIM_NEGATIVE_2_Test8TestBodyEv
FNDA:1,_ZN3s2125Graph_DIM_NEGATIVE_2_Test8TestBodyEv
FN:141,_ZN3s2125Graph_DIM_NEGATIVE_2_TestC1Ev
FNDA:1,_ZN3s2125Graph_DIM_NEGATIVE_2_TestC1Ev
FN:141,_ZN3s2125Graph_DIM_NEGATIVE_2_TestD0Ev
FNDA:1,_ZN3s2125Graph_DIM_NEGATIVE_2_TestD0Ev
FN:148,_ZN3s2121Graph_FILE_EMPTY_TestD1Ev
FNDA:1,_ZN3s2121Graph_FILE_EMPTY_TestD1Ev
FN:148,_ZN3s2121Graph_FILE_EMPTY_TestD0Ev
FNDA:1,_ZN3s2121Graph_FILE_EMPTY_TestD0Ev
FN:148,_ZN3s2121Graph_FILE_EMPTY_Test8TestBodyEv
FNDA:1,_ZN3s2121Graph_FILE_EMPTY_Test8TestBodyEv
FN:148,_ZN3s2121Graph_FILE_EMPTY_TestC1Ev
FNDA:1,_ZN3s2121Graph_FILE_EMPTY_TestC1Ev
FN:155,_ZN3s2129Graph_Graph_connectivity_Test8TestBodyEv
FNDA:1,_ZN3s2129Graph_Graph_connectivity_Test8TestBodyEv
FN:155,_ZN3s2129Graph_Graph_connectivity_TestC1Ev
FNDA:1,_ZN3s2129Graph_Graph_connectivity_TestC1Ev
FN:155,_ZN3s2129Graph_Graph_connectivity_TestD1Ev
FNDA:1,_ZN3s2129Graph_Graph_connectivity_TestD1Ev
FN:155,_ZN3s2129Graph_Graph_connectivity_TestD0Ev
FNDA:1,_ZN3s2129Graph_Graph_connectivity_TestD0Ev
FN:165,_ZN3s2131Graph_Graph_connectivity_2_TestC1Ev
FNDA:1,_ZN3s2131Graph_Graph_connectivity_2_TestC1Ev
FN:165,_ZN3s2131Graph_Graph_connectivity_2_Test8TestBodyEv
FNDA:1,_ZN3s2131Graph_Graph_connectivity_2_Test8TestBodyEv
FN:165,_ZN3s2131Graph_Graph_connectivity_2_TestD1Ev
FNDA:1,_ZN3s2131Graph_Graph_connectivity_2_TestD1Ev
FN:165,_ZN3s2131Graph_Graph_connectivity_2_TestD0Ev
FNDA:1,_ZN3s2131Graph_Graph_connectivity_2_TestD0Ev
FN:174,_ZN3s2131Graph_Graph_connectivity_3_TestC1Ev
FNDA:1,_ZN3s2131Graph_Graph_connectivity_3_TestC1Ev
FN:174,_ZN3s2131Graph_Graph_connectivity_3_Test8TestBodyEv
FNDA:1,_ZN3s2131Graph_Graph_connectivity_3_Test8TestBodyEv
FN:174,_ZN3s2131Graph_Graph_connectivity_3_TestD1Ev
FNDA:1,_ZN3s2131Graph_Graph_connectivity_3_TestD1Ev
FN:174,_ZN3s2131Graph_Graph_connectivity_3_TestD0Ev
FNDA:1,_ZN3s2131Graph_Graph_connectivity_3_TestD0Ev
FN:184,_ZN3s2131Graph_Graph_connectivity_4_TestD1Ev
FNDA:1,_ZN3s2131Graph_Graph_connectivity_4_TestD1Ev
FN:184,_ZN3s2131Graph_Graph_connectivity_4_TestD0Ev
FNDA:1,_ZN3s2131Graph_Graph_connectivity_4_TestD0Ev
FN:184,_ZN3s2131Graph_Graph_connectivity_4_Test8TestBodyEv
FNDA:1,_ZN3s2131Graph_Graph_connectivity_4_Test8TestBodyEv
FN:184,_ZN3s2131Graph_Graph_connectivity_4_TestC1Ev
FNDA:1,_ZN3s2131Graph_Graph_connectivity_4_TestC1Ev
FN:194,_ZN3s2131Graph_Graph_connectivity_5_TestD0Ev
FNDA:1,_ZN3s2131Graph_Graph_connectivity_5_TestD0Ev
FN:194,_ZN3s2131Graph_Graph_connectivity_5_TestC1Ev
FNDA:1,_ZN3s2131Graph_Graph_connectivity_5_TestC1Ev
FN:194,_ZN3s2131Graph_Graph_connectivity_5_Test8TestBodyEv
FNDA:1,_ZN3s2131Graph_Graph_connectivity_5_Test8TestBodyEv
FN:194,_ZN3s2131Graph_Graph_connectivity_5_TestD1Ev
FNDA:1,_ZN3s2131Graph_Graph_connectivity_5_TestD1Ev
FN:203,_ZN3s2131Graph_Graph_connectivity_6_TestD0Ev
FNDA:1,_ZN3s2131Graph_Graph_connectivity_6_TestD0Ev
FN:203,_ZN3s2131Graph_Graph_connectivity_6_Test8TestBodyEv
FNDA:1,_ZN3s2131Graph_Graph_connectivity_6_Test8TestBodyEv
FN:203,_ZN3s2131Graph_Graph_connectivity_6_TestD1Ev
FNDA:1,_ZN3s2131Graph_Graph_connectivity_6_TestD1Ev
FN:203,_ZN3s2131Graph_Graph_connectivity_6_TestC1Ev
FNDA:1,_ZN3s2131Graph_Graph_connectivity_6_TestC1Ev
FN:212,_ZN3s2131Graph_Graph_connectivity_7_Test8TestBodyEv
FNDA:1,_ZN3s2131Graph_Graph_connectivity_7_Test8TestBodyEv
FN:212,_ZN3s2131Graph_Graph_connectivity_7_TestD1Ev
FNDA:1,_ZN3s2131Graph_Graph_connectivity_7_TestD1Ev
FN:212,_ZN3s2131Graph_Graph_connectivity_7_TestD0Ev
FNDA:1,_ZN3s2131Graph_Graph_connectivity_7_TestD0Ev
FN:212,_ZN3s2131Graph_Graph_connectivity_7_TestC1Ev
FNDA:1,_ZN3s2131Graph_Graph_connectivity_7_TestC1Ev
FNF:96
FNH:96
DA:5,1
DA:5,1
DA:5,1
DA:5,1
DA:6,1
DA:7,1
DA:8,1
DA:9,1
DA:10,6
DA:11,1
DA:14,1
DA:14,1
DA:14,1
DA:14,1
DA:15,1
DA:16,1
DA:17,1
DA:18,1
DA:19,1
DA:21,1
DA:22,1
DA:25,1
DA:25,1
DA:25,1
DA:25,1
DA:27,2
DA:28,1
DA:29,2
DA:30,2
DA:31,1
DA:33,1
DA:33,1
DA:33,1
DA:33,1
DA:34,2
DA:35,1
DA:36,2
DA:37,1
DA:38,1
DA:39,1
DA:40,1
DA:42,1
DA:42,1
DA:42,1
DA:42,1
DA:43,2
DA:44,1
DA:45,2
DA:46,1
DA:47,1
DA:48,1
DA:49,1
DA:51,1
DA:51,1
DA:51,1
DA:51,1
DA:52,2
DA:53,1
DA:54,1
DA:55,2
DA:56,1
DA:57,1
DA:59,1
DA:59,1
DA:59,1
DA:59,1
DA:60,2
DA:61,1
DA:62,2
DA:63,1
DA:64,1
DA:65,1
DA:66,1
DA:68,1
DA:68,1
DA:68,1
DA:68,1
DA:69,1
DA:70,1
DA:71,1
DA:72,1
DA:74,1
DA:75,1
DA:76,1
DA:77,1
DA:78,1
DA:81,1
DA:81,1
DA:81,1
DA:81,1
DA:82,1
DA:83,1
DA:84,1
DA:85,1
DA:86,1
DA:87,1
DA:88,1
DA:91,1
DA:91,1
DA:91,1
DA:91,1
DA:92,1
DA:93,1
DA:94,1
DA:95,1
DA:96,1
DA:97,1
DA:100,1
DA:100,1
DA:100,1
DA:100,1
DA:101,1
DA:102,1
DA:103,1
DA:104,1
DA:105,1
DA:106,1
DA:107,1
DA:110,1
DA:110,1
DA:110,1
DA:110,1
DA:111,1
DA:112,1
DA:113,1
DA:114,2
DA:117,1
DA:117,1
DA:117,1
DA:117,1
DA:118,1
DA:119,1
DA:120,1
DA:121,1
DA:124,1
DA:124,1
DA:124,1
DA:124,1
DA:125,1
DA:126,1
DA:127,1
DA:128,1
DA:129,1
DA:130,1
DA:131,1
DA:134,1
DA:134,1
DA:134,1
DA:134,1
DA:135,1
DA:136,1
DA:137,1
DA:138,1
DA:141,1
DA:141,1
DA:141,1
DA:141,1
DA:142,1
DA:143,1
DA:144,1
DA:145,2
DA:148,1
DA:148,1
DA:148,1
DA:148,1
DA:149,1
DA:150,1
DA:151,1
DA:152,1
DA:155,1
DA:155,1
DA:155,1
DA:155,1
DA:156,1
DA:157,1
DA:158,1
DA:159,1
DA:160,1
DA:161,1
DA:162,1
DA:165,1
DA:165,1
DA:165,1
DA:165,1
DA:166,1
DA:167,1
DA:168,1
DA:169,1
DA:170,1
DA:171,1
DA:172,1
DA:174,1
DA:174,1
DA:174,1
DA:174,1
DA:175,1
DA:176,1
DA:177,1
DA:178,1
DA:179,1
DA:180,1
DA:181,1
DA:184,1
DA:184,1
DA:184,1
DA:184,1
DA:185,1
DA:186,1
DA:187,1
DA:188,1
DA:189,1
DA:190,1
DA:191,1
DA:194,1
DA:194,1
DA:194,1
DA:194,1
DA:195,1
DA:196,1
DA:197,1
DA:198,1
DA:199,1
DA:200,1
DA:201,1
DA:203,1
DA:203,1
DA:203,1
DA:203,1
DA:204,1
DA:205,1
DA:206,1
DA:207,1
DA:208,1
DA:209,1
DA:210,1
DA:212,1
DA:212,1
DA:212,1
DA:212,1
DA:213,1
DA:214,1
DA:215,1
DA:216,1
DA:217,1
DA:218,1
DA:219,1
LF:246
LH:246
end_of_record
SF:/usr/local/include/c++/10.3.0/bits/char_traits.h
FN:106,_ZN9__gnu_cxx11char_traitsIcE2eqERKcS3_
FNDA:0,_ZN9__gnu_cxx11char_traitsIcE2eqERKcS3_
FN:167,_ZN9__gnu_cxx11char_traitsIcE6lengthEPKc
FNDA:0,_ZN9__gnu_cxx11char_traitsIcE6lengthEPKc
FN:365,_ZNSt11char_traitsIcE6lengthEPKc
FNDA:260129,_ZNSt11char_traitsIcE6lengthEPKc
FN:439,_ZNSt11char_traitsIcE3eofEv
FNDA:67,_ZNSt11char_traitsIcE3eofEv
FNF:4
FNH:2
DA:106,0
DA:107,0
DA:167,0
DA:170,0
DA:171,0
DA:172,0
DA:173,0
DA:262,260129
DA:365,260129
DA:368,260129
DA:369,0
DA:371,260129
DA:439,67
DA:440,67
LF:14
LH:6
end_of_record
SF:/usr/local/include/c++/10.3.0/bits/random.tcc
FN:323,_ZNSt23mersenne_twister_engineIjLm32ELm624ELm397ELm31ELj2567483615ELm11ELj4294967295ELm7ELj2636928640ELm15ELj4022730752ELm18ELj1812433253EE4seedEj
FNDA:260000,_ZNSt23mersenne_twister_engineIjLm32ELm624ELm397ELm31ELj2567483615ELm11ELj4294967295ELm7ELj2636928640ELm15ELj4022730752ELm18ELj1812433253EE4seedEj
FN:394,_ZNSt23mersenne_twister_engineIjLm32ELm624ELm397ELm31ELj2567483615ELm11ELj4294967295ELm7ELj2636928640ELm15ELj4022730752ELm18ELj1812433253EE11_M_gen_randEv
FNDA:260000,_ZNSt23mersenne_twister_engineIjLm32ELm624ELm397ELm31ELj2567483615ELm11ELj4294967295ELm7ELj2636928640ELm15ELj4022730752ELm18ELj1812433253EE11_M_gen_randEv
FN:450,_ZNSt23mersenne_twister_engineIjLm32ELm624ELm397ELm31ELj2567483615ELm11ELj4294967295ELm7ELj2636928640ELm15ELj4022730752ELm18ELj1812433253EEclEv
FNDA:520000,_ZNSt23mersenne_twister_engineIjLm32ELm624ELm397ELm31ELj2567483615ELm11ELj4294967295ELm7ELj2636928640ELm15ELj4022730752ELm18ELj1812433253EEclEv
FN:3282,_ZSt18generate_canonicalIdLm53ESt23mersenne_twister_engineIjLm32ELm624ELm397ELm31ELj2567483615ELm11ELj4294967295ELm7ELj2636928640ELm15ELj4022730752ELm18ELj1812433253EEET_RT1_
FNDA:260000,_ZSt18generate_canonicalIdLm53ESt23mersenne_twister_engineIjLm32ELm624ELm397ELm31ELj2567483615ELm11ELj4294967295ELm7ELj2636928640ELm15ELj4022730752ELm18ELj1812433253EEET_RT1_
FNF:4
FNH:4
DA:323,260000
DA:327,260000
DA:328,260000
DA:330,162240000
DA:332,161980000
DA:333,161980000
DA:334,161980000
DA:335,161980000
DA:336,161980000
DA:337,161980000
DA:339,260000
DA:340,260000
DA:394,260000
DA:398,260000
DA:399,260000
DA:401,59280000
DA:403,59020000
DA:404,59020000
DA:405,118040000
DA:406,59020000
DA:409,103220000
DA:411,102960000
DA:412,102960000
DA:413,205920000
DA:414,102960000
DA:417,260000
DA:418,260000
DA:419,520000
DA:420,260000
DA:421,260000
DA:422,260000
DA:450,520000
DA:455,520000
DA:456,260000
DA:459,520000
DA:460,520000
DA:461,520000
DA:462,520000
DA:463,520000
DA:465,520000
DA:3282,260000
DA:3287,260000
DA:3290,260000
DA:3292,260000
DA:3293,260000
DA:3296,260000
DA:3297,260000
DA:3298,780000
DA:3300,520000
DA:3301,520000
DA:3303,260000
DA:3304,260000
DA:3307,0
DA:3313,260000
LF:54
LH:53
end_of_record
SF:/usr/local/include/gtest/gtest-printers.h
FN:133,_ZN7testing8internal16ContainerPrinter10PrintValueISt6vectorIiSaIiEEvEEvRKT_PSo
FNDA:0,_ZN7testing8internal16ContainerPrinter10PrintValueISt6vectorIiSaIiEEvEEvRKT_PSo
FN:133,_ZN7testing8internal16ContainerPrinter10PrintValueISt6vectorIS3_IiSaIiEESaIS5_EEvEEvRKT_PSo
FNDA:0,_ZN7testing8internal16ContainerPrinter10PrintValueISt6vectorIS3_IiSaIiEESaIS5_EEvEEvRKT_PSo
FN:133,_ZN7testing8internal16ContainerPrinter10PrintValueISt6vectorISt4pairIiiESaIS5_EEvEEvRKT_PSo
FNDA:0,_ZN7testing8internal16ContainerPrinter10PrintValueISt6vectorISt4pairIiiESaIS5_EEvEEvRKT_PSo
FN:213,_ZN7testing8internal52internal_stream_operator_without_lexical_name_lookup13StreamPrinter10PrintValueIivRSoEEvRKT_PSo
FNDA:0,_ZN7testing8internal52internal_stream_operator_without_lexical_name_lookup13StreamPrinter10PrintValueIivRSoEEvRKT_PSo
FN:213,_ZN7testing8internal52internal_stream_operator_without_lexical_name_lookup13StreamPrinter10PrintValueIdvRSoEEvRKT_PSo
FNDA:0,_ZN7testing8internal52internal_stream_operator_without_lexical_name_lookup13StreamPrinter10PrintValueIdvRSoEEvRKT_PSo
FN:307,_ZN7testing8internal17PrintWithFallbackISt6vectorIiSaIiEEEEvRKT_PSo
FNDA:0,_ZN7testing8internal17PrintWithFallbackISt6vectorIiSaIiEEEEvRKT_PSo
FN:307,_ZN7testing8internal17PrintWithFallbackIiEEvRKT_PSo
FNDA:0,_ZN7testing8internal17PrintWithFallbackIiEEvRKT_PSo
FN:307,_ZN7testing8internal17PrintWithFallbackISt6vectorIS2_IiSaIiEESaIS4_EEEEvRKT_PSo
FNDA:0,_ZN7testing8internal17PrintWithFallbackISt6vectorIS2_IiSaIiEESaIS4_EEEEvRKT_PSo
FN:307,_ZN7testing8internal17PrintWithFallbackISt6vectorISt4pairIiiESaIS4_EEEEvRKT_PSo
FNDA:0,_ZN7testing8internal17PrintWithFallbackISt6vectorISt4pairIiiESaIS4_EEEEvRKT_PSo
FN:307,_ZN7testing8internal17PrintWithFallbackIdEEvRKT_PSo
FNDA:0,_ZN7testing8internal17PrintWithFallbackIdEEvRKT_PSo
FN:334,_ZN7testing8internal19FormatForComparisonIdiE6FormatB5cxx11ERKd
FNDA:0,_ZN7testing8internal19FormatForComparisonIdiE6FormatB5cxx11ERKd
FN:334,_ZN7testing8internal19FormatForComparisonIidE6FormatB5cxx11ERKi
FNDA:0,_ZN7testing8internal19FormatForComparisonIidE6FormatB5cxx11ERKi
FN:334,_ZN7testing8internal19FormatForComparisonIbbE6FormatB5cxx11ERKb
FNDA:0,_ZN7testing8internal19FormatForComparisonIbbE6FormatB5cxx11ERKb
FN:334,_ZN7testing8internal19FormatForComparisonISt6vectorISt4pairIiiESaIS4_EES6_E6FormatB5cxx11ERKS6_
FNDA:0,_ZN7testing8internal19FormatForComparisonISt6vectorISt4pairIiiESaIS4_EES6_E6FormatB5cxx11ERKS6_
FN:334,_ZN7testing8internal19FormatForComparisonISt6vectorIS2_IiSaIiEESaIS4_EES6_E6FormatB5cxx11ERKS6_
FNDA:0,_ZN7testing8internal19FormatForComparisonISt6vectorIS2_IiSaIiEESaIS4_EES6_E6FormatB5cxx11ERKS6_
FN:334,_ZN7testing8internal19FormatForComparisonIiiE6FormatB5cxx11ERKi
FNDA:0,_ZN7testing8internal19FormatForComparisonIiiE6FormatB5cxx11ERKi
FN:414,_ZN7testing8internal33FormatForComparisonFailureMessageISt6vectorISt4pairIiiESaIS4_EES6_EENSt7__cxx1112basic_stringIcSt11char_traitsIcESaIcEEERKT_RKT0_
FNDA:0,_ZN7testing8internal33FormatForComparisonFailureMessageISt6vectorISt4pairIiiESaIS4_EES6_EENSt7__cxx1112basic_stringIcSt11char_traitsIcESaIcEEERKT_RKT0_
FN:414,_ZN7testing8internal33FormatForComparisonFailureMessageIdiEENSt7__cxx1112basic_stringIcSt11char_traitsIcESaIcEEERKT_RKT0_
FNDA:0,_ZN7testing8internal33FormatForComparisonFailureMessageIdiEENSt7__cxx1112basic_stringIcSt11char_traitsIcESaIcEEERKT_RKT0_
FN:414,_ZN7testing8internal33FormatForComparisonFailureMessageIidEENSt7__cxx1112basic_stringIcSt11char_traitsIcESaIcEEERKT_RKT0_
FNDA:0,_ZN7testing8internal33FormatForComparisonFailureMessageIidEENSt7__cxx1112basic_stringIcSt11char_traitsIcESaIcEEERKT_RKT0_
FN:414,_ZN7testing8internal33FormatForComparisonFailureMessageIiiEENSt7__cxx1112basic_stringIcSt11char_traitsIcESaIcEEERKT_RKT0_
FNDA:0,_ZN7testing8internal33FormatForComparisonFailureMessageIiiEENSt7__cxx1112basic_stringIcSt11char_traitsIcESaIcEEERKT_RKT0_
FN:414,_ZN7testing8internal33FormatForComparisonFailureMessageISt6vectorIS2_IiSaIiEESaIS4_EES6_EENSt7__cxx1112basic_stringIcSt11char_traitsIcESaIcEEERKT_RKT0_
FNDA:0,_ZN7testing8internal33FormatForComparisonFailureMessageISt6vectorIS2_IiSaIiEESaIS4_EES6_EENSt7__cxx1112basic_stringIcSt11char_traitsIcESaIcEEERKT_RKT0_
FN:414,_ZN7testing8internal33FormatForComparisonFailureMessageIbbEENSt7__cxx1112basic_stringIcSt11char_traitsIcESaIcEEERKT_RKT0_
FNDA:0,_ZN7testing8internal33FormatForComparisonFailureMessageIbbEENSt7__cxx1112basic_stringIcSt11char_traitsIcESaIcEEERKT_RKT0_
FN:441,_ZN7testing8internal7PrintToIiEEvRKT_PSo
FNDA:0,_ZN7testing8internal7PrintToIiEEvRKT_PSo
FN:441,_ZN7testing8internal7PrintToISt6vectorIS2_IiSaIiEESaIS4_EEEEvRKT_PSo
FNDA:0,_ZN7testing8internal7PrintToISt6vectorIS2_IiSaIiEESaIS4_EEEEvRKT_PSo
FN:441,_ZN7testing8internal7PrintToISt6vectorISt4pairIiiESaIS4_EEEEvRKT_PSo
FNDA:0,_ZN7testing8internal7PrintToISt6vectorISt4pairIiiESaIS4_EEEEvRKT_PSo
FN:441,_ZN7testing8internal7PrintToIdEEvRKT_PSo
FNDA:0,_ZN7testing8internal7PrintToIdEEvRKT_PSo
FN:441,_ZN7testing8internal7PrintToISt6vectorIiSaIiEEEEvRKT_PSo
FNDA:0,_ZN7testing8internal7PrintToISt6vectorIiSaIiEEEEvRKT_PSo
FN:460,_ZN7testing8internal7PrintToEbPSo
FNDA:0,_ZN7testing8internal7PrintToEbPSo
FN:673,_ZN7testing8internal7PrintToIiiEEvRKSt4pairIT_T0_EPSo
FNDA:0,_ZN7testing8internal7PrintToIiiEEvRKSt4pairIT_T0_EPSo
FN:695,_ZN7testing8internal16UniversalPrinterISt4pairIiiEE5PrintERKS3_PSo
FNDA:0,_ZN7testing8internal16UniversalPrinterISt4pairIiiEE5PrintERKS3_PSo
FN:695,_ZN7testing8internal16UniversalPrinterISt6vectorIiSaIiEEE5PrintERKS4_PSo
FNDA:0,_ZN7testing8internal16UniversalPrinterISt6vectorIiSaIiEEE5PrintERKS4_PSo
FN:695,_ZN7testing8internal16UniversalPrinterIdE5PrintERKdPSo
FNDA:0,_ZN7testing8internal16UniversalPrinterIdE5PrintERKdPSo
FN:695,_ZN7testing8internal16UniversalPrinterIbE5PrintERKbPSo
FNDA:0,_ZN7testing8internal16UniversalPrinterIbE5PrintERKbPSo
FN:695,_ZN7testing8internal16UniversalPrinterISt6vectorISt4pairIiiESaIS4_EEE5PrintERKS6_PSo
FNDA:0,_ZN7testing8internal16UniversalPrinterISt6vectorISt4pairIiiESaIS4_EEE5PrintERKS6_PSo
FN:695,_ZN7testing8internal16UniversalPrinterISt6vectorIS2_IiSaIiEESaIS4_EEE5PrintERKS6_PSo
FNDA:0,_ZN7testing8internal16UniversalPrinterISt6vectorIS2_IiSaIiEESaIS4_EEE5PrintERKS6_PSo
FN:695,_ZN7testing8internal16UniversalPrinterIiE5PrintERKiPSo
FNDA:0,_ZN7testing8internal16UniversalPrinterIiE5PrintERKiPSo
FN:885,_ZN7testing8internal21UniversalTersePrinterIdE5PrintERKdPSo
FNDA:0,_ZN7testing8internal21UniversalTersePrinterIdE5PrintERKdPSo
FN:885,_ZN7testing8internal21UniversalTersePrinterIbE5PrintERKbPSo
FNDA:0,_ZN7testing8internal21UniversalTersePrinterIbE5PrintERKbPSo
FN:885,_ZN7testing8internal21UniversalTersePrinterISt6vectorISt4pairIiiESaIS4_EEE5PrintERKS6_PSo
FNDA:0,_ZN7testing8internal21UniversalTersePrinterISt6vectorISt4pairIiiESaIS4_EEE5PrintERKS6_PSo
FN:885,_ZN7testing8internal21UniversalTersePrinterISt6vectorIS2_IiSaIiEESaIS4_EEE5PrintERKS6_PSo
FNDA:0,_ZN7testing8internal21UniversalTersePrinterISt6vectorIS2_IiSaIiEESaIS4_EEE5PrintERKS6_PSo
FN:885,_ZN7testing8internal21UniversalTersePrinterIiE5PrintERKiPSo
FNDA:0,_ZN7testing8internal21UniversalTersePrinterIiE5PrintERKiPSo
FN:997,_ZN7testing8internal14UniversalPrintISt6vectorISt4pairIiiESaIS4_EEEEvRKT_PSo
FNDA:0,_ZN7testing8internal14UniversalPrintISt6vectorISt4pairIiiESaIS4_EEEEvRKT_PSo
FN:997,_ZN7testing8internal14UniversalPrintISt4pairIiiEEEvRKT_PSo
FNDA:0,_ZN7testing8internal14UniversalPrintISt4pairIiiEEEvRKT_PSo
FN:997,_ZN7testing8internal14UniversalPrintISt6vectorIiSaIiEEEEvRKT_PSo
FNDA:0,_ZN7testing8internal14UniversalPrintISt6vectorIiSaIiEEEEvRKT_PSo
FN:997,_ZN7testing8internal14UniversalPrintIdEEvRKT_PSo
FNDA:0,_ZN7testing8internal14UniversalPrintIdEEvRKT_PSo
FN:997,_ZN7testing8internal14UniversalPrintIbEEvRKT_PSo
FNDA:0,_ZN7testing8internal14UniversalPrintIbEEvRKT_PSo
FN:997,_ZN7testing8internal14UniversalPrintISt6vectorIS2_IiSaIiEESaIS4_EEEEvRKT_PSo
FNDA:0,_ZN7testing8internal14UniversalPrintISt6vectorIS2_IiSaIiEESaIS4_EEEEvRKT_PSo
FN:997,_ZN7testing8internal14UniversalPrintIiEEvRKT_PSo
FNDA:0,_ZN7testing8internal14UniversalPrintIiEEvRKT_PSo
FN:1037,_ZN7testing13PrintToStringIiEENSt7__cxx1112basic_stringIcSt11char_traitsIcESaIcEEERKT_
FNDA:0,_ZN7testing13PrintToStringIiEENSt7__cxx1112basic_stringIcSt11char_traitsIcESaIcEEERKT_
FN:1037,_ZN7testing13PrintToStringISt6vectorIS1_IiSaIiEESaIS3_EEEENSt7__cxx1112basic_stringIcSt11char_traitsIcESaIcEEERKT_
FNDA:0,_ZN7testing13PrintToStringISt6vectorIS1_IiSaIiEESaIS3_EEEENSt7__cxx1112basic_stringIcSt11char_traitsIcESaIcEEERKT_
FN:1037,_ZN7testing13PrintToStringISt6vectorISt4pairIiiESaIS3_EEEENSt7__cxx1112basic_stringIcSt11char_traitsIcESaIcEEERKT_
FNDA:0,_ZN7testing13PrintToStringISt6vectorISt4pairIiiESaIS3_EEEENSt7__cxx1112basic_stringIcSt11char_traitsIcESaIcEEERKT_
FN:1037,_ZN7testing13PrintToStringIbEENSt7__cxx1112basic_stringIcSt11char_traitsIcESaIcEEERKT_
FNDA:0,_ZN7testing13PrintToStringIbEENSt7__cxx1112basic_stringIcSt11char_traitsIcESaIcEEERKT_
FN:1037,_ZN7testing13PrintToStringIdEENSt7__cxx1112basic_stringIcSt11char_traitsIcESaIcEEERKT_
FNDA:0,_ZN7testing13PrintToStringIdEENSt7__cxx1112basic_stringIcSt11char_traitsIcESaIcEEERKT_
FNF:53
FNH:0
DA:133,0
DA:134,0
DA:135,0
DA:136,0
DA:137,0
DA:138,0
DA:139,0
DA:140,0
DA:141,0
DA:142,0
DA:145,0
DA:148,0
DA:149,0
DA:152,0
DA:153,0
DA:155,0
DA:156,0
DA:133,0
DA:134,0
DA:135,0
DA:136,0
DA:137,0
DA:138,0
DA:139,0
DA:140,0
DA:141,0
DA:142,0
DA:145,0
DA:148,0
DA:149,0
DA:152,0
DA:153,0
DA:155,0
DA:156,0
DA:133,0
DA:134,0
DA:135,0
DA:136,0
DA:137,0
DA:138,0
DA:139,0
DA:140,0
DA:141,0
DA:142,0
DA:145,0
DA:148,0
DA:149,0
DA:152,0
DA:153,0
DA:155,0
DA:156,0
DA:213,0
DA:216,0
DA:217,0
DA:213,0
DA:216,0
DA:217,0
DA:307,0
DA:313,0
DA:314,0
DA:307,0
DA:313,0
DA:314,0
DA:307,0
DA:313,0
DA:314,0
DA:307,0
DA:313,0
DA:314,0
DA:307,0
DA:313,0
DA:314,0
DA:334,0
DA:335,0
DA:334,0
DA:335,0
DA:334,0
DA:335,0
DA:334,0
DA:335,0
DA:334,0
DA:335,0
DA:334,0
DA:335,0
DA:414,0
DA:416,0
DA:414,0
DA:416,0
DA:414,0
DA:416,0
DA:414,0
DA:416,0
DA:414,0
DA:416,0
DA:414,0
DA:416,0
DA:441,0
DA:442,0
DA:443,0
DA:441,0
DA:442,0
DA:443,0
DA:441,0
DA:442,0
DA:443,0
DA:441,0
DA:442,0
DA:443,0
DA:441,0
DA:442,0
DA:443,0
DA:460,0
DA:461,0
DA:462,0
DA:673,0
DA:674,0
DA:677,0
DA:678,0
DA:679,0
DA:680,0
DA:681,0
DA:695,0
DA:704,0
DA:705,0
DA:695,0
DA:704,0
DA:705,0
DA:695,0
DA:704,0
DA:705,0
DA:695,0
DA:704,0
DA:705,0
DA:695,0
DA:704,0
DA:705,0
DA:695,0
DA:704,0
DA:705,0
DA:695,0
DA:704,0
DA:705,0
DA:885,0
DA:886,0
DA:887,0
DA:885,0
DA:886,0
DA:887,0
DA:885,0
DA:886,0
DA:887,0
DA:885,0
DA:886,0
DA:887,0
DA:885,0
DA:886,0
DA:887,0
DA:997,0
DA:1001,0
DA:1002,0
DA:997,0
DA:1001,0
DA:1002,0
DA:997,0
DA:1001,0
DA:1002,0
DA:997,0
DA:1001,0
DA:1002,0
DA:997,0
DA:1001,0
DA:1002,0
DA:997,0
DA:1001,0
DA:1002,0
DA:997,0
DA:1001,0
DA:1002,0
DA:1037,0
DA:1038,0
DA:1039,0
DA:1040,0
DA:1037,0
DA:1038,0
DA:1039,0
DA:1040,0
DA:1037,0
DA:1038,0
DA:1039,0
DA:1040,0
DA:1037,0
DA:1038,0
DA:1039,0
DA:1040,0
DA:1037,0
DA:1038,0
DA:1039,0
DA:1040,0
LF:198
LH:0
end_of_record
SF:/usr/local/include/c++/10.3.0/bits/allocator.h
FN:144,_ZNSaIiEC2Ev
[...]
FNDA:0,_ZN9__gnu_cxx13new_allocatorImE8allocateEmPKv
FN:103,_ZN9__gnu_cxx13new_allocatorISt6vectorIdSaIdEEE8allocateEmPKv
FNDA:300002,_ZN9__gnu_cxx13new_allocatorISt6vectorIdSaIdEEE8allocateEmPKv
FN:103,_ZN9__gnu_cxx13new_allocatorIiE8allocateEmPKv
FNDA:0,_ZN9__gnu_cxx13new_allocatorIiE8allocateEmPKv
FN:103,_ZN9__gnu_cxx13new_allocatorISt6vectorIiSaIiEEE8allocateEmPKv
FNDA:420654,_ZN9__gnu_cxx13new_allocatorISt6vectorIiSaIiEEE8allocateEmPKv
FN:103,_ZN9__gnu_cxx13new_allocatorIdE8allocateEmPKv
FNDA:0,_ZN9__gnu_cxx13new_allocatorIdE8allocateEmPKv
FN:103,_ZN9__gnu_cxx13new_allocatorISt4pairIiiEE8allocateEmPKv
FNDA:68,_ZN9__gnu_cxx13new_allocatorISt4pairIiiEE8allocateEmPKv
FN:120,_ZN9__gnu_cxx13new_allocatorIdE10deallocateEPdm
FNDA:0,_ZN9__gnu_cxx13new_allocatorIdE10deallocateEPdm
FN:120,_ZN9__gnu_cxx13new_allocatorISt6vectorIiSaIiEEE10deallocateEPS3_m
FNDA:420654,_ZN9__gnu_cxx13new_allocatorISt6vectorIiSaIiEEE10deallocateEPS3_m
FN:120,_ZN9__gnu_cxx13new_allocatorISt4pairIiiEE10deallocateEPS2_m
FNDA:68,_ZN9__gnu_cxx13new_allocatorISt4pairIiiEE10deallocateEPS2_m
FN:120,_ZN9__gnu_cxx13new_allocatorIiE10deallocateEPim
FNDA:3878679,_ZN9__gnu_cxx13new_allocatorIiE10deallocateEPim
FN:120,_ZN9__gnu_cxx13new_allocatorIPiE10deallocateEPS1_m
FNDA:8,_ZN9__gnu_cxx13new_allocatorIPiE10deallocateEPS1_m
FN:120,_ZN9__gnu_cxx13new_allocatorISt6vectorIdSaIdEEE10deallocateEPS3_m
FNDA:0,_ZN9__gnu_cxx13new_allocatorISt6vectorIdSaIdEEE10deallocateEPS3_m
FN:120,_ZN9__gnu_cxx13new_allocatorImE10deallocateEPmm
FNDA:0,_ZN9__gnu_cxx13new_allocatorImE10deallocateEPmm
FN:142,_ZNK9__gnu_cxx13new_allocatorIiE8max_sizeEv
FNDA:410223,_ZNK9__gnu_cxx13new_allocatorIiE8max_sizeEv
FN:142,_ZNK9__gnu_cxx13new_allocatorISt6vectorIiSaIiEEE8max_sizeEv
FNDA:40676,_ZNK9__gnu_cxx13new_allocatorISt6vectorIiSaIiEEE8max_sizeEv
FN:142,_ZNK9__gnu_cxx13new_allocatorIdE8max_sizeEv
FNDA:0,_ZNK9__gnu_cxx13new_allocatorIdE8max_sizeEv
FN:142,_ZNK9__gnu_cxx13new_allocatorISt6vectorIdSaIdEEE8max_sizeEv
FNDA:0,_ZNK9__gnu_cxx13new_allocatorISt6vectorIdSaIdEEE8max_sizeEv
FN:142,_ZNK9__gnu_cxx13new_allocatorISt4pairIiiEE8max_sizeEv
FNDA:133,_ZNK9__gnu_cxx13new_allocatorISt4pairIiiEE8max_sizeEv
FN:148,_ZN9__gnu_cxx13new_allocatorIiE9constructIiJRKiEEEvPT_DpOT0_
FNDA:359086,_ZN9__gnu_cxx13new_allocatorIiE9constructIiJRKiEEEvPT_DpOT0_
FN:148,_ZN9__gnu_cxx13new_allocatorISt6vectorIiSaIiEEE9constructIS3_JS3_EEEvPT_DpOT0_
FNDA:1481,_ZN9__gnu_cxx13new_allocatorISt6vectorIiSaIiEEE9constructIS3_JS3_EEEvPT_DpOT0_
FN:148,_ZN9__gnu_cxx13new_allocatorISt4pairIiiEE9constructIS2_JS2_EEEvPT_DpOT0_
FNDA:661,_ZN9__gnu_cxx13new_allocatorISt4pairIiiEE9constructIS2_JS2_EEEvPT_DpOT0_
FN:148,_ZN9__gnu_cxx13new_allocatorIiE9constructIiJiEEEvPT_DpOT0_
FNDA:0,_ZN9__gnu_cxx13new_allocatorIiE9constructIiJiEEEvPT_DpOT0_
FN:148,_ZN9__gnu_cxx13new_allocatorISt6vectorIiSaIiEEE9constructIS3_JRKS3_EEEvPT_DpOT0_
FNDA:0,_ZN9__gnu_cxx13new_allocatorISt6vectorIiSaIiEEE9constructIS3_JRKS3_EEEvPT_DpOT0_
FN:154,_ZN9__gnu_cxx13new_allocatorIiE7destroyIiEEvPT_
FNDA:0,_ZN9__gnu_cxx13new_allocatorIiE7destroyIiEEvPT_
FN:154,_ZN9__gnu_cxx13new_allocatorISt4pairIiiEE7destroyIS2_EEvPT_
FNDA:655,_ZN9__gnu_cxx13new_allocatorISt4pairIiiEE7destroyIS2_EEvPT_
FN:154,_ZN9__gnu_cxx13new_allocatorISt6vectorIiSaIiEEE7destroyIS3_EEvPT_
FNDA:814,_ZN9__gnu_cxx13new_allocatorISt6vectorIiSaIiEEE7destroyIS3_EEvPT_
FN:185,_ZNK9__gnu_cxx13new_allocatorIPiE11_M_max_sizeEv
FNDA:8,_ZNK9__gnu_cxx13new_allocatorIPiE11_M_max_sizeEv
FN:185,_ZNK9__gnu_cxx13new_allocatorIiE11_M_max_sizeEv
FNDA:0,_ZNK9__gnu_cxx13new_allocatorIiE11_M_max_sizeEv
FN:185,_ZNK9__gnu_cxx13new_allocatorImE11_M_max_sizeEv
FNDA:134,_ZNK9__gnu_cxx13new_allocatorImE11_M_max_sizeEv
FN:185,_ZNK9__gnu_cxx13new_allocatorISt6vectorIiSaIiEEE11_M_max_sizeEv
FNDA:461330,_ZNK9__gnu_cxx13new_allocatorISt6vectorIiSaIiEEE11_M_max_sizeEv
FN:185,_ZNK9__gnu_cxx13new_allocatorIdE11_M_max_sizeEv
FNDA:0,_ZNK9__gnu_cxx13new_allocatorIdE11_M_max_sizeEv
FN:185,_ZNK9__gnu_cxx13new_allocatorISt6vectorIdSaIdEEE11_M_max_sizeEv
FNDA:300004,_ZNK9__gnu_cxx13new_allocatorISt6vectorIdSaIdEEE11_M_max_sizeEv
FN:185,_ZNK9__gnu_cxx13new_allocatorISt4pairIiiEE11_M_max_sizeEv
FNDA:201,_ZNK9__gnu_cxx13new_allocatorISt4pairIiiEE11_M_max_sizeEv
FNF:58
FNH:37
DA:79,16
DA:79,134
DA:79,34
DA:79,80
DA:79,0
DA:79,0
DA:79,40257
DA:79,134
DA:79,0
DA:82,4
DA:82,247
DA:82,600004
DA:82,0
DA:82,840710
DA:82,7389058
DA:89,16
DA:89,34
DA:89,0
DA:89,0
DA:89,0
DA:89,134
DA:89,0
DA:89,84
DA:89,880967
DA:103,8
DA:105,8
DA:106,0
DA:115,8
DA:103,300002
DA:105,300002
DA:106,0
DA:115,300002
DA:103,0
DA:105,0
DA:106,0
DA:115,0
DA:103,68
DA:105,68
DA:106,0
DA:115,68
DA:103,420654
DA:105,420654
DA:106,0
DA:115,420654
DA:103,0
DA:105,0
DA:106,0
DA:115,0
DA:103,0
DA:105,0
DA:106,0
DA:115,0
DA:120,8
DA:133,8
DA:120,0
DA:133,0
DA:120,0
DA:133,0
DA:120,0
DA:133,0
DA:120,3878679
DA:133,3878679
DA:120,68
DA:133,68
DA:120,420654
DA:133,420654
DA:142,133
DA:143,133
DA:142,0
DA:143,0
DA:142,0
DA:143,0
DA:142,40676
DA:143,40676
DA:142,410223
DA:143,410223
DA:148,0
DA:150,0
DA:148,1481
DA:150,1481
DA:148,0
DA:150,0
DA:148,661
DA:150,661
DA:148,359086
DA:150,359086
DA:154,814
DA:156,814
DA:154,655
DA:156,655
DA:154,0
DA:156,0
DA:185,8
DA:188,8
DA:185,201
DA:188,201
DA:185,300004
DA:188,300004
DA:185,0
DA:188,0
DA:185,461330
DA:188,461330
DA:185,134
DA:188,134
DA:185,0
DA:188,0
LF:106
LH:62
end_of_record
SF:/usr/local/include/c++/10.3.0/bits/stl_iterator_base_types.h
FN:238,_ZSt19__iterator_categoryIPdENSt15iterator_traitsIT_E17iterator_categoryERKS2_
FNDA:300002,_ZSt19__iterator_categoryIPdENSt15iterator_traitsIT_E17iterator_categoryERKS2_
FN:238,_ZSt19__iterator_categoryIPiENSt15iterator_traitsIT_E17iterator_categoryERKS2_
FNDA:40089,_ZSt19__iterator_categoryIPiENSt15iterator_traitsIT_E17iterator_categoryERKS2_
FN:238,_ZSt19__iterator_categoryISt13move_iteratorIN9__gnu_cxx17__normal_iteratorIPiSt6vectorIiSaIiEEEEEENSt15iterator_traitsIT_E17iterator_categoryERKSA_
FNDA:22,_ZSt19__iterator_categoryISt13move_iteratorIN9__gnu_cxx17__normal_iteratorIPiSt6vectorIiSaIiEEEEEENSt15iterator_traitsIT_E17iterator_categoryERKSA_
FN:238,_ZSt19__iterator_categoryIPKcENSt15iterator_traitsIT_E17iterator_categoryERKS3_
FNDA:0,_ZSt19__iterator_categoryIPKcENSt15iterator_traitsIT_E17iterator_categoryERKS3_
FN:238,_ZSt19__iterator_categoryIPKSt4pairIiiEENSt15iterator_traitsIT_E17iterator_categoryERKS5_
FNDA:1,_ZSt19__iterator_categoryIPKSt4pairIiiEENSt15iterator_traitsIT_E17iterator_categoryERKS5_
FN:238,_ZSt19__iterator_categoryIPKSt6vectorIiSaIiEEENSt15iterator_traitsIT_E17iterator_categoryERKS6_
FNDA:11,_ZSt19__iterator_categoryIPKSt6vectorIiSaIiEEENSt15iterator_traitsIT_E17iterator_categoryERKS6_
FN:238,_ZSt19__iterator_categoryIPKiENSt15iterator_traitsIT_E17iterator_categoryERKS3_
FNDA:224,_ZSt19__iterator_categoryIPKiENSt15iterator_traitsIT_E17iterator_categoryERKS3_
FN:238,_ZSt19__iterator_categoryIN9__gnu_cxx17__normal_iteratorIPiSt6vectorIiSaIiEEEEENSt15iterator_traitsIT_E17iterator_categoryERKS8_
FNDA:188,_ZSt19__iterator_categoryIN9__gnu_cxx17__normal_iteratorIPiSt6vectorIiSaIiEEEEENSt15iterator_traitsIT_E17iterator_categoryERKS8_
FNF:8
FNH:7
DA:238,300002
DA:239,300002
DA:238,40089
DA:239,40089
DA:238,22
DA:239,22
DA:238,0
DA:239,0
DA:238,1
DA:239,1
DA:238,11
DA:239,11
DA:238,224
DA:239,224
DA:238,188
DA:239,188
LF:16
LH:14
end_of_record
SF:/usr/local/include/c++/10.3.0/bits/random.h
FN:137,_ZNSt8__detail4_ModIjLj624ELj1ELj0ELb1ELb1EE6__calcEj
FNDA:161980000,_ZNSt8__detail4_ModIjLj624ELj1ELj0ELb1ELb1EE6__calcEj
FN:137,_ZNSt8__detail4_ModIjLj0ELj1ELj0ELb1ELb0EE6__calcEj
FNDA:162240000,_ZNSt8__detail4_ModIjLj0ELj1ELj0ELb1ELb0EE6__calcEj
FN:148,_ZNSt8__detail5__modIjLj0ELj1ELj0EEET_S1_
FNDA:162240000,_ZNSt8__detail5__modIjLj0ELj1ELj0EEET_S1_
FN:148,_ZNSt8__detail5__modIjLj624ELj1ELj0EEET_S1_
FNDA:161980000,_ZNSt8__detail5__modIjLj624ELj1ELj0EEET_S1_
FN:171,_ZNSt8__detail8_AdaptorISt23mersenne_twister_engineIjLm32ELm624ELm397ELm31ELj2567483615ELm11ELj4294967295ELm7ELj2636928640ELm15ELj4022730752ELm18ELj1812433253EEdEC1ERS2_
FNDA:260000,_ZNSt8__detail8_AdaptorISt23mersenne_twister_engineIjLm32ELm624ELm397ELm31ELj2567483615ELm11ELj4294967295ELm7ELj2636928640ELm15ELj4022730752ELm18ELj1812433253EEdEC1ERS2_
FN:188,_ZNSt8__detail8_AdaptorISt23mersenne_twister_engineIjLm32ELm624ELm397ELm31ELj2567483615ELm11ELj4294967295ELm7ELj2636928640ELm15ELj4022730752ELm18ELj1812433253EEdEclEv
FNDA:260000,_ZNSt8__detail8_AdaptorISt23mersenne_twister_engineIjLm32ELm624ELm397ELm31ELj2567483615ELm11ELj4294967295ELm7ELj2636928640ELm15ELj4022730752ELm18ELj1812433253EEdEclEv
FN:530,_ZNSt23mersenne_twister_engineIjLm32ELm624ELm397ELm31ELj2567483615ELm11ELj4294967295ELm7ELj2636928640ELm15ELj4022730752ELm18ELj1812433253EEC1Ej
FNDA:260000,_ZNSt23mersenne_twister_engineIjLm32ELm624ELm397ELm31ELj2567483615ELm11ELj4294967295ELm7ELj2636928640ELm15ELj4022730752ELm18ELj1812433253EEC1Ej
FN:555,_ZNSt23mersenne_twister_engineIjLm32ELm624ELm397ELm31ELj2567483615ELm11ELj4294967295ELm7ELj2636928640ELm15ELj4022730752ELm18ELj1812433253EE3minEv
FNDA:520000,_ZNSt23mersenne_twister_engineIjLm32ELm624ELm397ELm31ELj2567483615ELm11ELj4294967295ELm7ELj2636928640ELm15ELj4022730752ELm18ELj1812433253EE3minEv
FN:1616,_ZNSt13random_deviceC1Ev
FNDA:260000,_ZNSt13random_deviceC1Ev
FN:1622,_ZNSt13random_deviceD1Ev
FNDA:260000,_ZNSt13random_deviceD1Ev
FN:1645,_ZNSt13random_deviceclEv
FNDA:260000,_ZNSt13random_deviceclEv
FN:1757,_ZNSt25uniform_real_distributionIdE10param_typeC1Edd
FNDA:260000,_ZNSt25uniform_real_distributionIdE10param_typeC1Edd
FN:1764,_ZNKSt25uniform_real_distributionIdE10param_type1aEv
FNDA:520000,_ZNKSt25uniform_real_distributionIdE10param_type1aEv
FN:1768,_ZNKSt25uniform_real_distributionIdE10param_type1bEv
FNDA:260000,_ZNKSt25uniform_real_distributionIdE10param_type1bEv
FN:1799,_ZNSt25uniform_real_distributionIdEC1Edd
FNDA:260000,_ZNSt25uniform_real_distributionIdEC1Edd
FN:1858,_ZNSt25uniform_real_distributionIdEclISt23mersenne_twister_engineIjLm32ELm624ELm397ELm31ELj2567483615ELm11ELj4294967295ELm7ELj2636928640ELm15ELj4022730752ELm18ELj1812433253EEEEdRT_
FNDA:260000,_ZNSt25uniform_real_distributionIdEclISt23mersenne_twister_engineIjLm32ELm624ELm397ELm31ELj2567483615ELm11ELj4294967295ELm7ELj2636928640ELm15ELj4022730752ELm18ELj1812433253EEEEdRT_
FN:1863,_ZNSt25uniform_real_distributionIdEclISt23mersenne_twister_engineIjLm32ELm624ELm397ELm31ELj2567483615ELm11ELj4294967295ELm7ELj2636928640ELm15ELj4022730752ELm18ELj1812433253EEEEdRT_RKNS0_10param_typeE
FNDA:260000,_ZNSt25uniform_real_distributionIdEclISt23mersenne_twister_engineIjLm32ELm624ELm397ELm31ELj2567483615ELm11ELj4294967295ELm7ELj2636928640ELm15ELj4022730752ELm18ELj1812433253EEEEdRT_RKNS0_10param_typeE
FNF:17
FNH:17
DA:137,161980000
DA:139,161980000
DA:141,161980000
DA:142,161980000
DA:137,162240000
DA:139,162240000
DA:142,162240000
DA:148,161980000
DA:155,161980000
DA:156,161980000
DA:148,162240000
DA:155,162240000
DA:156,162240000
DA:171,260000
DA:172,260000
DA:188,260000
DA:192,260000
DA:530,260000
DA:531,260000
DA:555,520000
DA:556,520000
DA:1616,260000
DA:1622,260000
DA:1623,260000
DA:1645,260000
DA:1646,260000
DA:1757,260000
DA:1758,260000
DA:1761,260000
DA:1764,520000
DA:1765,520000
DA:1768,260000
DA:1769,260000
DA:1799,260000
DA:1800,260000
DA:1801,260000
DA:1858,260000
DA:1859,260000
DA:1863,260000
DA:1867,260000
DA:1868,260000
LF:41
LH:41
end_of_record
SF:/Users/qylenett/Desktop/navigator/SimpleNavigator-v1.0/src/tests/deikstra_tests.cc
FN:4,_ZN3s2142GraphAlgorithmsTest_ShortestPathCase1_TestC1Ev
FNDA:1,_ZN3s2142GraphAlgorithmsTest_ShortestPathCase1_TestC1Ev
FN:4,_ZN3s2142GraphAlgorithmsTest_ShortestPathCase1_Test8TestBodyEv
FNDA:1,_ZN3s2142GraphAlgorithmsTest_ShortestPathCase1_Test8TestBodyEv
FN:4,_ZN3s2142GraphAlgorithmsTest_ShortestPathCase1_TestD1Ev
FNDA:1,_ZN3s2142GraphAlgorithmsTest_ShortestPathCase1_TestD1Ev
FN:4,_ZN3s2142GraphAlgorithmsTest_ShortestPathCase1_TestD0Ev
FNDA:1,_ZN3s2142GraphAlgorithmsTest_ShortestPathCase1_TestD0Ev
FN:14,_ZN3s2142GraphAlgorithmsTest_ShortestPathCase2_TestC1Ev
FNDA:1,_ZN3s2142GraphAlgorithmsTest_ShortestPathCase2_TestC1Ev
FN:14,_ZN3s2142GraphAlgorithmsTest_ShortestPathCase2_Test8TestBodyEv
FNDA:1,_ZN3s2142GraphAlgorithmsTest_ShortestPathCase2_Test8TestBodyEv
FN:14,_ZN3s2142GraphAlgorithmsTest_ShortestPathCase2_TestD1Ev
FNDA:1,_ZN3s2142GraphAlgorithmsTest_ShortestPathCase2_TestD1Ev
FN:14,_ZN3s2142GraphAlgorithmsTest_ShortestPathCase2_TestD0Ev
FNDA:1,_ZN3s2142GraphAlgorithmsTest_ShortestPathCase2_TestD0Ev
FN:24,_ZN3s2142GraphAlgorithmsTest_ShortestPathCase3_TestC1Ev
FNDA:1,_ZN3s2142GraphAlgorithmsTest_ShortestPathCase3_TestC1Ev
FN:24,_ZN3s2142GraphAlgorithmsTest_ShortestPathCase3_Test8TestBodyEv
FNDA:1,_ZN3s2142GraphAlgorithmsTest_ShortestPathCase3_Test8TestBodyEv
FN:24,_ZN3s2142GraphAlgorithmsTest_ShortestPathCase3_TestD1Ev
FNDA:1,_ZN3s2142GraphAlgorithmsTest_ShortestPathCase3_TestD1Ev
FN:24,_ZN3s2142GraphAlgorithmsTest_ShortestPathCase3_TestD0Ev
FNDA:1,_ZN3s2142GraphAlgorithmsTest_ShortestPathCase3_TestD0Ev
FN:34,_ZN3s2142GraphAlgorithmsTest_ShortestPathCase4_TestC1Ev
FNDA:1,_ZN3s2142GraphAlgorithmsTest_ShortestPathCase4_TestC1Ev
FN:34,_ZN3s2142GraphAlgorithmsTest_ShortestPathCase4_Test8TestBodyEv
FNDA:1,_ZN3s2142GraphAlgorithmsTest_ShortestPathCase4_Test8TestBodyEv
FN:34,_ZN3s2142GraphAlgorithmsTest_ShortestPathCase4_TestD1Ev
FNDA:1,_ZN3s2142GraphAlgorithmsTest_ShortestPathCase4_TestD1Ev
FN:34,_ZN3s2142GraphAlgorithmsTest_ShortestPathCase4_TestD0Ev
FNDA:1,_ZN3s2142GraphAlgorithmsTest_ShortestPathCase4_TestD0Ev
FN:44,_ZN3s2140GraphAlgorithmsTest_InvalidVertices_TestD1Ev
FNDA:1,_ZN3s2140GraphAlgorithmsTest_InvalidVertices_TestD1Ev
FN:44,_ZN3s2140GraphAlgorithmsTest_InvalidVertices_TestD0Ev
FNDA:1,_ZN3s2140GraphAlgorithmsTest_InvalidVertices_TestD0Ev
FN:44,_ZN3s2140GraphAlgorithmsTest_InvalidVertices_Test8TestBodyEv
FNDA:1,_ZN3s2140GraphAlgorithmsTest_InvalidVertices_Test8TestBodyEv
FN:44,_ZN3s2140GraphAlgorithmsTest_InvalidVertices_TestC1Ev
FNDA:1,_ZN3s2140GraphAlgorithmsTest_InvalidVertices_TestC1Ev
FN:54,_ZN3s2141GraphAlgorithmsTest_InvalidVertices1_TestC1Ev
FNDA:1,_ZN3s2141GraphAlgorithmsTest_InvalidVertices1_TestC1Ev
FN:54,_ZN3s2141GraphAlgorithmsTest_InvalidVertices1_TestD0Ev
FNDA:1,_ZN3s2141GraphAlgorithmsTest_InvalidVertices1_TestD0Ev
FN:54,_ZN3s2141GraphAlgorithmsTest_InvalidVertices1_TestD1Ev
FNDA:1,_ZN3s2141GraphAlgorithmsTest_InvalidVertices1_TestD1Ev
FN:54,_ZN3s2141GraphAlgorithmsTest_InvalidVertices1_Test8TestBodyEv
FNDA:1,_ZN3s2141GraphAlgorithmsTest_InvalidVertices1_Test8TestBodyEv
FN:64,_ZN3s2142GraphAlgorithmsTest_ShortestPathCase5_TestC1Ev
FNDA:1,_ZN3s2142GraphAlgorithmsTest_ShortestPathCase5_TestC1Ev
FN:64,_ZN3s2142GraphAlgorithmsTest_ShortestPathCase5_Test8TestBodyEv
FNDA:1,_ZN3s2142GraphAlgorithmsTest_ShortestPathCase5_Test8TestBodyEv
FN:64,_ZN3s2142GraphAlgorithmsTest_ShortestPathCase5_TestD0Ev
FNDA:1,_ZN3s2142GraphAlgorithmsTest_ShortestPathCase5_TestD0Ev
FN:64,_ZN3s2142GraphAlgorithmsTest_ShortestPathCase5_TestD1Ev
FNDA:1,_ZN3s2142GraphAlgorithmsTest_ShortestPathCase5_TestD1Ev
FN:74,_ZN3s2142GraphAlgorithmsTest_ShortestPathCase6_TestD0Ev
FNDA:1,_ZN3s2142GraphAlgorithmsTest_ShortestPathCase6_TestD0Ev
FN:74,_ZN3s2142GraphAlgorithmsTest_ShortestPathCase6_Test8TestBodyEv
FNDA:1,_ZN3s2142GraphAlgorithmsTest_ShortestPathCase6_Test8TestBodyEv
FN:74,_ZN3s2142GraphAlgorithmsTest_ShortestPathCase6_TestD1Ev
FNDA:1,_ZN3s2142GraphAlgorithmsTest_ShortestPathCase6_TestD1Ev
FN:74,_ZN3s2142GraphAlgorithmsTest_ShortestPathCase6_TestC1Ev
FNDA:1,_ZN3s2142GraphAlgorithmsTest_ShortestPathCase6_TestC1Ev
FN:84,_ZN3s2142GraphAlgorithmsTest_ShortestPathCase7_TestD0Ev
FNDA:1,_ZN3s2142GraphAlgorithmsTest_ShortestPathCase7_TestD0Ev
FN:84,_ZN3s2142GraphAlgorithmsTest_ShortestPathCase7_TestD1Ev
FNDA:1,_ZN3s2142GraphAlgorithmsTest_ShortestPathCase7_TestD1Ev
FN:84,_ZN3s2142GraphAlgorithmsTest_ShortestPathCase7_TestC1Ev
FNDA:1,_ZN3s2142GraphAlgorithmsTest_ShortestPathCase7_TestC1Ev
FN:84,_ZN3s2142GraphAlgorithmsTest_ShortestPathCase7_Test8TestBodyEv
FNDA:1,_ZN3s2142GraphAlgorithmsTest_ShortestPathCase7_Test8TestBodyEv
FN:94,_ZN3s2142GraphAlgorithmsTest_ShortestPathCase8_TestD0Ev
FNDA:1,_ZN3s2142GraphAlgorithmsTest_ShortestPathCase8_TestD0Ev
FN:94,_ZN3s2142GraphAlgorithmsTest_ShortestPathCase8_Test8TestBodyEv
FNDA:1,_ZN3s2142GraphAlgorithmsTest_ShortestPathCase8_Test8TestBodyEv
FN:94,_ZN3s2142GraphAlgorithmsTest_ShortestPathCase8_TestC1Ev
FNDA:1,_ZN3s2142GraphAlgorithmsTest_ShortestPathCase8_TestC1Ev
FN:94,_ZN3s2142GraphAlgorithmsTest_ShortestPathCase8_TestD1Ev
FNDA:1,_ZN3s2142GraphAlgorithmsTest_ShortestPathCase8_TestD1Ev
FN:104,_ZN3s2142GraphAlgorithmsTest_ShortestPathCase9_TestC1Ev
FNDA:1,_ZN3s2142GraphAlgorithmsTest_ShortestPathCase9_TestC1Ev
FN:104,_ZN3s2142GraphAlgorithmsTest_ShortestPathCase9_TestD0Ev
FNDA:1,_ZN3s2142GraphAlgorithmsTest_ShortestPathCase9_TestD0Ev
FN:104,_ZN3s2142GraphAlgorithmsTest_ShortestPathCase9_TestD1Ev
FNDA:1,_ZN3s2142GraphAlgorithmsTest_ShortestPathCase9_TestD1Ev
FN:104,_ZN3s2142GraphAlgorithmsTest_ShortestPathCase9_Test8TestBodyEv
FNDA:1,_ZN3s2142GraphAlgorithmsTest_ShortestPathCase9_Test8TestBodyEv
FN:114,_ZN3s2143GraphAlgorithmsTest_ShortestPathCase10_TestD0Ev
FNDA:1,_ZN3s2143GraphAlgorithmsTest_ShortestPathCase10_TestD0Ev
FN:114,_ZN3s2143GraphAlgorithmsTest_ShortestPathCase10_TestC1Ev
FNDA:1,_ZN3s2143GraphAlgorithmsTest_ShortestPathCase10_TestC1Ev
FN:114,_ZN3s2143GraphAlgorithmsTest_ShortestPathCase10_TestD1Ev
FNDA:1,_ZN3s2143GraphAlgorithmsTest_ShortestPathCase10_TestD1Ev
FN:114,_ZN3s2143GraphAlgorithmsTest_ShortestPathCase10_Test8TestBodyEv
FNDA:1,_ZN3s2143GraphAlgorithmsTest_ShortestPathCase10_Test8TestBodyEv
FN:124,_ZN3s2141GraphAlgorithmsTest_InvalidVertices3_TestD0Ev
FNDA:1,_ZN3s2141GraphAlgorithmsTest_InvalidVertices3_TestD0Ev
FN:124,_ZN3s2141GraphAlgorithmsTest_InvalidVertices3_Test8TestBodyEv
FNDA:1,_ZN3s2141GraphAlgorithmsTest_InvalidVertices3_Test8TestBodyEv
FN:124,_ZN3s2141GraphAlgorithmsTest_InvalidVertices3_TestC1Ev
FNDA:1,_ZN3s2141GraphAlgorithmsTest_InvalidVertices3_TestC1Ev
FN:124,_ZN3s2141GraphAlgorithmsTest_InvalidVertices3_TestD1Ev
FNDA:1,_ZN3s2141GraphAlgorithmsTest_InvalidVertices3_TestD1Ev
FN:134,_ZN3s2137GraphAlgorithmsTest_VeryBigGraph_Test8TestBodyEv
FNDA:1,_ZN3s2137GraphAlgorithmsTest_VeryBigGraph_Test8TestBodyEv
FN:134,_ZN3s2137GraphAlgorithmsTest_VeryBigGraph_TestC1Ev
FNDA:1,_ZN3s2137GraphAlgorithmsTest_VeryBigGraph_TestC1Ev
FN:134,_ZN3s2137GraphAlgorithmsTest_VeryBigGraph_TestD1Ev
FNDA:1,_ZN3s2137GraphAlgorithmsTest_VeryBigGraph_TestD1Ev
FN:134,_ZN3s2137GraphAlgorithmsTest_VeryBigGraph_TestD0Ev
FNDA:1,_ZN3s2137GraphAlgorithmsTest_VeryBigGraph_TestD0Ev
FNF:56
FNH:56
DA:4,1
DA:4,1
DA:4,1
DA:4,1
DA:5,2
DA:6,1
DA:7,2
DA:8,1
DA:10,1
DA:11,1
DA:12,1
DA:14,1
DA:14,1
DA:14,1
DA:14,1
DA:15,2
DA:16,1
DA:17,2
DA:18,1
DA:20,1
DA:21,1
DA:22,1
DA:24,1
DA:24,1
DA:24,1
DA:24,1
DA:25,2
DA:26,1
DA:27,2
DA:28,1
DA:30,1
DA:31,1
DA:32,1
DA:34,1
DA:34,1
DA:34,1
DA:34,1
DA:35,2
DA:36,1
DA:37,2
DA:38,1
DA:40,1
DA:41,1
DA:42,1
DA:44,1
DA:44,1
DA:44,1
DA:44,1
DA:45,2
DA:46,1
DA:47,2
DA:48,1
DA:50,1
DA:52,1
DA:54,1
DA:54,1
DA:54,1
DA:54,1
DA:55,2
DA:56,1
DA:57,2
DA:58,1
DA:60,1
DA:62,1
DA:64,1
DA:64,1
DA:64,1
DA:64,1
DA:65,2
DA:66,1
DA:67,2
DA:68,1
DA:70,1
DA:71,1
DA:72,1
DA:74,1
DA:74,1
DA:74,1
DA:74,1
DA:75,2
DA:76,1
DA:77,2
DA:78,1
DA:80,1
DA:81,1
DA:82,1
DA:84,1
DA:84,1
DA:84,1
DA:84,1
DA:85,2
DA:86,1
DA:87,2
DA:88,1
DA:90,1
DA:91,1
DA:92,1
DA:94,1
DA:94,1
DA:94,1
DA:94,1
DA:95,2
DA:96,1
DA:97,2
DA:98,1
DA:100,1
DA:101,1
DA:102,1
DA:104,1
DA:104,1
DA:104,1
DA:104,1
DA:105,2
DA:106,1
DA:107,2
DA:108,1
DA:110,1
DA:111,1
DA:112,1
DA:114,1
DA:114,1
DA:114,1
DA:114,1
DA:115,2
DA:116,1
DA:117,2
DA:118,1
DA:120,1
DA:122,1
DA:124,1
DA:124,1
DA:124,1
DA:124,1
DA:125,2
DA:126,1
DA:127,2
DA:128,1
DA:130,1
DA:132,1
DA:134,1
DA:134,1
DA:134,1
DA:134,1
DA:135,2
DA:137,1
DA:138,2
DA:139,1
DA:141,1
DA:143,1
DA:145,1
DA:146,1
DA:147,1
DA:149,1
DA:150,1
DA:151,1
DA:153,1
DA:154,1
DA:155,1
DA:157,1
DA:158,1
DA:159,1
DA:160,1
LF:162
LH:162
end_of_record
